[2018-12-07 09:55:14 ] [org.springframework.boot.StartupInfoLogger] [main] [50] [INFO ] Starting ApkaApplication on lukasz-CX61-2PF with PID 8194 (started by lukasz in /home/lukasz/Documents/workspace-sts-3.9.5.RELEASEE/Apkaaa___Lekcja_16_Logi aplikacji)
[2018-12-07 09:55:14 ] [org.springframework.boot.StartupInfoLogger] [main] [53] [DEBUG] Running with Spring Boot v2.1.0.RELEASE, Spring v5.1.2.RELEASE
[2018-12-07 09:55:14 ] [org.springframework.boot.SpringApplication] [main] [675] [INFO ] No active profile set, falling back to default profiles: default
[2018-12-07 09:55:17 ] [org.springframework.data.repository.config.RepositoryConfigurationDelegate] [main] [126] [INFO ] Bootstrapping Spring Data repositories in DEFAULT mode.
[2018-12-07 09:55:17 ] [org.springframework.data.repository.config.RepositoryConfigurationDelegate] [main] [182] [INFO ] Finished Spring Data repository scanning in 104ms. Found 3 repository interfaces.
[2018-12-07 09:55:18 ] [org.springframework.context.support.PostProcessorRegistrationDelegate$BeanPostProcessorChecker] [main] [330] [INFO ] Bean 'org.springframework.transaction.annotation.ProxyTransactionManagementConfiguration' of type [org.springframework.transaction.annotation.ProxyTransactionManagementConfiguration$$EnhancerBySpringCGLIB$$d1c871e4] is not eligible for getting processed by all BeanPostProcessors (for example: not eligible for auto-proxying)
[2018-12-07 09:55:18 ] [org.springframework.context.support.PostProcessorRegistrationDelegate$BeanPostProcessorChecker] [main] [330] [INFO ] Bean 'org.springframework.security.config.annotation.configuration.ObjectPostProcessorConfiguration' of type [org.springframework.security.config.annotation.configuration.ObjectPostProcessorConfiguration$$EnhancerBySpringCGLIB$$6a763a1e] is not eligible for getting processed by all BeanPostProcessors (for example: not eligible for auto-proxying)
[2018-12-07 09:55:18 ] [org.springframework.context.support.PostProcessorRegistrationDelegate$BeanPostProcessorChecker] [main] [330] [INFO ] Bean 'objectPostProcessor' of type [org.springframework.security.config.annotation.configuration.AutowireBeanFactoryObjectPostProcessor] is not eligible for getting processed by all BeanPostProcessors (for example: not eligible for auto-proxying)
[2018-12-07 09:55:18 ] [org.springframework.context.support.PostProcessorRegistrationDelegate$BeanPostProcessorChecker] [main] [330] [INFO ] Bean 'org.springframework.security.access.expression.method.DefaultMethodSecurityExpressionHandler@6411d3c8' of type [org.springframework.security.access.expression.method.DefaultMethodSecurityExpressionHandler] is not eligible for getting processed by all BeanPostProcessors (for example: not eligible for auto-proxying)
[2018-12-07 09:55:18 ] [org.springframework.context.support.PostProcessorRegistrationDelegate$BeanPostProcessorChecker] [main] [330] [INFO ] Bean 'org.springframework.security.config.annotation.method.configuration.GlobalMethodSecurityConfiguration' of type [org.springframework.security.config.annotation.method.configuration.GlobalMethodSecurityConfiguration$$EnhancerBySpringCGLIB$$8f4adcd0] is not eligible for getting processed by all BeanPostProcessors (for example: not eligible for auto-proxying)
[2018-12-07 09:55:18 ] [org.springframework.context.support.PostProcessorRegistrationDelegate$BeanPostProcessorChecker] [main] [330] [INFO ] Bean 'methodSecurityMetadataSource' of type [org.springframework.security.access.method.DelegatingMethodSecurityMetadataSource] is not eligible for getting processed by all BeanPostProcessors (for example: not eligible for auto-proxying)
[2018-12-07 09:55:18 ] [org.springframework.context.support.PostProcessorRegistrationDelegate$BeanPostProcessorChecker] [main] [330] [INFO ] Bean 'org.springframework.hateoas.config.HateoasConfiguration' of type [org.springframework.hateoas.config.HateoasConfiguration$$EnhancerBySpringCGLIB$$5148bf16] is not eligible for getting processed by all BeanPostProcessors (for example: not eligible for auto-proxying)
[2018-12-07 09:55:19 ] [org.springframework.boot.web.embedded.tomcat.TomcatWebServer] [main] [90] [INFO ] Tomcat initialized with port(s): 8080 (http)
[2018-12-07 09:55:19 ] [org.apache.juli.logging.DirectJDKLog] [main] [173] [INFO ] Initializing ProtocolHandler ["http-nio-8080"]
[2018-12-07 09:55:19 ] [org.apache.juli.logging.DirectJDKLog] [main] [173] [INFO ] Starting service [Tomcat]
[2018-12-07 09:55:19 ] [org.apache.juli.logging.DirectJDKLog] [main] [173] [INFO ] Starting Servlet Engine: Apache Tomcat/9.0.12
[2018-12-07 09:55:19 ] [org.apache.juli.logging.DirectJDKLog] [main] [173] [INFO ] The APR based Apache Tomcat Native library which allows optimal performance in production environments was not found on the java.library.path: [/usr/java/packages/lib/amd64:/usr/lib64:/lib64:/lib:/usr/lib]
[2018-12-07 09:55:19 ] [org.apache.juli.logging.DirectJDKLog] [main] [173] [INFO ] At least one JAR was scanned for TLDs yet contained no TLDs. Enable debug logging for this logger for a complete list of JARs that were scanned but no TLDs were found in them. Skipping unneeded JARs during scanning can improve startup time and JSP compilation time.
[2018-12-07 09:55:19 ] [org.apache.juli.logging.DirectJDKLog] [main] [173] [INFO ] Initializing Spring embedded WebApplicationContext
[2018-12-07 09:55:19 ] [org.springframework.boot.web.servlet.context.ServletWebServerApplicationContext] [main] [277] [DEBUG] Published root WebApplicationContext as ServletContext attribute with name [org.springframework.web.context.WebApplicationContext.ROOT]
[2018-12-07 09:55:19 ] [org.springframework.boot.web.servlet.context.ServletWebServerApplicationContext] [main] [285] [INFO ] Root WebApplicationContext: initialization completed in 5279 ms
[2018-12-07 09:55:19 ] [org.springframework.boot.web.servlet.AbstractFilterRegistrationBean] [main] [248] [INFO ] Mapping filter: 'characterEncodingFilter' to: [/*]
[2018-12-07 09:55:20 ] [org.springframework.boot.web.servlet.AbstractFilterRegistrationBean] [main] [248] [INFO ] Mapping filter: 'hiddenHttpMethodFilter' to: [/*]
[2018-12-07 09:55:20 ] [org.springframework.boot.web.servlet.AbstractFilterRegistrationBean] [main] [248] [INFO ] Mapping filter: 'formContentFilter' to: [/*]
[2018-12-07 09:55:20 ] [org.springframework.boot.web.servlet.AbstractFilterRegistrationBean] [main] [248] [INFO ] Mapping filter: 'requestContextFilter' to: [/*]
[2018-12-07 09:55:20 ] [org.springframework.boot.web.servlet.AbstractFilterRegistrationBean] [main] [248] [INFO ] Mapping filter: 'springSecurityFilterChain' to: [/*]
[2018-12-07 09:55:20 ] [org.springframework.boot.web.servlet.ServletRegistrationBean] [main] [186] [INFO ] Servlet dispatcherServlet mapped to [/]
[2018-12-07 09:55:20 ] [com.zaxxer.hikari.HikariDataSource] [main] [110] [INFO ] HikariPool-1 - Starting...
[2018-12-07 09:55:21 ] [com.zaxxer.hikari.HikariDataSource] [main] [123] [INFO ] HikariPool-1 - Start completed.
[2018-12-07 09:55:23 ] [org.springframework.orm.jpa.AbstractEntityManagerFactoryBean] [main] [415] [INFO ] Initialized JPA EntityManagerFactory for persistence unit 'default'
[2018-12-07 09:55:25 ] [org.springframework.security.web.DefaultSecurityFilterChain] [main] [43] [INFO ] Creating filter chain: Ant [pattern='/resources/**'], []
[2018-12-07 09:55:25 ] [org.springframework.security.web.DefaultSecurityFilterChain] [main] [43] [INFO ] Creating filter chain: Ant [pattern='/statics/**'], []
[2018-12-07 09:55:25 ] [org.springframework.security.web.DefaultSecurityFilterChain] [main] [43] [INFO ] Creating filter chain: Ant [pattern='/css/**'], []
[2018-12-07 09:55:25 ] [org.springframework.security.web.DefaultSecurityFilterChain] [main] [43] [INFO ] Creating filter chain: Ant [pattern='/js/**'], []
[2018-12-07 09:55:25 ] [org.springframework.security.web.DefaultSecurityFilterChain] [main] [43] [INFO ] Creating filter chain: Ant [pattern='/images/**'], []
[2018-12-07 09:55:25 ] [org.springframework.security.web.DefaultSecurityFilterChain] [main] [43] [INFO ] Creating filter chain: Ant [pattern='/incl/**'], []
[2018-12-07 09:55:25 ] [org.springframework.security.web.DefaultSecurityFilterChain] [main] [43] [INFO ] Creating filter chain: any request, [org.springframework.security.web.context.request.async.WebAsyncManagerIntegrationFilter@c754401, org.springframework.security.web.context.SecurityContextPersistenceFilter@9bf63d2, org.springframework.security.web.header.HeaderWriterFilter@302da330, org.springframework.security.web.authentication.logout.LogoutFilter@38667005, org.springframework.security.web.authentication.UsernamePasswordAuthenticationFilter@73da7f08, org.springframework.security.web.savedrequest.RequestCacheAwareFilter@7f53fc38, org.springframework.security.web.servletapi.SecurityContextHolderAwareRequestFilter@18811c42, org.springframework.security.web.authentication.AnonymousAuthenticationFilter@1da53f4f, org.springframework.security.web.session.SessionManagementFilter@9f2376f, org.springframework.security.web.access.ExceptionTranslationFilter@102af1bb, org.springframework.security.web.access.intercept.FilterSecurityInterceptor@3ce7490a]
[2018-12-07 09:55:25 ] [org.springframework.web.servlet.handler.SimpleUrlHandlerMapping] [main] [139] [DEBUG] Patterns [/**/favicon.ico] in 'faviconHandlerMapping'
[2018-12-07 09:55:25 ] [org.springframework.scheduling.concurrent.ExecutorConfigurationSupport] [main] [171] [INFO ] Initializing ExecutorService 'applicationTaskExecutor'
[2018-12-07 09:55:26 ] [org.springframework.web.servlet.mvc.method.annotation.RequestMappingHandlerAdapter] [main] [622] [DEBUG] ControllerAdvice beans: 0 @ModelAttribute, 0 @InitBinder, 1 RequestBodyAdvice, 1, ResponseBodyAdvice
[2018-12-07 09:55:26 ] [org.springframework.boot.autoconfigure.orm.jpa.JpaBaseConfiguration$JpaWebConfiguration$JpaWebMvcConfiguration] [main] [234] [WARN ] spring.jpa.open-in-view is enabled by default. Therefore, database queries may be performed during view rendering. Explicitly configure spring.jpa.open-in-view to disable this warning
[2018-12-07 09:55:26 ] [org.springframework.web.servlet.handler.AbstractHandlerMethodMapping] [main] [332] [DEBUG] 16 mappings in 'requestMappingHandlerMapping'
[2018-12-07 09:55:26 ] [org.springframework.web.servlet.handler.SimpleUrlHandlerMapping] [main] [139] [DEBUG] Patterns [/webjars/**, /resources/** ] in 'resourceHandlerMapping'
[2018-12-07 09:55:26 ] [org.springframework.web.servlet.mvc.method.annotation.ExceptionHandlerExceptionResolver] [main] [302] [DEBUG] ControllerAdvice beans: 1 @ExceptionHandler, 1 ResponseBodyAdvice
[2018-12-07 09:55:26 ] [org.springframework.boot.autoconfigure.web.servlet.WelcomePageHandlerMapping] [main] [61] [INFO ] Adding welcome page template: index
[2018-12-07 09:55:26 ] [org.springframework.boot.autoconfigure.security.servlet.UserDetailsServiceAutoConfiguration] [main] [86] [INFO ] 

Using generated security password: e37a3380-6e05-40f5-b3fc-6619e613649e

[2018-12-07 09:55:26 ] [org.apache.juli.logging.DirectJDKLog] [main] [173] [INFO ] Starting ProtocolHandler ["http-nio-8080"]
[2018-12-07 09:55:26 ] [org.apache.juli.logging.DirectJDKLog] [main] [173] [INFO ] Using a shared selector for servlet write/read
[2018-12-07 09:55:26 ] [org.springframework.boot.web.embedded.tomcat.TomcatWebServer] [main] [204] [INFO ] Tomcat started on port(s): 8080 (http) with context path ''
[2018-12-07 09:55:26 ] [org.springframework.boot.StartupInfoLogger] [main] [59] [INFO ] Started ApkaApplication in 13.361 seconds (JVM running for 15.313)
[2018-12-07 10:00:52 ] [org.apache.juli.logging.DirectJDKLog] [http-nio-8080-exec-2] [173] [INFO ] Initializing Spring DispatcherServlet 'dispatcherServlet'
[2018-12-07 10:00:52 ] [org.springframework.web.servlet.FrameworkServlet] [http-nio-8080-exec-2] [521] [INFO ] Initializing Servlet 'dispatcherServlet'
[2018-12-07 10:00:52 ] [org.springframework.web.servlet.DispatcherServlet] [http-nio-8080-exec-2] [525] [DEBUG] Detected StandardServletMultipartResolver
[2018-12-07 10:00:52 ] [org.springframework.web.servlet.FrameworkServlet] [http-nio-8080-exec-2] [538] [DEBUG] enableLoggingRequestDetails='false': request parameters and headers will be masked to prevent unsafe logging of potentially sensitive data
[2018-12-07 10:00:52 ] [org.springframework.web.servlet.FrameworkServlet] [http-nio-8080-exec-2] [543] [INFO ] Completed initialization in 83 ms
[2018-12-07 10:00:52 ] [org.springframework.core.log.LogFormatUtils] [http-nio-8080-exec-2] [90] [DEBUG] GET "/", parameters={}
[2018-12-07 10:00:52 ] [org.springframework.web.servlet.view.ContentNegotiatingViewResolver] [http-nio-8080-exec-2] [347] [DEBUG] Selected 'text/html' given [text/html, application/xhtml+xml, application/xml;q=0.9, */*;q=0.8]
[2018-12-07 10:00:52 ] [org.springframework.web.servlet.view.AbstractView] [http-nio-8080-exec-2] [309] [DEBUG] View name 'index', model {}
[2018-12-07 10:00:52 ] [org.springframework.web.servlet.view.InternalResourceView] [http-nio-8080-exec-2] [168] [DEBUG] Forwarding to [/WEB-INF/jsp/index.jsp]
[2018-12-07 10:00:53 ] [org.springframework.web.servlet.FrameworkServlet] [http-nio-8080-exec-2] [1123] [DEBUG] Completed 200 OK
[2018-12-07 10:00:54 ] [org.springframework.core.log.LogFormatUtils] [http-nio-8080-exec-3] [90] [DEBUG] GET "/resources/css/style.css", parameters={}
[2018-12-07 10:00:54 ] [org.springframework.web.servlet.DispatcherServlet] [http-nio-8080-exec-3] [1248] [WARN ] No mapping for GET /resources/css/style.css
[2018-12-07 10:00:54 ] [org.springframework.web.servlet.FrameworkServlet] [http-nio-8080-exec-3] [1123] [DEBUG] Completed 404 NOT_FOUND
[2018-12-07 10:00:54 ] [org.springframework.core.log.LogFormatUtils] [http-nio-8080-exec-4] [90] [DEBUG] GET "/login", parameters={}
[2018-12-07 10:00:54 ] [org.springframework.web.servlet.handler.AbstractHandlerMapping] [http-nio-8080-exec-4] [420] [DEBUG] Mapped to public java.lang.String lukasz.Apka.mainControllerr.LoginPageController.showLoginPage()
[2018-12-07 10:00:54 ] [org.springframework.web.servlet.view.ContentNegotiatingViewResolver] [http-nio-8080-exec-4] [347] [DEBUG] Selected '*/*;q=0.1' given [text/css, */*;q=0.1]
[2018-12-07 10:00:54 ] [org.springframework.web.servlet.view.AbstractView] [http-nio-8080-exec-4] [309] [DEBUG] View name 'login', model {}
[2018-12-07 10:00:54 ] [org.springframework.web.servlet.view.InternalResourceView] [http-nio-8080-exec-4] [168] [DEBUG] Forwarding to [/WEB-INF/jsp/login.jsp]
[2018-12-07 10:00:54 ] [org.springframework.web.servlet.FrameworkServlet] [http-nio-8080-exec-4] [1123] [DEBUG] Completed 200 OK
[2018-12-07 10:00:54 ] [org.springframework.core.log.LogFormatUtils] [http-nio-8080-exec-6] [90] [DEBUG] GET "/login", parameters={}
[2018-12-07 10:00:54 ] [org.springframework.web.servlet.handler.AbstractHandlerMapping] [http-nio-8080-exec-6] [420] [DEBUG] Mapped to public java.lang.String lukasz.Apka.mainControllerr.LoginPageController.showLoginPage()
[2018-12-07 10:00:54 ] [org.springframework.web.servlet.view.ContentNegotiatingViewResolver] [http-nio-8080-exec-6] [347] [DEBUG] Selected 'text/html' given [text/html, application/xhtml+xml, application/xml;q=0.9, */*;q=0.8]
[2018-12-07 10:00:54 ] [org.springframework.web.servlet.view.AbstractView] [http-nio-8080-exec-6] [309] [DEBUG] View name 'login', model {}
[2018-12-07 10:00:54 ] [org.springframework.web.servlet.view.InternalResourceView] [http-nio-8080-exec-6] [168] [DEBUG] Forwarding to [/WEB-INF/jsp/login.jsp]
[2018-12-07 10:00:54 ] [org.springframework.web.servlet.FrameworkServlet] [http-nio-8080-exec-6] [1123] [DEBUG] Completed 200 OK
[2018-12-07 10:00:56 ] [org.springframework.core.log.LogFormatUtils] [http-nio-8080-exec-7] [90] [DEBUG] GET "/login", parameters={}
[2018-12-07 10:00:56 ] [org.springframework.web.servlet.handler.AbstractHandlerMapping] [http-nio-8080-exec-7] [420] [DEBUG] Mapped to public java.lang.String lukasz.Apka.mainControllerr.LoginPageController.showLoginPage()
[2018-12-07 10:00:56 ] [org.springframework.web.servlet.view.ContentNegotiatingViewResolver] [http-nio-8080-exec-7] [347] [DEBUG] Selected 'text/html' given [text/html, application/xhtml+xml, application/xml;q=0.9, */*;q=0.8]
[2018-12-07 10:00:56 ] [org.springframework.web.servlet.view.AbstractView] [http-nio-8080-exec-7] [309] [DEBUG] View name 'login', model {}
[2018-12-07 10:00:56 ] [org.springframework.web.servlet.view.InternalResourceView] [http-nio-8080-exec-7] [168] [DEBUG] Forwarding to [/WEB-INF/jsp/login.jsp]
[2018-12-07 10:00:56 ] [org.springframework.web.servlet.FrameworkServlet] [http-nio-8080-exec-7] [1123] [DEBUG] Completed 200 OK
[2018-12-07 10:00:56 ] [org.springframework.core.log.LogFormatUtils] [http-nio-8080-exec-8] [90] [DEBUG] GET "/resources/css/style.css", parameters={}
[2018-12-07 10:00:56 ] [org.springframework.web.servlet.DispatcherServlet] [http-nio-8080-exec-8] [1248] [WARN ] No mapping for GET /resources/css/style.css
[2018-12-07 10:00:56 ] [org.springframework.web.servlet.FrameworkServlet] [http-nio-8080-exec-8] [1123] [DEBUG] Completed 404 NOT_FOUND
[2018-12-07 10:00:56 ] [org.springframework.core.log.LogFormatUtils] [http-nio-8080-exec-9] [90] [DEBUG] GET "/login", parameters={}
[2018-12-07 10:00:56 ] [org.springframework.web.servlet.handler.AbstractHandlerMapping] [http-nio-8080-exec-9] [420] [DEBUG] Mapped to public java.lang.String lukasz.Apka.mainControllerr.LoginPageController.showLoginPage()
[2018-12-07 10:00:56 ] [org.springframework.web.servlet.view.ContentNegotiatingViewResolver] [http-nio-8080-exec-9] [347] [DEBUG] Selected '*/*;q=0.1' given [text/css, */*;q=0.1]
[2018-12-07 10:00:56 ] [org.springframework.web.servlet.view.AbstractView] [http-nio-8080-exec-9] [309] [DEBUG] View name 'login', model {}
[2018-12-07 10:00:56 ] [org.springframework.web.servlet.view.InternalResourceView] [http-nio-8080-exec-9] [168] [DEBUG] Forwarding to [/WEB-INF/jsp/login.jsp]
[2018-12-07 10:00:56 ] [org.springframework.web.servlet.FrameworkServlet] [http-nio-8080-exec-9] [1123] [DEBUG] Completed 200 OK
[2018-12-07 10:00:57 ] [org.springframework.core.log.LogFormatUtils] [http-nio-8080-exec-1] [90] [DEBUG] GET "/login", parameters={}
[2018-12-07 10:00:57 ] [org.springframework.web.servlet.handler.AbstractHandlerMapping] [http-nio-8080-exec-1] [420] [DEBUG] Mapped to public java.lang.String lukasz.Apka.mainControllerr.LoginPageController.showLoginPage()
[2018-12-07 10:00:57 ] [org.springframework.web.servlet.view.ContentNegotiatingViewResolver] [http-nio-8080-exec-1] [347] [DEBUG] Selected 'text/html' given [text/html, application/xhtml+xml, application/xml;q=0.9, */*;q=0.8]
[2018-12-07 10:00:57 ] [org.springframework.web.servlet.view.AbstractView] [http-nio-8080-exec-1] [309] [DEBUG] View name 'login', model {}
[2018-12-07 10:00:57 ] [org.springframework.web.servlet.view.InternalResourceView] [http-nio-8080-exec-1] [168] [DEBUG] Forwarding to [/WEB-INF/jsp/login.jsp]
[2018-12-07 10:00:57 ] [org.springframework.web.servlet.FrameworkServlet] [http-nio-8080-exec-1] [1123] [DEBUG] Completed 200 OK
[2018-12-07 10:01:00 ] [org.springframework.core.log.LogFormatUtils] [http-nio-8080-exec-3] [90] [DEBUG] GET "/error", parameters={}
[2018-12-07 10:01:00 ] [org.springframework.web.servlet.handler.AbstractHandlerMapping] [http-nio-8080-exec-3] [420] [DEBUG] Mapped to public java.lang.String lukasz.Apka.mainControllerr.ErrorPageController.showErrorPage()
[2018-12-07 10:01:00 ] [org.springframework.web.servlet.view.ContentNegotiatingViewResolver] [http-nio-8080-exec-3] [347] [DEBUG] Selected '*/*;q=0.1' given [text/css, */*;q=0.1]
[2018-12-07 10:01:00 ] [org.springframework.web.servlet.view.AbstractView] [http-nio-8080-exec-3] [309] [DEBUG] View name 'error', model {}
[2018-12-07 10:01:00 ] [org.springframework.web.servlet.view.InternalResourceView] [http-nio-8080-exec-3] [168] [DEBUG] Forwarding to [/WEB-INF/jsp/error.jsp]
[2018-12-07 10:01:00 ] [org.springframework.web.servlet.FrameworkServlet] [http-nio-8080-exec-3] [1123] [DEBUG] Completed 200 OK
[2018-12-07 10:01:00 ] [org.springframework.core.log.LogFormatUtils] [http-nio-8080-exec-4] [90] [DEBUG] GET "/resources/css/style.css", parameters={}
[2018-12-07 10:01:00 ] [org.springframework.web.servlet.DispatcherServlet] [http-nio-8080-exec-4] [1248] [WARN ] No mapping for GET /resources/css/style.css
[2018-12-07 10:01:00 ] [org.springframework.web.servlet.FrameworkServlet] [http-nio-8080-exec-4] [1123] [DEBUG] Completed 404 NOT_FOUND
[2018-12-07 10:01:00 ] [org.springframework.core.log.LogFormatUtils] [http-nio-8080-exec-4] [90] [DEBUG] "ERROR" dispatch for GET "/error", parameters={}
[2018-12-07 10:01:00 ] [org.springframework.web.servlet.handler.AbstractHandlerMapping] [http-nio-8080-exec-4] [420] [DEBUG] Mapped to public java.lang.String lukasz.Apka.mainControllerr.ErrorPageController.showErrorPage()
[2018-12-07 10:01:00 ] [org.springframework.web.servlet.view.ContentNegotiatingViewResolver] [http-nio-8080-exec-4] [244] [DEBUG] View remains unresolved given [application/hal+json;q=0.1]
[2018-12-07 10:01:00 ] [org.springframework.web.servlet.view.AbstractView] [http-nio-8080-exec-4] [309] [DEBUG] View name 'error', model {}
[2018-12-07 10:01:00 ] [org.springframework.web.servlet.view.InternalResourceView] [http-nio-8080-exec-4] [168] [DEBUG] Forwarding to [/WEB-INF/jsp/error.jsp]
[2018-12-07 10:01:00 ] [org.springframework.web.servlet.FrameworkServlet] [http-nio-8080-exec-4] [1119] [DEBUG] Exiting from "ERROR" dispatch, status 404
[2018-12-07 10:01:00 ] [org.springframework.core.log.LogFormatUtils] [http-nio-8080-exec-5] [90] [DEBUG] GET "/resources/images/stamperror.jpg", parameters={}
[2018-12-07 10:01:00 ] [org.springframework.web.servlet.DispatcherServlet] [http-nio-8080-exec-5] [1248] [WARN ] No mapping for GET /resources/images/stamperror.jpg
[2018-12-07 10:01:00 ] [org.springframework.web.servlet.FrameworkServlet] [http-nio-8080-exec-5] [1123] [DEBUG] Completed 404 NOT_FOUND
[2018-12-07 10:01:00 ] [org.springframework.core.log.LogFormatUtils] [http-nio-8080-exec-5] [90] [DEBUG] "ERROR" dispatch for GET "/error", parameters={}
[2018-12-07 10:01:00 ] [org.springframework.web.servlet.handler.AbstractHandlerMapping] [http-nio-8080-exec-5] [420] [DEBUG] Mapped to public java.lang.String lukasz.Apka.mainControllerr.ErrorPageController.showErrorPage()
[2018-12-07 10:01:00 ] [org.springframework.web.servlet.view.ContentNegotiatingViewResolver] [http-nio-8080-exec-5] [244] [DEBUG] View remains unresolved given [application/hal+json]
[2018-12-07 10:01:00 ] [org.springframework.web.servlet.view.AbstractView] [http-nio-8080-exec-5] [309] [DEBUG] View name 'error', model {}
[2018-12-07 10:01:00 ] [org.springframework.web.servlet.view.InternalResourceView] [http-nio-8080-exec-5] [168] [DEBUG] Forwarding to [/WEB-INF/jsp/error.jsp]
[2018-12-07 10:01:00 ] [org.springframework.web.servlet.FrameworkServlet] [http-nio-8080-exec-5] [1119] [DEBUG] Exiting from "ERROR" dispatch, status 404
[2018-12-07 10:01:00 ] [org.springframework.core.log.LogFormatUtils] [http-nio-8080-exec-6] [90] [DEBUG] GET "/favicon.ico", parameters={}
[2018-12-07 10:01:00 ] [org.springframework.web.servlet.handler.AbstractHandlerMapping] [http-nio-8080-exec-6] [420] [DEBUG] Mapped to ResourceHttpRequestHandler [class path resource [META-INF/resources/], class path resource [resources/], class path resource [static/], class path resource [public/], ServletContext resource [/], class path resource []]
[2018-12-07 10:01:01 ] [org.springframework.web.servlet.FrameworkServlet] [http-nio-8080-exec-6] [1123] [DEBUG] Completed 200 OK
[2018-12-07 10:01:02 ] [org.springframework.core.log.LogFormatUtils] [http-nio-8080-exec-7] [90] [DEBUG] GET "/admin", parameters={}
[2018-12-07 10:01:02 ] [org.springframework.web.servlet.handler.AbstractHandlerMapping] [http-nio-8080-exec-7] [420] [DEBUG] Mapped to public java.lang.String lukasz.Apka.admin.AdminPageController.openAdminMainPage()
[2018-12-07 10:01:02 ] [org.springframework.web.servlet.view.ContentNegotiatingViewResolver] [http-nio-8080-exec-7] [347] [DEBUG] Selected 'text/html' given [text/html, application/xhtml+xml, application/xml;q=0.9, */*;q=0.8]
[2018-12-07 10:01:02 ] [org.springframework.web.servlet.view.AbstractView] [http-nio-8080-exec-7] [309] [DEBUG] View name 'admin/admin', model {}
[2018-12-07 10:01:02 ] [org.springframework.web.servlet.view.InternalResourceView] [http-nio-8080-exec-7] [168] [DEBUG] Forwarding to [/WEB-INF/jsp/admin/admin.jsp]
[2018-12-07 10:01:02 ] [org.springframework.web.servlet.FrameworkServlet] [http-nio-8080-exec-7] [1123] [DEBUG] Completed 200 OK
[2018-12-07 10:01:02 ] [org.springframework.core.log.LogFormatUtils] [http-nio-8080-exec-8] [90] [DEBUG] GET "/resources/css/style.css", parameters={}
[2018-12-07 10:01:02 ] [org.springframework.web.servlet.DispatcherServlet] [http-nio-8080-exec-8] [1248] [WARN ] No mapping for GET /resources/css/style.css
[2018-12-07 10:01:02 ] [org.springframework.web.servlet.FrameworkServlet] [http-nio-8080-exec-8] [1123] [DEBUG] Completed 404 NOT_FOUND
[2018-12-07 10:01:02 ] [org.springframework.core.log.LogFormatUtils] [http-nio-8080-exec-8] [90] [DEBUG] "ERROR" dispatch for GET "/error", parameters={}
[2018-12-07 10:01:02 ] [org.springframework.web.servlet.handler.AbstractHandlerMapping] [http-nio-8080-exec-8] [420] [DEBUG] Mapped to public java.lang.String lukasz.Apka.mainControllerr.ErrorPageController.showErrorPage()
[2018-12-07 10:01:02 ] [org.springframework.web.servlet.view.ContentNegotiatingViewResolver] [http-nio-8080-exec-8] [244] [DEBUG] View remains unresolved given [application/hal+json;q=0.1]
[2018-12-07 10:01:02 ] [org.springframework.web.servlet.view.AbstractView] [http-nio-8080-exec-8] [309] [DEBUG] View name 'error', model {}
[2018-12-07 10:01:02 ] [org.springframework.web.servlet.view.InternalResourceView] [http-nio-8080-exec-8] [168] [DEBUG] Forwarding to [/WEB-INF/jsp/error.jsp]
[2018-12-07 10:01:02 ] [org.springframework.web.servlet.FrameworkServlet] [http-nio-8080-exec-8] [1119] [DEBUG] Exiting from "ERROR" dispatch, status 404
[2018-12-07 10:01:02 ] [org.springframework.core.log.LogFormatUtils] [http-nio-8080-exec-9] [90] [DEBUG] GET "/favicon.ico", parameters={}
[2018-12-07 10:01:02 ] [org.springframework.web.servlet.handler.AbstractHandlerMapping] [http-nio-8080-exec-9] [420] [DEBUG] Mapped to ResourceHttpRequestHandler [class path resource [META-INF/resources/], class path resource [resources/], class path resource [static/], class path resource [public/], ServletContext resource [/], class path resource []]
[2018-12-07 10:01:02 ] [org.springframework.web.servlet.FrameworkServlet] [http-nio-8080-exec-9] [1123] [DEBUG] Completed 200 OK
[2018-12-07 10:01:04 ] [org.springframework.core.log.LogFormatUtils] [http-nio-8080-exec-10] [90] [DEBUG] GET "/admin/users/importusers", parameters={}
[2018-12-07 10:01:04 ] [org.springframework.web.servlet.handler.AbstractHandlerMapping] [http-nio-8080-exec-10] [420] [DEBUG] Mapped to public java.lang.String lukasz.Apka.admin.AdminPageController.showUploadPageFromXML(org.springframework.ui.Model)
[2018-12-07 10:01:04 ] [org.springframework.web.servlet.view.ContentNegotiatingViewResolver] [http-nio-8080-exec-10] [347] [DEBUG] Selected 'text/html' given [text/html, application/xhtml+xml, application/xml;q=0.9, */*;q=0.8]
[2018-12-07 10:01:04 ] [org.springframework.web.servlet.view.AbstractView] [http-nio-8080-exec-10] [309] [DEBUG] View name 'admin/importusers', model {}
[2018-12-07 10:01:04 ] [org.springframework.web.servlet.view.InternalResourceView] [http-nio-8080-exec-10] [168] [DEBUG] Forwarding to [/WEB-INF/jsp/admin/importusers.jsp]
[2018-12-07 10:01:04 ] [org.springframework.web.servlet.FrameworkServlet] [http-nio-8080-exec-10] [1123] [DEBUG] Completed 200 OK
[2018-12-07 10:01:04 ] [org.springframework.core.log.LogFormatUtils] [http-nio-8080-exec-1] [90] [DEBUG] GET "/resources/css/style.css", parameters={}
[2018-12-07 10:01:04 ] [org.springframework.web.servlet.DispatcherServlet] [http-nio-8080-exec-1] [1248] [WARN ] No mapping for GET /resources/css/style.css
[2018-12-07 10:01:04 ] [org.springframework.web.servlet.FrameworkServlet] [http-nio-8080-exec-1] [1123] [DEBUG] Completed 404 NOT_FOUND
[2018-12-07 10:01:04 ] [org.springframework.core.log.LogFormatUtils] [http-nio-8080-exec-1] [90] [DEBUG] "ERROR" dispatch for GET "/error", parameters={}
[2018-12-07 10:01:04 ] [org.springframework.web.servlet.handler.AbstractHandlerMapping] [http-nio-8080-exec-1] [420] [DEBUG] Mapped to public java.lang.String lukasz.Apka.mainControllerr.ErrorPageController.showErrorPage()
[2018-12-07 10:01:04 ] [org.springframework.web.servlet.view.ContentNegotiatingViewResolver] [http-nio-8080-exec-1] [244] [DEBUG] View remains unresolved given [application/hal+json;q=0.1]
[2018-12-07 10:01:04 ] [org.springframework.web.servlet.view.AbstractView] [http-nio-8080-exec-1] [309] [DEBUG] View name 'error', model {}
[2018-12-07 10:01:04 ] [org.springframework.web.servlet.view.InternalResourceView] [http-nio-8080-exec-1] [168] [DEBUG] Forwarding to [/WEB-INF/jsp/error.jsp]
[2018-12-07 10:01:04 ] [org.springframework.web.servlet.FrameworkServlet] [http-nio-8080-exec-1] [1119] [DEBUG] Exiting from "ERROR" dispatch, status 404
[2018-12-07 10:01:04 ] [org.springframework.core.log.LogFormatUtils] [http-nio-8080-exec-2] [90] [DEBUG] GET "/favicon.ico", parameters={}
[2018-12-07 10:01:04 ] [org.springframework.web.servlet.handler.AbstractHandlerMapping] [http-nio-8080-exec-2] [420] [DEBUG] Mapped to ResourceHttpRequestHandler [class path resource [META-INF/resources/], class path resource [resources/], class path resource [static/], class path resource [public/], ServletContext resource [/], class path resource []]
[2018-12-07 10:01:04 ] [org.springframework.web.servlet.FrameworkServlet] [http-nio-8080-exec-2] [1123] [DEBUG] Completed 200 OK
[2018-12-07 10:05:25 ] [org.springframework.boot.admin.SpringApplicationAdminMXBeanRegistrar$SpringApplicationAdmin] [RMI TCP Connection(2)-127.0.0.1] [164] [INFO ] Application shutdown requested.
[2018-12-07 10:05:25 ] [org.springframework.scheduling.concurrent.ExecutorConfigurationSupport] [RMI TCP Connection(2)-127.0.0.1] [208] [INFO ] Shutting down ExecutorService 'applicationTaskExecutor'
[2018-12-07 10:05:25 ] [org.springframework.orm.jpa.AbstractEntityManagerFactoryBean] [RMI TCP Connection(2)-127.0.0.1] [597] [INFO ] Closing JPA EntityManagerFactory for persistence unit 'default'
[2018-12-07 10:05:25 ] [com.zaxxer.hikari.HikariDataSource] [RMI TCP Connection(2)-127.0.0.1] [350] [INFO ] HikariPool-1 - Shutdown initiated...
[2018-12-07 10:05:25 ] [com.zaxxer.hikari.HikariDataSource] [RMI TCP Connection(2)-127.0.0.1] [352] [INFO ] HikariPool-1 - Shutdown completed.
[2018-12-07 10:12:22 ] [org.springframework.boot.StartupInfoLogger] [main] [50] [INFO ] Starting ApkaApplication on lukasz-CX61-2PF with PID 8851 (started by lukasz in /home/lukasz/Documents/workspace-sts-3.9.5.RELEASEE/Apkaaa___Lekcja_16_Logi aplikacji)
[2018-12-07 10:12:22 ] [org.springframework.boot.StartupInfoLogger] [main] [53] [DEBUG] Running with Spring Boot v2.1.0.RELEASE, Spring v5.1.2.RELEASE
[2018-12-07 10:12:22 ] [org.springframework.boot.SpringApplication] [main] [675] [INFO ] No active profile set, falling back to default profiles: default
[2018-12-07 10:12:23 ] [org.springframework.data.repository.config.RepositoryConfigurationDelegate] [main] [126] [INFO ] Bootstrapping Spring Data repositories in DEFAULT mode.
[2018-12-07 10:12:23 ] [org.springframework.data.repository.config.RepositoryConfigurationDelegate] [main] [182] [INFO ] Finished Spring Data repository scanning in 53ms. Found 3 repository interfaces.
[2018-12-07 10:12:23 ] [org.springframework.context.support.PostProcessorRegistrationDelegate$BeanPostProcessorChecker] [main] [330] [INFO ] Bean 'org.springframework.transaction.annotation.ProxyTransactionManagementConfiguration' of type [org.springframework.transaction.annotation.ProxyTransactionManagementConfiguration$$EnhancerBySpringCGLIB$$f07a99a6] is not eligible for getting processed by all BeanPostProcessors (for example: not eligible for auto-proxying)
[2018-12-07 10:12:23 ] [org.springframework.context.support.PostProcessorRegistrationDelegate$BeanPostProcessorChecker] [main] [330] [INFO ] Bean 'org.springframework.security.config.annotation.configuration.ObjectPostProcessorConfiguration' of type [org.springframework.security.config.annotation.configuration.ObjectPostProcessorConfiguration$$EnhancerBySpringCGLIB$$892861e0] is not eligible for getting processed by all BeanPostProcessors (for example: not eligible for auto-proxying)
[2018-12-07 10:12:23 ] [org.springframework.context.support.PostProcessorRegistrationDelegate$BeanPostProcessorChecker] [main] [330] [INFO ] Bean 'objectPostProcessor' of type [org.springframework.security.config.annotation.configuration.AutowireBeanFactoryObjectPostProcessor] is not eligible for getting processed by all BeanPostProcessors (for example: not eligible for auto-proxying)
[2018-12-07 10:12:23 ] [org.springframework.context.support.PostProcessorRegistrationDelegate$BeanPostProcessorChecker] [main] [330] [INFO ] Bean 'org.springframework.security.access.expression.method.DefaultMethodSecurityExpressionHandler@5b4d25e7' of type [org.springframework.security.access.expression.method.DefaultMethodSecurityExpressionHandler] is not eligible for getting processed by all BeanPostProcessors (for example: not eligible for auto-proxying)
[2018-12-07 10:12:23 ] [org.springframework.context.support.PostProcessorRegistrationDelegate$BeanPostProcessorChecker] [main] [330] [INFO ] Bean 'org.springframework.security.config.annotation.method.configuration.GlobalMethodSecurityConfiguration' of type [org.springframework.security.config.annotation.method.configuration.GlobalMethodSecurityConfiguration$$EnhancerBySpringCGLIB$$adfd0492] is not eligible for getting processed by all BeanPostProcessors (for example: not eligible for auto-proxying)
[2018-12-07 10:12:23 ] [org.springframework.context.support.PostProcessorRegistrationDelegate$BeanPostProcessorChecker] [main] [330] [INFO ] Bean 'methodSecurityMetadataSource' of type [org.springframework.security.access.method.DelegatingMethodSecurityMetadataSource] is not eligible for getting processed by all BeanPostProcessors (for example: not eligible for auto-proxying)
[2018-12-07 10:12:23 ] [org.springframework.context.support.PostProcessorRegistrationDelegate$BeanPostProcessorChecker] [main] [330] [INFO ] Bean 'org.springframework.hateoas.config.HateoasConfiguration' of type [org.springframework.hateoas.config.HateoasConfiguration$$EnhancerBySpringCGLIB$$6ffae6d8] is not eligible for getting processed by all BeanPostProcessors (for example: not eligible for auto-proxying)
[2018-12-07 10:12:24 ] [org.springframework.boot.web.embedded.tomcat.TomcatWebServer] [main] [90] [INFO ] Tomcat initialized with port(s): 8080 (http)
[2018-12-07 10:12:24 ] [org.apache.juli.logging.DirectJDKLog] [main] [173] [INFO ] Initializing ProtocolHandler ["http-nio-8080"]
[2018-12-07 10:12:24 ] [org.apache.juli.logging.DirectJDKLog] [main] [173] [INFO ] Starting service [Tomcat]
[2018-12-07 10:12:24 ] [org.apache.juli.logging.DirectJDKLog] [main] [173] [INFO ] Starting Servlet Engine: Apache Tomcat/9.0.12
[2018-12-07 10:12:24 ] [org.apache.juli.logging.DirectJDKLog] [main] [173] [INFO ] The APR based Apache Tomcat Native library which allows optimal performance in production environments was not found on the java.library.path: [/usr/java/packages/lib/amd64:/usr/lib64:/lib64:/lib:/usr/lib]
[2018-12-07 10:12:24 ] [org.apache.juli.logging.DirectJDKLog] [main] [173] [INFO ] At least one JAR was scanned for TLDs yet contained no TLDs. Enable debug logging for this logger for a complete list of JARs that were scanned but no TLDs were found in them. Skipping unneeded JARs during scanning can improve startup time and JSP compilation time.
[2018-12-07 10:12:24 ] [org.apache.juli.logging.DirectJDKLog] [main] [173] [INFO ] Initializing Spring embedded WebApplicationContext
[2018-12-07 10:12:24 ] [org.springframework.boot.web.servlet.context.ServletWebServerApplicationContext] [main] [277] [DEBUG] Published root WebApplicationContext as ServletContext attribute with name [org.springframework.web.context.WebApplicationContext.ROOT]
[2018-12-07 10:12:24 ] [org.springframework.boot.web.servlet.context.ServletWebServerApplicationContext] [main] [285] [INFO ] Root WebApplicationContext: initialization completed in 1841 ms
[2018-12-07 10:12:24 ] [org.springframework.boot.web.servlet.AbstractFilterRegistrationBean] [main] [248] [INFO ] Mapping filter: 'characterEncodingFilter' to: [/*]
[2018-12-07 10:12:24 ] [org.springframework.boot.web.servlet.AbstractFilterRegistrationBean] [main] [248] [INFO ] Mapping filter: 'hiddenHttpMethodFilter' to: [/*]
[2018-12-07 10:12:24 ] [org.springframework.boot.web.servlet.AbstractFilterRegistrationBean] [main] [248] [INFO ] Mapping filter: 'formContentFilter' to: [/*]
[2018-12-07 10:12:24 ] [org.springframework.boot.web.servlet.AbstractFilterRegistrationBean] [main] [248] [INFO ] Mapping filter: 'requestContextFilter' to: [/*]
[2018-12-07 10:12:24 ] [org.springframework.boot.web.servlet.AbstractFilterRegistrationBean] [main] [248] [INFO ] Mapping filter: 'springSecurityFilterChain' to: [/*]
[2018-12-07 10:12:24 ] [org.springframework.boot.web.servlet.ServletRegistrationBean] [main] [186] [INFO ] Servlet dispatcherServlet mapped to [/]
[2018-12-07 10:12:24 ] [com.zaxxer.hikari.HikariDataSource] [main] [110] [INFO ] HikariPool-1 - Starting...
[2018-12-07 10:12:24 ] [com.zaxxer.hikari.HikariDataSource] [main] [123] [INFO ] HikariPool-1 - Start completed.
[2018-12-07 10:12:25 ] [org.springframework.orm.jpa.AbstractEntityManagerFactoryBean] [main] [415] [INFO ] Initialized JPA EntityManagerFactory for persistence unit 'default'
[2018-12-07 10:12:26 ] [org.springframework.security.web.DefaultSecurityFilterChain] [main] [43] [INFO ] Creating filter chain: Ant [pattern='/resources/**'], []
[2018-12-07 10:12:26 ] [org.springframework.security.web.DefaultSecurityFilterChain] [main] [43] [INFO ] Creating filter chain: Ant [pattern='/statics/**'], []
[2018-12-07 10:12:26 ] [org.springframework.security.web.DefaultSecurityFilterChain] [main] [43] [INFO ] Creating filter chain: Ant [pattern='/css/**'], []
[2018-12-07 10:12:26 ] [org.springframework.security.web.DefaultSecurityFilterChain] [main] [43] [INFO ] Creating filter chain: Ant [pattern='/js/**'], []
[2018-12-07 10:12:26 ] [org.springframework.security.web.DefaultSecurityFilterChain] [main] [43] [INFO ] Creating filter chain: Ant [pattern='/images/**'], []
[2018-12-07 10:12:26 ] [org.springframework.security.web.DefaultSecurityFilterChain] [main] [43] [INFO ] Creating filter chain: Ant [pattern='/incl/**'], []
[2018-12-07 10:12:26 ] [org.springframework.security.web.DefaultSecurityFilterChain] [main] [43] [INFO ] Creating filter chain: any request, [org.springframework.security.web.context.request.async.WebAsyncManagerIntegrationFilter@102af1bb, org.springframework.security.web.context.SecurityContextPersistenceFilter@4c50cd7d, org.springframework.security.web.header.HeaderWriterFilter@1a43a88e, org.springframework.security.web.authentication.logout.LogoutFilter@bc8d68b, org.springframework.security.web.authentication.UsernamePasswordAuthenticationFilter@69ba72da, org.springframework.security.web.savedrequest.RequestCacheAwareFilter@1a4930cf, org.springframework.security.web.servletapi.SecurityContextHolderAwareRequestFilter@78d6c244, org.springframework.security.web.authentication.AnonymousAuthenticationFilter@797f97e3, org.springframework.security.web.session.SessionManagementFilter@1b8d20e6, org.springframework.security.web.access.ExceptionTranslationFilter@2c08c787, org.springframework.security.web.access.intercept.FilterSecurityInterceptor@563263a]
[2018-12-07 10:12:26 ] [org.springframework.web.servlet.handler.SimpleUrlHandlerMapping] [main] [139] [DEBUG] Patterns [/**/favicon.ico] in 'faviconHandlerMapping'
[2018-12-07 10:12:26 ] [org.springframework.scheduling.concurrent.ExecutorConfigurationSupport] [main] [171] [INFO ] Initializing ExecutorService 'applicationTaskExecutor'
[2018-12-07 10:12:26 ] [org.springframework.web.servlet.mvc.method.annotation.RequestMappingHandlerAdapter] [main] [622] [DEBUG] ControllerAdvice beans: 0 @ModelAttribute, 0 @InitBinder, 1 RequestBodyAdvice, 1, ResponseBodyAdvice
[2018-12-07 10:12:26 ] [org.springframework.boot.autoconfigure.orm.jpa.JpaBaseConfiguration$JpaWebConfiguration$JpaWebMvcConfiguration] [main] [234] [WARN ] spring.jpa.open-in-view is enabled by default. Therefore, database queries may be performed during view rendering. Explicitly configure spring.jpa.open-in-view to disable this warning
[2018-12-07 10:12:26 ] [org.springframework.web.servlet.handler.AbstractHandlerMethodMapping] [main] [332] [DEBUG] 16 mappings in 'requestMappingHandlerMapping'
[2018-12-07 10:12:26 ] [org.springframework.web.servlet.handler.SimpleUrlHandlerMapping] [main] [139] [DEBUG] Patterns [/webjars/**, /resources/** ] in 'resourceHandlerMapping'
[2018-12-07 10:12:26 ] [org.springframework.web.servlet.mvc.method.annotation.ExceptionHandlerExceptionResolver] [main] [302] [DEBUG] ControllerAdvice beans: 1 @ExceptionHandler, 1 ResponseBodyAdvice
[2018-12-07 10:12:26 ] [org.springframework.boot.autoconfigure.web.servlet.WelcomePageHandlerMapping] [main] [61] [INFO ] Adding welcome page template: index
[2018-12-07 10:12:27 ] [org.springframework.boot.autoconfigure.security.servlet.UserDetailsServiceAutoConfiguration] [main] [86] [INFO ] 

Using generated security password: 752fe315-0591-4b78-8e43-ec6ce23a1a64

[2018-12-07 10:12:27 ] [org.apache.juli.logging.DirectJDKLog] [main] [173] [INFO ] Starting ProtocolHandler ["http-nio-8080"]
[2018-12-07 10:12:27 ] [org.apache.juli.logging.DirectJDKLog] [main] [173] [INFO ] Using a shared selector for servlet write/read
[2018-12-07 10:12:27 ] [org.springframework.boot.web.embedded.tomcat.TomcatWebServer] [main] [204] [INFO ] Tomcat started on port(s): 8080 (http) with context path ''
[2018-12-07 10:12:27 ] [org.springframework.boot.StartupInfoLogger] [main] [59] [INFO ] Started ApkaApplication in 5.375 seconds (JVM running for 6.002)
[2018-12-07 10:12:31 ] [org.springframework.boot.admin.SpringApplicationAdminMXBeanRegistrar$SpringApplicationAdmin] [RMI TCP Connection(2)-127.0.0.1] [164] [INFO ] Application shutdown requested.
[2018-12-07 10:12:31 ] [org.springframework.scheduling.concurrent.ExecutorConfigurationSupport] [RMI TCP Connection(2)-127.0.0.1] [208] [INFO ] Shutting down ExecutorService 'applicationTaskExecutor'
[2018-12-07 10:12:31 ] [org.springframework.orm.jpa.AbstractEntityManagerFactoryBean] [RMI TCP Connection(2)-127.0.0.1] [597] [INFO ] Closing JPA EntityManagerFactory for persistence unit 'default'
[2018-12-07 10:12:31 ] [com.zaxxer.hikari.HikariDataSource] [RMI TCP Connection(2)-127.0.0.1] [350] [INFO ] HikariPool-1 - Shutdown initiated...
[2018-12-07 10:12:31 ] [com.zaxxer.hikari.HikariDataSource] [RMI TCP Connection(2)-127.0.0.1] [352] [INFO ] HikariPool-1 - Shutdown completed.
[2018-12-07 10:12:41 ] [org.springframework.boot.StartupInfoLogger] [main] [50] [INFO ] Starting ApkaApplication on lukasz-CX61-2PF with PID 8910 (started by lukasz in /home/lukasz/Documents/workspace-sts-3.9.5.RELEASEE/Apkaaa___Lekcja_16_Logi aplikacji)
[2018-12-07 10:12:41 ] [org.springframework.boot.StartupInfoLogger] [main] [53] [DEBUG] Running with Spring Boot v2.1.0.RELEASE, Spring v5.1.2.RELEASE
[2018-12-07 10:12:41 ] [org.springframework.boot.SpringApplication] [main] [675] [INFO ] No active profile set, falling back to default profiles: default
[2018-12-07 10:12:42 ] [org.springframework.data.repository.config.RepositoryConfigurationDelegate] [main] [126] [INFO ] Bootstrapping Spring Data repositories in DEFAULT mode.
[2018-12-07 10:12:42 ] [org.springframework.data.repository.config.RepositoryConfigurationDelegate] [main] [182] [INFO ] Finished Spring Data repository scanning in 105ms. Found 3 repository interfaces.
[2018-12-07 10:12:43 ] [org.springframework.context.support.PostProcessorRegistrationDelegate$BeanPostProcessorChecker] [main] [330] [INFO ] Bean 'org.springframework.transaction.annotation.ProxyTransactionManagementConfiguration' of type [org.springframework.transaction.annotation.ProxyTransactionManagementConfiguration$$EnhancerBySpringCGLIB$$1f48e74a] is not eligible for getting processed by all BeanPostProcessors (for example: not eligible for auto-proxying)
[2018-12-07 10:12:43 ] [org.springframework.context.support.PostProcessorRegistrationDelegate$BeanPostProcessorChecker] [main] [330] [INFO ] Bean 'org.springframework.security.config.annotation.configuration.ObjectPostProcessorConfiguration' of type [org.springframework.security.config.annotation.configuration.ObjectPostProcessorConfiguration$$EnhancerBySpringCGLIB$$b7f6af84] is not eligible for getting processed by all BeanPostProcessors (for example: not eligible for auto-proxying)
[2018-12-07 10:12:43 ] [org.springframework.context.support.PostProcessorRegistrationDelegate$BeanPostProcessorChecker] [main] [330] [INFO ] Bean 'objectPostProcessor' of type [org.springframework.security.config.annotation.configuration.AutowireBeanFactoryObjectPostProcessor] is not eligible for getting processed by all BeanPostProcessors (for example: not eligible for auto-proxying)
[2018-12-07 10:12:43 ] [org.springframework.context.support.PostProcessorRegistrationDelegate$BeanPostProcessorChecker] [main] [330] [INFO ] Bean 'org.springframework.security.access.expression.method.DefaultMethodSecurityExpressionHandler@2125ad3' of type [org.springframework.security.access.expression.method.DefaultMethodSecurityExpressionHandler] is not eligible for getting processed by all BeanPostProcessors (for example: not eligible for auto-proxying)
[2018-12-07 10:12:43 ] [org.springframework.context.support.PostProcessorRegistrationDelegate$BeanPostProcessorChecker] [main] [330] [INFO ] Bean 'org.springframework.security.config.annotation.method.configuration.GlobalMethodSecurityConfiguration' of type [org.springframework.security.config.annotation.method.configuration.GlobalMethodSecurityConfiguration$$EnhancerBySpringCGLIB$$dccb5236] is not eligible for getting processed by all BeanPostProcessors (for example: not eligible for auto-proxying)
[2018-12-07 10:12:43 ] [org.springframework.context.support.PostProcessorRegistrationDelegate$BeanPostProcessorChecker] [main] [330] [INFO ] Bean 'methodSecurityMetadataSource' of type [org.springframework.security.access.method.DelegatingMethodSecurityMetadataSource] is not eligible for getting processed by all BeanPostProcessors (for example: not eligible for auto-proxying)
[2018-12-07 10:12:43 ] [org.springframework.context.support.PostProcessorRegistrationDelegate$BeanPostProcessorChecker] [main] [330] [INFO ] Bean 'org.springframework.hateoas.config.HateoasConfiguration' of type [org.springframework.hateoas.config.HateoasConfiguration$$EnhancerBySpringCGLIB$$9ec9347c] is not eligible for getting processed by all BeanPostProcessors (for example: not eligible for auto-proxying)
[2018-12-07 10:12:44 ] [org.springframework.boot.web.embedded.tomcat.TomcatWebServer] [main] [90] [INFO ] Tomcat initialized with port(s): 8080 (http)
[2018-12-07 10:12:44 ] [org.apache.juli.logging.DirectJDKLog] [main] [173] [INFO ] Initializing ProtocolHandler ["http-nio-8080"]
[2018-12-07 10:12:44 ] [org.apache.juli.logging.DirectJDKLog] [main] [173] [INFO ] Starting service [Tomcat]
[2018-12-07 10:12:44 ] [org.apache.juli.logging.DirectJDKLog] [main] [173] [INFO ] Starting Servlet Engine: Apache Tomcat/9.0.12
[2018-12-07 10:12:44 ] [org.apache.juli.logging.DirectJDKLog] [main] [173] [INFO ] The APR based Apache Tomcat Native library which allows optimal performance in production environments was not found on the java.library.path: [/usr/java/packages/lib/amd64:/usr/lib64:/lib64:/lib:/usr/lib]
[2018-12-07 10:12:44 ] [org.apache.juli.logging.DirectJDKLog] [main] [173] [INFO ] At least one JAR was scanned for TLDs yet contained no TLDs. Enable debug logging for this logger for a complete list of JARs that were scanned but no TLDs were found in them. Skipping unneeded JARs during scanning can improve startup time and JSP compilation time.
[2018-12-07 10:12:44 ] [org.apache.juli.logging.DirectJDKLog] [main] [173] [INFO ] Initializing Spring embedded WebApplicationContext
[2018-12-07 10:12:44 ] [org.springframework.boot.web.servlet.context.ServletWebServerApplicationContext] [main] [277] [DEBUG] Published root WebApplicationContext as ServletContext attribute with name [org.springframework.web.context.WebApplicationContext.ROOT]
[2018-12-07 10:12:44 ] [org.springframework.boot.web.servlet.context.ServletWebServerApplicationContext] [main] [285] [INFO ] Root WebApplicationContext: initialization completed in 3324 ms
[2018-12-07 10:12:44 ] [org.springframework.boot.web.servlet.AbstractFilterRegistrationBean] [main] [248] [INFO ] Mapping filter: 'characterEncodingFilter' to: [/*]
[2018-12-07 10:12:44 ] [org.springframework.boot.web.servlet.AbstractFilterRegistrationBean] [main] [248] [INFO ] Mapping filter: 'hiddenHttpMethodFilter' to: [/*]
[2018-12-07 10:12:44 ] [org.springframework.boot.web.servlet.AbstractFilterRegistrationBean] [main] [248] [INFO ] Mapping filter: 'formContentFilter' to: [/*]
[2018-12-07 10:12:44 ] [org.springframework.boot.web.servlet.AbstractFilterRegistrationBean] [main] [248] [INFO ] Mapping filter: 'requestContextFilter' to: [/*]
[2018-12-07 10:12:44 ] [org.springframework.boot.web.servlet.AbstractFilterRegistrationBean] [main] [248] [INFO ] Mapping filter: 'springSecurityFilterChain' to: [/*]
[2018-12-07 10:12:44 ] [org.springframework.boot.web.servlet.ServletRegistrationBean] [main] [186] [INFO ] Servlet dispatcherServlet mapped to [/]
[2018-12-07 10:12:44 ] [com.zaxxer.hikari.HikariDataSource] [main] [110] [INFO ] HikariPool-1 - Starting...
[2018-12-07 10:12:45 ] [com.zaxxer.hikari.HikariDataSource] [main] [123] [INFO ] HikariPool-1 - Start completed.
[2018-12-07 10:12:47 ] [org.springframework.orm.jpa.AbstractEntityManagerFactoryBean] [main] [415] [INFO ] Initialized JPA EntityManagerFactory for persistence unit 'default'
[2018-12-07 10:12:48 ] [org.springframework.security.web.DefaultSecurityFilterChain] [main] [43] [INFO ] Creating filter chain: Ant [pattern='/resources/**'], []
[2018-12-07 10:12:48 ] [org.springframework.security.web.DefaultSecurityFilterChain] [main] [43] [INFO ] Creating filter chain: Ant [pattern='/statics/**'], []
[2018-12-07 10:12:48 ] [org.springframework.security.web.DefaultSecurityFilterChain] [main] [43] [INFO ] Creating filter chain: Ant [pattern='/css/**'], []
[2018-12-07 10:12:48 ] [org.springframework.security.web.DefaultSecurityFilterChain] [main] [43] [INFO ] Creating filter chain: Ant [pattern='/js/**'], []
[2018-12-07 10:12:48 ] [org.springframework.security.web.DefaultSecurityFilterChain] [main] [43] [INFO ] Creating filter chain: Ant [pattern='/images/**'], []
[2018-12-07 10:12:48 ] [org.springframework.security.web.DefaultSecurityFilterChain] [main] [43] [INFO ] Creating filter chain: Ant [pattern='/incl/**'], []
[2018-12-07 10:12:49 ] [org.springframework.security.web.DefaultSecurityFilterChain] [main] [43] [INFO ] Creating filter chain: any request, [org.springframework.security.web.context.request.async.WebAsyncManagerIntegrationFilter@2c154508, org.springframework.security.web.context.SecurityContextPersistenceFilter@93f15f6, org.springframework.security.web.header.HeaderWriterFilter@5896b9f5, org.springframework.security.web.authentication.logout.LogoutFilter@4449b273, org.springframework.security.web.authentication.UsernamePasswordAuthenticationFilter@5bf7f15f, org.springframework.security.web.savedrequest.RequestCacheAwareFilter@1dfe5dd1, org.springframework.security.web.servletapi.SecurityContextHolderAwareRequestFilter@237aa0c7, org.springframework.security.web.authentication.AnonymousAuthenticationFilter@395eb363, org.springframework.security.web.session.SessionManagementFilter@74a5bef0, org.springframework.security.web.access.ExceptionTranslationFilter@7ac1b6c0, org.springframework.security.web.access.intercept.FilterSecurityInterceptor@33eab2e8]
[2018-12-07 10:12:49 ] [org.springframework.web.servlet.handler.SimpleUrlHandlerMapping] [main] [139] [DEBUG] Patterns [/**/favicon.ico] in 'faviconHandlerMapping'
[2018-12-07 10:12:49 ] [org.springframework.scheduling.concurrent.ExecutorConfigurationSupport] [main] [171] [INFO ] Initializing ExecutorService 'applicationTaskExecutor'
[2018-12-07 10:12:49 ] [org.springframework.web.servlet.mvc.method.annotation.RequestMappingHandlerAdapter] [main] [622] [DEBUG] ControllerAdvice beans: 0 @ModelAttribute, 0 @InitBinder, 1 RequestBodyAdvice, 1, ResponseBodyAdvice
[2018-12-07 10:12:49 ] [org.springframework.boot.autoconfigure.orm.jpa.JpaBaseConfiguration$JpaWebConfiguration$JpaWebMvcConfiguration] [main] [234] [WARN ] spring.jpa.open-in-view is enabled by default. Therefore, database queries may be performed during view rendering. Explicitly configure spring.jpa.open-in-view to disable this warning
[2018-12-07 10:12:49 ] [org.springframework.web.servlet.handler.AbstractHandlerMethodMapping] [main] [332] [DEBUG] 16 mappings in 'requestMappingHandlerMapping'
[2018-12-07 10:12:49 ] [org.springframework.web.servlet.handler.SimpleUrlHandlerMapping] [main] [139] [DEBUG] Patterns [/webjars/**, /resources/** ] in 'resourceHandlerMapping'
[2018-12-07 10:12:49 ] [org.springframework.web.servlet.mvc.method.annotation.ExceptionHandlerExceptionResolver] [main] [302] [DEBUG] ControllerAdvice beans: 1 @ExceptionHandler, 1 ResponseBodyAdvice
[2018-12-07 10:12:49 ] [org.springframework.boot.autoconfigure.web.servlet.WelcomePageHandlerMapping] [main] [61] [INFO ] Adding welcome page template: index
[2018-12-07 10:12:50 ] [org.springframework.boot.autoconfigure.security.servlet.UserDetailsServiceAutoConfiguration] [main] [86] [INFO ] 

Using generated security password: d836e1fc-cb54-46a9-bb7c-71fb428db10e

[2018-12-07 10:12:50 ] [org.apache.juli.logging.DirectJDKLog] [main] [173] [INFO ] Starting ProtocolHandler ["http-nio-8080"]
[2018-12-07 10:12:50 ] [org.apache.juli.logging.DirectJDKLog] [main] [173] [INFO ] Using a shared selector for servlet write/read
[2018-12-07 10:12:50 ] [org.springframework.boot.web.embedded.tomcat.TomcatWebServer] [main] [204] [INFO ] Tomcat started on port(s): 8080 (http) with context path ''
[2018-12-07 10:12:50 ] [org.springframework.boot.StartupInfoLogger] [main] [59] [INFO ] Started ApkaApplication in 9.943 seconds (JVM running for 10.485)
[2018-12-07 10:22:22 ] [org.apache.juli.logging.DirectJDKLog] [http-nio-8080-exec-1] [173] [INFO ] Initializing Spring DispatcherServlet 'dispatcherServlet'
[2018-12-07 10:22:22 ] [org.springframework.web.servlet.FrameworkServlet] [http-nio-8080-exec-1] [521] [INFO ] Initializing Servlet 'dispatcherServlet'
[2018-12-07 10:22:22 ] [org.springframework.web.servlet.DispatcherServlet] [http-nio-8080-exec-1] [525] [DEBUG] Detected StandardServletMultipartResolver
[2018-12-07 10:22:22 ] [org.springframework.web.servlet.FrameworkServlet] [http-nio-8080-exec-1] [538] [DEBUG] enableLoggingRequestDetails='false': request parameters and headers will be masked to prevent unsafe logging of potentially sensitive data
[2018-12-07 10:22:22 ] [org.springframework.web.servlet.FrameworkServlet] [http-nio-8080-exec-1] [543] [INFO ] Completed initialization in 54 ms
[2018-12-07 10:22:22 ] [org.springframework.core.log.LogFormatUtils] [http-nio-8080-exec-5] [90] [DEBUG] GET "/login", parameters={}
[2018-12-07 10:22:22 ] [org.springframework.web.servlet.handler.AbstractHandlerMapping] [http-nio-8080-exec-5] [420] [DEBUG] Mapped to public java.lang.String lukasz.Apka.mainControllerr.LoginPageController.showLoginPage()
[2018-12-07 10:22:23 ] [org.springframework.web.servlet.view.ContentNegotiatingViewResolver] [http-nio-8080-exec-5] [347] [DEBUG] Selected 'text/html' given [text/html, application/xhtml+xml, application/xml;q=0.9, */*;q=0.8]
[2018-12-07 10:22:23 ] [org.springframework.web.servlet.view.AbstractView] [http-nio-8080-exec-5] [309] [DEBUG] View name 'login', model {}
[2018-12-07 10:22:23 ] [org.springframework.web.servlet.view.InternalResourceView] [http-nio-8080-exec-5] [168] [DEBUG] Forwarding to [/WEB-INF/jsp/login.jsp]
[2018-12-07 10:22:24 ] [org.springframework.web.servlet.FrameworkServlet] [http-nio-8080-exec-5] [1123] [DEBUG] Completed 200 OK
[2018-12-07 10:22:24 ] [org.springframework.core.log.LogFormatUtils] [http-nio-8080-exec-2] [90] [DEBUG] GET "/resources/css/style.css", parameters={}
[2018-12-07 10:22:24 ] [org.springframework.web.servlet.DispatcherServlet] [http-nio-8080-exec-2] [1248] [WARN ] No mapping for GET /resources/css/style.css
[2018-12-07 10:22:24 ] [org.springframework.web.servlet.FrameworkServlet] [http-nio-8080-exec-2] [1123] [DEBUG] Completed 404 NOT_FOUND
[2018-12-07 10:22:25 ] [org.springframework.core.log.LogFormatUtils] [http-nio-8080-exec-6] [90] [DEBUG] GET "/login", parameters={}
[2018-12-07 10:22:25 ] [org.springframework.web.servlet.handler.AbstractHandlerMapping] [http-nio-8080-exec-6] [420] [DEBUG] Mapped to public java.lang.String lukasz.Apka.mainControllerr.LoginPageController.showLoginPage()
[2018-12-07 10:22:25 ] [org.springframework.web.servlet.view.ContentNegotiatingViewResolver] [http-nio-8080-exec-6] [347] [DEBUG] Selected '*/*;q=0.1' given [text/css, */*;q=0.1]
[2018-12-07 10:22:25 ] [org.springframework.web.servlet.view.AbstractView] [http-nio-8080-exec-6] [309] [DEBUG] View name 'login', model {}
[2018-12-07 10:22:25 ] [org.springframework.web.servlet.view.InternalResourceView] [http-nio-8080-exec-6] [168] [DEBUG] Forwarding to [/WEB-INF/jsp/login.jsp]
[2018-12-07 10:22:25 ] [org.springframework.web.servlet.FrameworkServlet] [http-nio-8080-exec-6] [1123] [DEBUG] Completed 200 OK
[2018-12-07 10:22:25 ] [org.springframework.core.log.LogFormatUtils] [http-nio-8080-exec-3] [90] [DEBUG] GET "/login", parameters={}
[2018-12-07 10:22:25 ] [org.springframework.web.servlet.handler.AbstractHandlerMapping] [http-nio-8080-exec-3] [420] [DEBUG] Mapped to public java.lang.String lukasz.Apka.mainControllerr.LoginPageController.showLoginPage()
[2018-12-07 10:22:25 ] [org.springframework.web.servlet.view.ContentNegotiatingViewResolver] [http-nio-8080-exec-3] [347] [DEBUG] Selected 'text/html' given [text/html, application/xhtml+xml, application/xml;q=0.9, */*;q=0.8]
[2018-12-07 10:22:25 ] [org.springframework.web.servlet.view.AbstractView] [http-nio-8080-exec-3] [309] [DEBUG] View name 'login', model {}
[2018-12-07 10:22:25 ] [org.springframework.web.servlet.view.InternalResourceView] [http-nio-8080-exec-3] [168] [DEBUG] Forwarding to [/WEB-INF/jsp/login.jsp]
[2018-12-07 10:22:25 ] [org.springframework.web.servlet.FrameworkServlet] [http-nio-8080-exec-3] [1123] [DEBUG] Completed 200 OK
[2018-12-07 10:22:31 ] [org.springframework.core.log.LogFormatUtils] [http-nio-8080-exec-4] [90] [DEBUG] GET "/error", parameters={}
[2018-12-07 10:22:31 ] [org.springframework.web.servlet.handler.AbstractHandlerMapping] [http-nio-8080-exec-4] [420] [DEBUG] Mapped to public java.lang.String lukasz.Apka.mainControllerr.ErrorPageController.showErrorPage()
[2018-12-07 10:22:31 ] [org.springframework.web.servlet.view.ContentNegotiatingViewResolver] [http-nio-8080-exec-4] [347] [DEBUG] Selected '*/*;q=0.1' given [text/css, */*;q=0.1]
[2018-12-07 10:22:31 ] [org.springframework.web.servlet.view.AbstractView] [http-nio-8080-exec-4] [309] [DEBUG] View name 'error', model {}
[2018-12-07 10:22:31 ] [org.springframework.web.servlet.view.InternalResourceView] [http-nio-8080-exec-4] [168] [DEBUG] Forwarding to [/WEB-INF/jsp/error.jsp]
[2018-12-07 10:22:31 ] [org.springframework.web.servlet.FrameworkServlet] [http-nio-8080-exec-4] [1123] [DEBUG] Completed 200 OK
[2018-12-07 10:22:31 ] [org.springframework.core.log.LogFormatUtils] [http-nio-8080-exec-7] [90] [DEBUG] GET "/resources/css/style.css", parameters={}
[2018-12-07 10:22:31 ] [org.springframework.web.servlet.DispatcherServlet] [http-nio-8080-exec-7] [1248] [WARN ] No mapping for GET /resources/css/style.css
[2018-12-07 10:22:31 ] [org.springframework.web.servlet.FrameworkServlet] [http-nio-8080-exec-7] [1123] [DEBUG] Completed 404 NOT_FOUND
[2018-12-07 10:22:31 ] [org.springframework.core.log.LogFormatUtils] [http-nio-8080-exec-7] [90] [DEBUG] "ERROR" dispatch for GET "/error", parameters={}
[2018-12-07 10:22:31 ] [org.springframework.web.servlet.handler.AbstractHandlerMapping] [http-nio-8080-exec-7] [420] [DEBUG] Mapped to public java.lang.String lukasz.Apka.mainControllerr.ErrorPageController.showErrorPage()
[2018-12-07 10:22:31 ] [org.springframework.web.servlet.view.ContentNegotiatingViewResolver] [http-nio-8080-exec-7] [244] [DEBUG] View remains unresolved given [application/hal+json;q=0.1]
[2018-12-07 10:22:31 ] [org.springframework.web.servlet.view.AbstractView] [http-nio-8080-exec-7] [309] [DEBUG] View name 'error', model {}
[2018-12-07 10:22:31 ] [org.springframework.web.servlet.view.InternalResourceView] [http-nio-8080-exec-7] [168] [DEBUG] Forwarding to [/WEB-INF/jsp/error.jsp]
[2018-12-07 10:22:31 ] [org.springframework.web.servlet.FrameworkServlet] [http-nio-8080-exec-7] [1119] [DEBUG] Exiting from "ERROR" dispatch, status 404
[2018-12-07 10:22:31 ] [org.springframework.core.log.LogFormatUtils] [http-nio-8080-exec-8] [90] [DEBUG] GET "/resources/images/stamperror.jpg", parameters={}
[2018-12-07 10:22:31 ] [org.springframework.web.servlet.DispatcherServlet] [http-nio-8080-exec-8] [1248] [WARN ] No mapping for GET /resources/images/stamperror.jpg
[2018-12-07 10:22:31 ] [org.springframework.web.servlet.FrameworkServlet] [http-nio-8080-exec-8] [1123] [DEBUG] Completed 404 NOT_FOUND
[2018-12-07 10:22:31 ] [org.springframework.core.log.LogFormatUtils] [http-nio-8080-exec-8] [90] [DEBUG] "ERROR" dispatch for GET "/error", parameters={}
[2018-12-07 10:22:31 ] [org.springframework.web.servlet.handler.AbstractHandlerMapping] [http-nio-8080-exec-8] [420] [DEBUG] Mapped to public java.lang.String lukasz.Apka.mainControllerr.ErrorPageController.showErrorPage()
[2018-12-07 10:22:31 ] [org.springframework.web.servlet.view.ContentNegotiatingViewResolver] [http-nio-8080-exec-8] [244] [DEBUG] View remains unresolved given [application/hal+json]
[2018-12-07 10:22:31 ] [org.springframework.web.servlet.view.AbstractView] [http-nio-8080-exec-8] [309] [DEBUG] View name 'error', model {}
[2018-12-07 10:22:31 ] [org.springframework.web.servlet.view.InternalResourceView] [http-nio-8080-exec-8] [168] [DEBUG] Forwarding to [/WEB-INF/jsp/error.jsp]
[2018-12-07 10:22:31 ] [org.springframework.web.servlet.FrameworkServlet] [http-nio-8080-exec-8] [1119] [DEBUG] Exiting from "ERROR" dispatch, status 404
[2018-12-07 10:22:31 ] [org.springframework.core.log.LogFormatUtils] [http-nio-8080-exec-10] [90] [DEBUG] GET "/favicon.ico", parameters={}
[2018-12-07 10:22:31 ] [org.springframework.web.servlet.handler.AbstractHandlerMapping] [http-nio-8080-exec-10] [420] [DEBUG] Mapped to ResourceHttpRequestHandler [class path resource [META-INF/resources/], class path resource [resources/], class path resource [static/], class path resource [public/], ServletContext resource [/], class path resource []]
[2018-12-07 10:22:31 ] [org.springframework.web.servlet.FrameworkServlet] [http-nio-8080-exec-10] [1123] [DEBUG] Completed 200 OK
[2018-12-07 10:22:33 ] [org.springframework.core.log.LogFormatUtils] [http-nio-8080-exec-1] [90] [DEBUG] GET "/admin", parameters={}
[2018-12-07 10:22:33 ] [org.springframework.web.servlet.handler.AbstractHandlerMapping] [http-nio-8080-exec-1] [420] [DEBUG] Mapped to public java.lang.String lukasz.Apka.admin.AdminPageController.openAdminMainPage()
[2018-12-07 10:22:33 ] [org.springframework.web.servlet.view.ContentNegotiatingViewResolver] [http-nio-8080-exec-1] [347] [DEBUG] Selected 'text/html' given [text/html, application/xhtml+xml, application/xml;q=0.9, */*;q=0.8]
[2018-12-07 10:22:33 ] [org.springframework.web.servlet.view.AbstractView] [http-nio-8080-exec-1] [309] [DEBUG] View name 'admin/admin', model {}
[2018-12-07 10:22:33 ] [org.springframework.web.servlet.view.InternalResourceView] [http-nio-8080-exec-1] [168] [DEBUG] Forwarding to [/WEB-INF/jsp/admin/admin.jsp]
[2018-12-07 10:22:33 ] [org.springframework.web.servlet.FrameworkServlet] [http-nio-8080-exec-1] [1123] [DEBUG] Completed 200 OK
[2018-12-07 10:22:33 ] [org.springframework.core.log.LogFormatUtils] [http-nio-8080-exec-5] [90] [DEBUG] GET "/resources/css/style.css", parameters={}
[2018-12-07 10:22:33 ] [org.springframework.web.servlet.DispatcherServlet] [http-nio-8080-exec-5] [1248] [WARN ] No mapping for GET /resources/css/style.css
[2018-12-07 10:22:33 ] [org.springframework.web.servlet.FrameworkServlet] [http-nio-8080-exec-5] [1123] [DEBUG] Completed 404 NOT_FOUND
[2018-12-07 10:22:33 ] [org.springframework.core.log.LogFormatUtils] [http-nio-8080-exec-5] [90] [DEBUG] "ERROR" dispatch for GET "/error", parameters={}
[2018-12-07 10:22:33 ] [org.springframework.web.servlet.handler.AbstractHandlerMapping] [http-nio-8080-exec-5] [420] [DEBUG] Mapped to public java.lang.String lukasz.Apka.mainControllerr.ErrorPageController.showErrorPage()
[2018-12-07 10:22:33 ] [org.springframework.web.servlet.view.ContentNegotiatingViewResolver] [http-nio-8080-exec-5] [244] [DEBUG] View remains unresolved given [application/hal+json;q=0.1]
[2018-12-07 10:22:33 ] [org.springframework.web.servlet.view.AbstractView] [http-nio-8080-exec-5] [309] [DEBUG] View name 'error', model {}
[2018-12-07 10:22:33 ] [org.springframework.web.servlet.view.InternalResourceView] [http-nio-8080-exec-5] [168] [DEBUG] Forwarding to [/WEB-INF/jsp/error.jsp]
[2018-12-07 10:22:33 ] [org.springframework.web.servlet.FrameworkServlet] [http-nio-8080-exec-5] [1119] [DEBUG] Exiting from "ERROR" dispatch, status 404
[2018-12-07 10:22:33 ] [org.springframework.core.log.LogFormatUtils] [http-nio-8080-exec-2] [90] [DEBUG] GET "/favicon.ico", parameters={}
[2018-12-07 10:22:33 ] [org.springframework.web.servlet.handler.AbstractHandlerMapping] [http-nio-8080-exec-2] [420] [DEBUG] Mapped to ResourceHttpRequestHandler [class path resource [META-INF/resources/], class path resource [resources/], class path resource [static/], class path resource [public/], ServletContext resource [/], class path resource []]
[2018-12-07 10:22:33 ] [org.springframework.web.servlet.FrameworkServlet] [http-nio-8080-exec-2] [1123] [DEBUG] Completed 200 OK
[2018-12-07 10:22:34 ] [org.springframework.core.log.LogFormatUtils] [http-nio-8080-exec-6] [90] [DEBUG] GET "/admin/users/1", parameters={}
[2018-12-07 10:22:34 ] [org.springframework.web.servlet.handler.AbstractHandlerMapping] [http-nio-8080-exec-6] [420] [DEBUG] Mapped to public java.lang.String lukasz.Apka.admin.AdminPageController.openAdminAllUsersPage(int,org.springframework.ui.Model)
[2018-12-07 10:22:35 ] [org.springframework.web.servlet.view.ContentNegotiatingViewResolver] [http-nio-8080-exec-6] [347] [DEBUG] Selected 'text/html' given [text/html, application/xhtml+xml, application/xml;q=0.9, */*;q=0.8]
[2018-12-07 10:22:35 ] [org.springframework.web.servlet.view.AbstractView] [http-nio-8080-exec-6] [309] [DEBUG] View name 'admin/users', model {totalPages=21, currentPage=1, userList=[lukasz.Apka.user.User@72e8af8b, lukasz.Apka.user.User@756b6589, lukasz.Apka.user.User@777d1bbd, lukasz.Apka.user.User@67bdac80, lukasz.Apka.user.User@5b109ca6, lukasz.Apka.user.User@7579fd60, lukasz.Apka.user.User@6ac6a081, lukasz.Apka.user.User@6015d8f5, lukasz.Apka.user.User@3f3f8dfd, lukasz.Apka.user.User@517f587], recordStartCounter=0}
[2018-12-07 10:22:35 ] [org.springframework.web.servlet.view.InternalResourceView] [http-nio-8080-exec-6] [168] [DEBUG] Forwarding to [/WEB-INF/jsp/admin/users.jsp]
[2018-12-07 10:22:35 ] [org.springframework.web.servlet.FrameworkServlet] [http-nio-8080-exec-6] [1123] [DEBUG] Completed 200 OK
[2018-12-07 10:22:36 ] [org.springframework.core.log.LogFormatUtils] [http-nio-8080-exec-3] [90] [DEBUG] GET "/resources/css/style.css", parameters={}
[2018-12-07 10:22:36 ] [org.springframework.web.servlet.DispatcherServlet] [http-nio-8080-exec-3] [1248] [WARN ] No mapping for GET /resources/css/style.css
[2018-12-07 10:22:36 ] [org.springframework.web.servlet.FrameworkServlet] [http-nio-8080-exec-3] [1123] [DEBUG] Completed 404 NOT_FOUND
[2018-12-07 10:22:36 ] [org.springframework.core.log.LogFormatUtils] [http-nio-8080-exec-3] [90] [DEBUG] "ERROR" dispatch for GET "/error", parameters={}
[2018-12-07 10:22:36 ] [org.springframework.web.servlet.handler.AbstractHandlerMapping] [http-nio-8080-exec-3] [420] [DEBUG] Mapped to public java.lang.String lukasz.Apka.mainControllerr.ErrorPageController.showErrorPage()
[2018-12-07 10:22:36 ] [org.springframework.web.servlet.view.ContentNegotiatingViewResolver] [http-nio-8080-exec-3] [244] [DEBUG] View remains unresolved given [application/hal+json;q=0.1]
[2018-12-07 10:22:36 ] [org.springframework.web.servlet.view.AbstractView] [http-nio-8080-exec-3] [309] [DEBUG] View name 'error', model {}
[2018-12-07 10:22:36 ] [org.springframework.web.servlet.view.InternalResourceView] [http-nio-8080-exec-3] [168] [DEBUG] Forwarding to [/WEB-INF/jsp/error.jsp]
[2018-12-07 10:22:36 ] [org.springframework.web.servlet.FrameworkServlet] [http-nio-8080-exec-3] [1119] [DEBUG] Exiting from "ERROR" dispatch, status 404
[2018-12-07 10:22:36 ] [org.springframework.core.log.LogFormatUtils] [http-nio-8080-exec-9] [90] [DEBUG] GET "/favicon.ico", parameters={}
[2018-12-07 10:22:36 ] [org.springframework.web.servlet.handler.AbstractHandlerMapping] [http-nio-8080-exec-9] [420] [DEBUG] Mapped to ResourceHttpRequestHandler [class path resource [META-INF/resources/], class path resource [resources/], class path resource [static/], class path resource [public/], ServletContext resource [/], class path resource []]
[2018-12-07 10:22:36 ] [org.springframework.web.servlet.FrameworkServlet] [http-nio-8080-exec-9] [1123] [DEBUG] Completed 200 OK
[2018-12-07 10:23:42 ] [org.springframework.core.log.LogFormatUtils] [http-nio-8080-exec-10] [90] [DEBUG] GET "/", parameters={}
[2018-12-07 10:23:42 ] [org.springframework.web.servlet.view.ContentNegotiatingViewResolver] [http-nio-8080-exec-10] [347] [DEBUG] Selected 'text/html' given [text/html, application/xhtml+xml, application/xml;q=0.9, */*;q=0.8]
[2018-12-07 10:23:42 ] [org.springframework.web.servlet.view.AbstractView] [http-nio-8080-exec-10] [309] [DEBUG] View name 'index', model {}
[2018-12-07 10:23:42 ] [org.springframework.web.servlet.view.InternalResourceView] [http-nio-8080-exec-10] [168] [DEBUG] Forwarding to [/WEB-INF/jsp/index.jsp]
[2018-12-07 10:23:42 ] [org.springframework.web.servlet.FrameworkServlet] [http-nio-8080-exec-10] [1123] [DEBUG] Completed 200 OK
[2018-12-07 10:23:42 ] [org.springframework.core.log.LogFormatUtils] [http-nio-8080-exec-1] [90] [DEBUG] GET "/resources/css/style.css", parameters={}
[2018-12-07 10:23:42 ] [org.springframework.web.servlet.DispatcherServlet] [http-nio-8080-exec-1] [1248] [WARN ] No mapping for GET /resources/css/style.css
[2018-12-07 10:23:42 ] [org.springframework.web.servlet.FrameworkServlet] [http-nio-8080-exec-1] [1123] [DEBUG] Completed 404 NOT_FOUND
[2018-12-07 10:23:42 ] [org.springframework.core.log.LogFormatUtils] [http-nio-8080-exec-5] [90] [DEBUG] GET "/login", parameters={}
[2018-12-07 10:23:42 ] [org.springframework.web.servlet.handler.AbstractHandlerMapping] [http-nio-8080-exec-5] [420] [DEBUG] Mapped to public java.lang.String lukasz.Apka.mainControllerr.LoginPageController.showLoginPage()
[2018-12-07 10:23:42 ] [org.springframework.web.servlet.view.ContentNegotiatingViewResolver] [http-nio-8080-exec-5] [347] [DEBUG] Selected '*/*;q=0.1' given [text/css, */*;q=0.1]
[2018-12-07 10:23:42 ] [org.springframework.web.servlet.view.AbstractView] [http-nio-8080-exec-5] [309] [DEBUG] View name 'login', model {}
[2018-12-07 10:23:42 ] [org.springframework.web.servlet.view.InternalResourceView] [http-nio-8080-exec-5] [168] [DEBUG] Forwarding to [/WEB-INF/jsp/login.jsp]
[2018-12-07 10:23:42 ] [org.springframework.web.servlet.FrameworkServlet] [http-nio-8080-exec-5] [1123] [DEBUG] Completed 200 OK
[2018-12-07 10:23:42 ] [org.springframework.core.log.LogFormatUtils] [http-nio-8080-exec-6] [90] [DEBUG] GET "/login", parameters={}
[2018-12-07 10:23:42 ] [org.springframework.web.servlet.handler.AbstractHandlerMapping] [http-nio-8080-exec-6] [420] [DEBUG] Mapped to public java.lang.String lukasz.Apka.mainControllerr.LoginPageController.showLoginPage()
[2018-12-07 10:23:42 ] [org.springframework.web.servlet.view.ContentNegotiatingViewResolver] [http-nio-8080-exec-6] [347] [DEBUG] Selected 'text/html' given [text/html, application/xhtml+xml, application/xml;q=0.9, */*;q=0.8]
[2018-12-07 10:23:42 ] [org.springframework.web.servlet.view.AbstractView] [http-nio-8080-exec-6] [309] [DEBUG] View name 'login', model {}
[2018-12-07 10:23:42 ] [org.springframework.web.servlet.view.InternalResourceView] [http-nio-8080-exec-6] [168] [DEBUG] Forwarding to [/WEB-INF/jsp/login.jsp]
[2018-12-07 10:23:42 ] [org.springframework.web.servlet.FrameworkServlet] [http-nio-8080-exec-6] [1123] [DEBUG] Completed 200 OK
[2018-12-07 10:24:25 ] [org.springframework.scheduling.concurrent.ExecutorConfigurationSupport] [Thread-3] [208] [INFO ] Shutting down ExecutorService 'applicationTaskExecutor'
[2018-12-07 10:24:25 ] [org.springframework.orm.jpa.AbstractEntityManagerFactoryBean] [Thread-3] [597] [INFO ] Closing JPA EntityManagerFactory for persistence unit 'default'
[2018-12-07 10:24:25 ] [com.zaxxer.hikari.HikariDataSource] [Thread-3] [350] [INFO ] HikariPool-1 - Shutdown initiated...
[2018-12-07 10:24:25 ] [com.zaxxer.hikari.HikariDataSource] [Thread-3] [352] [INFO ] HikariPool-1 - Shutdown completed.
