[2018-12-06 19:43:38 ] [org.springframework.boot.StartupInfoLogger] [main] [50] [INFO ] Starting ApkaApplication on lukasz-CX61-2PF with PID 3386 (started by lukasz in /home/lukasz/Documents/workspace-sts-3.9.5.RELEASEE/Apkaaa___Lekcja_16_Logi aplikacji)
[2018-12-06 19:43:38 ] [org.springframework.boot.StartupInfoLogger] [main] [53] [DEBUG] Running with Spring Boot v2.1.0.RELEASE, Spring v5.1.2.RELEASE
[2018-12-06 19:43:38 ] [org.springframework.boot.SpringApplication] [main] [675] [INFO ] No active profile set, falling back to default profiles: default
[2018-12-06 19:43:40 ] [org.springframework.data.repository.config.RepositoryConfigurationDelegate] [main] [126] [INFO ] Bootstrapping Spring Data repositories in DEFAULT mode.
[2018-12-06 19:43:40 ] [org.springframework.data.repository.config.RepositoryConfigurationDelegate] [main] [182] [INFO ] Finished Spring Data repository scanning in 82ms. Found 3 repository interfaces.
[2018-12-06 19:43:40 ] [org.springframework.context.support.PostProcessorRegistrationDelegate$BeanPostProcessorChecker] [main] [330] [INFO ] Bean 'org.springframework.transaction.annotation.ProxyTransactionManagementConfiguration' of type [org.springframework.transaction.annotation.ProxyTransactionManagementConfiguration$$EnhancerBySpringCGLIB$$5b695601] is not eligible for getting processed by all BeanPostProcessors (for example: not eligible for auto-proxying)
[2018-12-06 19:43:40 ] [org.springframework.context.support.PostProcessorRegistrationDelegate$BeanPostProcessorChecker] [main] [330] [INFO ] Bean 'org.springframework.security.config.annotation.configuration.ObjectPostProcessorConfiguration' of type [org.springframework.security.config.annotation.configuration.ObjectPostProcessorConfiguration$$EnhancerBySpringCGLIB$$f4171e3b] is not eligible for getting processed by all BeanPostProcessors (for example: not eligible for auto-proxying)
[2018-12-06 19:43:40 ] [org.springframework.context.support.PostProcessorRegistrationDelegate$BeanPostProcessorChecker] [main] [330] [INFO ] Bean 'objectPostProcessor' of type [org.springframework.security.config.annotation.configuration.AutowireBeanFactoryObjectPostProcessor] is not eligible for getting processed by all BeanPostProcessors (for example: not eligible for auto-proxying)
[2018-12-06 19:43:40 ] [org.springframework.context.support.PostProcessorRegistrationDelegate$BeanPostProcessorChecker] [main] [330] [INFO ] Bean 'org.springframework.security.access.expression.method.DefaultMethodSecurityExpressionHandler@31c2affc' of type [org.springframework.security.access.expression.method.DefaultMethodSecurityExpressionHandler] is not eligible for getting processed by all BeanPostProcessors (for example: not eligible for auto-proxying)
[2018-12-06 19:43:40 ] [org.springframework.context.support.PostProcessorRegistrationDelegate$BeanPostProcessorChecker] [main] [330] [INFO ] Bean 'org.springframework.security.config.annotation.method.configuration.GlobalMethodSecurityConfiguration' of type [org.springframework.security.config.annotation.method.configuration.GlobalMethodSecurityConfiguration$$EnhancerBySpringCGLIB$$18ebc0ed] is not eligible for getting processed by all BeanPostProcessors (for example: not eligible for auto-proxying)
[2018-12-06 19:43:40 ] [org.springframework.context.support.PostProcessorRegistrationDelegate$BeanPostProcessorChecker] [main] [330] [INFO ] Bean 'methodSecurityMetadataSource' of type [org.springframework.security.access.method.DelegatingMethodSecurityMetadataSource] is not eligible for getting processed by all BeanPostProcessors (for example: not eligible for auto-proxying)
[2018-12-06 19:43:40 ] [org.springframework.context.support.PostProcessorRegistrationDelegate$BeanPostProcessorChecker] [main] [330] [INFO ] Bean 'org.springframework.hateoas.config.HateoasConfiguration' of type [org.springframework.hateoas.config.HateoasConfiguration$$EnhancerBySpringCGLIB$$dae9a333] is not eligible for getting processed by all BeanPostProcessors (for example: not eligible for auto-proxying)
[2018-12-06 19:43:41 ] [org.springframework.boot.web.embedded.tomcat.TomcatWebServer] [main] [90] [INFO ] Tomcat initialized with port(s): 8080 (http)
[2018-12-06 19:43:41 ] [org.apache.juli.logging.DirectJDKLog] [main] [173] [INFO ] Initializing ProtocolHandler ["http-nio-8080"]
[2018-12-06 19:43:41 ] [org.apache.juli.logging.DirectJDKLog] [main] [173] [INFO ] Starting service [Tomcat]
[2018-12-06 19:43:41 ] [org.apache.juli.logging.DirectJDKLog] [main] [173] [INFO ] Starting Servlet Engine: Apache Tomcat/9.0.12
[2018-12-06 19:43:41 ] [org.apache.juli.logging.DirectJDKLog] [main] [173] [INFO ] The APR based Apache Tomcat Native library which allows optimal performance in production environments was not found on the java.library.path: [/usr/java/packages/lib/amd64:/usr/lib64:/lib64:/lib:/usr/lib]
[2018-12-06 19:43:41 ] [org.apache.juli.logging.DirectJDKLog] [main] [173] [INFO ] At least one JAR was scanned for TLDs yet contained no TLDs. Enable debug logging for this logger for a complete list of JARs that were scanned but no TLDs were found in them. Skipping unneeded JARs during scanning can improve startup time and JSP compilation time.
[2018-12-06 19:43:41 ] [org.apache.juli.logging.DirectJDKLog] [main] [173] [INFO ] Initializing Spring embedded WebApplicationContext
[2018-12-06 19:43:41 ] [org.springframework.boot.web.servlet.context.ServletWebServerApplicationContext] [main] [277] [DEBUG] Published root WebApplicationContext as ServletContext attribute with name [org.springframework.web.context.WebApplicationContext.ROOT]
[2018-12-06 19:43:41 ] [org.springframework.boot.web.servlet.context.ServletWebServerApplicationContext] [main] [285] [INFO ] Root WebApplicationContext: initialization completed in 3122 ms
[2018-12-06 19:43:41 ] [org.springframework.boot.web.servlet.AbstractFilterRegistrationBean] [main] [248] [INFO ] Mapping filter: 'characterEncodingFilter' to: [/*]
[2018-12-06 19:43:41 ] [org.springframework.boot.web.servlet.AbstractFilterRegistrationBean] [main] [248] [INFO ] Mapping filter: 'hiddenHttpMethodFilter' to: [/*]
[2018-12-06 19:43:41 ] [org.springframework.boot.web.servlet.AbstractFilterRegistrationBean] [main] [248] [INFO ] Mapping filter: 'formContentFilter' to: [/*]
[2018-12-06 19:43:41 ] [org.springframework.boot.web.servlet.AbstractFilterRegistrationBean] [main] [248] [INFO ] Mapping filter: 'requestContextFilter' to: [/*]
[2018-12-06 19:43:41 ] [org.springframework.boot.web.servlet.AbstractFilterRegistrationBean] [main] [248] [INFO ] Mapping filter: 'springSecurityFilterChain' to: [/*]
[2018-12-06 19:43:41 ] [org.springframework.boot.web.servlet.ServletRegistrationBean] [main] [186] [INFO ] Servlet dispatcherServlet mapped to [/]
[2018-12-06 19:43:41 ] [com.zaxxer.hikari.HikariDataSource] [main] [110] [INFO ] HikariPool-1 - Starting...
[2018-12-06 19:43:42 ] [com.zaxxer.hikari.HikariDataSource] [main] [123] [INFO ] HikariPool-1 - Start completed.
[2018-12-06 19:43:44 ] [org.springframework.orm.jpa.AbstractEntityManagerFactoryBean] [main] [415] [INFO ] Initialized JPA EntityManagerFactory for persistence unit 'default'
[2018-12-06 19:43:45 ] [org.springframework.security.web.DefaultSecurityFilterChain] [main] [43] [INFO ] Creating filter chain: Ant [pattern='/resources/**'], []
[2018-12-06 19:43:45 ] [org.springframework.security.web.DefaultSecurityFilterChain] [main] [43] [INFO ] Creating filter chain: Ant [pattern='/statics/**'], []
[2018-12-06 19:43:45 ] [org.springframework.security.web.DefaultSecurityFilterChain] [main] [43] [INFO ] Creating filter chain: Ant [pattern='/css/**'], []
[2018-12-06 19:43:45 ] [org.springframework.security.web.DefaultSecurityFilterChain] [main] [43] [INFO ] Creating filter chain: Ant [pattern='/js/**'], []
[2018-12-06 19:43:45 ] [org.springframework.security.web.DefaultSecurityFilterChain] [main] [43] [INFO ] Creating filter chain: Ant [pattern='/images/**'], []
[2018-12-06 19:43:45 ] [org.springframework.security.web.DefaultSecurityFilterChain] [main] [43] [INFO ] Creating filter chain: Ant [pattern='/incl/**'], []
[2018-12-06 19:43:45 ] [org.springframework.security.web.DefaultSecurityFilterChain] [main] [43] [INFO ] Creating filter chain: any request, [org.springframework.security.web.context.request.async.WebAsyncManagerIntegrationFilter@35ab4260, org.springframework.security.web.context.SecurityContextPersistenceFilter@1c011855, org.springframework.security.web.header.HeaderWriterFilter@bc8d68b, org.springframework.security.web.authentication.logout.LogoutFilter@7e1a9173, org.springframework.security.web.authentication.UsernamePasswordAuthenticationFilter@32b95de, org.springframework.security.web.savedrequest.RequestCacheAwareFilter@37d3aa8c, org.springframework.security.web.servletapi.SecurityContextHolderAwareRequestFilter@fd87c22, org.springframework.security.web.authentication.AnonymousAuthenticationFilter@76134b9b, org.springframework.security.web.session.SessionManagementFilter@3cf8a235, org.springframework.security.web.access.ExceptionTranslationFilter@631944d4, org.springframework.security.web.access.intercept.FilterSecurityInterceptor@7462ba4b]
[2018-12-06 19:43:45 ] [org.springframework.web.servlet.handler.SimpleUrlHandlerMapping] [main] [139] [DEBUG] Patterns [/**/favicon.ico] in 'faviconHandlerMapping'
[2018-12-06 19:43:45 ] [org.springframework.scheduling.concurrent.ExecutorConfigurationSupport] [main] [171] [INFO ] Initializing ExecutorService 'applicationTaskExecutor'
[2018-12-06 19:43:45 ] [org.springframework.web.servlet.mvc.method.annotation.RequestMappingHandlerAdapter] [main] [622] [DEBUG] ControllerAdvice beans: 0 @ModelAttribute, 0 @InitBinder, 1 RequestBodyAdvice, 1, ResponseBodyAdvice
[2018-12-06 19:43:45 ] [org.springframework.boot.autoconfigure.orm.jpa.JpaBaseConfiguration$JpaWebConfiguration$JpaWebMvcConfiguration] [main] [234] [WARN ] spring.jpa.open-in-view is enabled by default. Therefore, database queries may be performed during view rendering. Explicitly configure spring.jpa.open-in-view to disable this warning
[2018-12-06 19:43:45 ] [org.springframework.web.servlet.handler.AbstractHandlerMethodMapping] [main] [332] [DEBUG] 16 mappings in 'requestMappingHandlerMapping'
[2018-12-06 19:43:45 ] [org.springframework.web.servlet.handler.SimpleUrlHandlerMapping] [main] [139] [DEBUG] Patterns [/webjars/**, /resources/** ] in 'resourceHandlerMapping'
[2018-12-06 19:43:45 ] [org.springframework.web.servlet.mvc.method.annotation.ExceptionHandlerExceptionResolver] [main] [302] [DEBUG] ControllerAdvice beans: 1 @ExceptionHandler, 1 ResponseBodyAdvice
[2018-12-06 19:43:46 ] [org.springframework.boot.autoconfigure.web.servlet.WelcomePageHandlerMapping] [main] [61] [INFO ] Adding welcome page template: index
[2018-12-06 19:43:46 ] [org.springframework.boot.autoconfigure.security.servlet.UserDetailsServiceAutoConfiguration] [main] [86] [INFO ] 

Using generated security password: bba0ccc1-5c7d-4316-ae74-9590405402fc

[2018-12-06 19:43:46 ] [org.apache.juli.logging.DirectJDKLog] [main] [173] [INFO ] Starting ProtocolHandler ["http-nio-8080"]
[2018-12-06 19:43:46 ] [org.apache.juli.logging.DirectJDKLog] [main] [173] [INFO ] Using a shared selector for servlet write/read
[2018-12-06 19:43:46 ] [org.springframework.boot.web.embedded.tomcat.TomcatWebServer] [main] [204] [INFO ] Tomcat started on port(s): 8080 (http) with context path ''
[2018-12-06 19:43:46 ] [org.springframework.boot.StartupInfoLogger] [main] [59] [INFO ] Started ApkaApplication in 8.961 seconds (JVM running for 10.108)
[2018-12-06 19:44:22 ] [org.apache.juli.logging.DirectJDKLog] [http-nio-8080-exec-2] [173] [INFO ] Initializing Spring DispatcherServlet 'dispatcherServlet'
[2018-12-06 19:44:22 ] [org.springframework.web.servlet.FrameworkServlet] [http-nio-8080-exec-2] [521] [INFO ] Initializing Servlet 'dispatcherServlet'
[2018-12-06 19:44:22 ] [org.springframework.web.servlet.DispatcherServlet] [http-nio-8080-exec-2] [525] [DEBUG] Detected StandardServletMultipartResolver
[2018-12-06 19:44:22 ] [org.springframework.web.servlet.FrameworkServlet] [http-nio-8080-exec-2] [538] [DEBUG] enableLoggingRequestDetails='false': request parameters and headers will be masked to prevent unsafe logging of potentially sensitive data
[2018-12-06 19:44:22 ] [org.springframework.web.servlet.FrameworkServlet] [http-nio-8080-exec-2] [543] [INFO ] Completed initialization in 40 ms
[2018-12-06 19:44:22 ] [org.springframework.core.log.LogFormatUtils] [http-nio-8080-exec-2] [90] [DEBUG] GET "/", parameters={}
[2018-12-06 19:44:22 ] [org.springframework.web.servlet.view.ContentNegotiatingViewResolver] [http-nio-8080-exec-2] [347] [DEBUG] Selected 'text/html' given [text/html, application/xhtml+xml, application/xml;q=0.9, */*;q=0.8]
[2018-12-06 19:44:22 ] [org.springframework.web.servlet.view.AbstractView] [http-nio-8080-exec-2] [309] [DEBUG] View name 'index', model {}
[2018-12-06 19:44:22 ] [org.springframework.web.servlet.view.InternalResourceView] [http-nio-8080-exec-2] [168] [DEBUG] Forwarding to [/WEB-INF/jsp/index.jsp]
[2018-12-06 19:44:23 ] [org.springframework.web.servlet.FrameworkServlet] [http-nio-8080-exec-2] [1123] [DEBUG] Completed 200 OK
[2018-12-06 19:44:24 ] [org.springframework.core.log.LogFormatUtils] [http-nio-8080-exec-3] [90] [DEBUG] GET "/resources/css/style.css", parameters={}
[2018-12-06 19:44:24 ] [org.springframework.web.servlet.DispatcherServlet] [http-nio-8080-exec-3] [1248] [WARN ] No mapping for GET /resources/css/style.css
[2018-12-06 19:44:24 ] [org.springframework.web.servlet.FrameworkServlet] [http-nio-8080-exec-3] [1123] [DEBUG] Completed 404 NOT_FOUND
[2018-12-06 19:44:24 ] [org.springframework.core.log.LogFormatUtils] [http-nio-8080-exec-5] [90] [DEBUG] GET "/login", parameters={}
[2018-12-06 19:44:24 ] [org.springframework.web.servlet.handler.AbstractHandlerMapping] [http-nio-8080-exec-5] [420] [DEBUG] Mapped to public java.lang.String lukasz.Apka.mainControllerr.LoginPageController.showLoginPage()
[2018-12-06 19:44:24 ] [org.springframework.web.servlet.view.ContentNegotiatingViewResolver] [http-nio-8080-exec-5] [347] [DEBUG] Selected '*/*;q=0.1' given [text/css, */*;q=0.1]
[2018-12-06 19:44:24 ] [org.springframework.web.servlet.view.AbstractView] [http-nio-8080-exec-5] [309] [DEBUG] View name 'login', model {}
[2018-12-06 19:44:24 ] [org.springframework.web.servlet.view.InternalResourceView] [http-nio-8080-exec-5] [168] [DEBUG] Forwarding to [/WEB-INF/jsp/login.jsp]
[2018-12-06 19:44:24 ] [org.springframework.web.servlet.FrameworkServlet] [http-nio-8080-exec-5] [1123] [DEBUG] Completed 200 OK
[2018-12-06 19:44:24 ] [org.springframework.core.log.LogFormatUtils] [http-nio-8080-exec-6] [90] [DEBUG] GET "/login", parameters={}
[2018-12-06 19:44:24 ] [org.springframework.web.servlet.handler.AbstractHandlerMapping] [http-nio-8080-exec-6] [420] [DEBUG] Mapped to public java.lang.String lukasz.Apka.mainControllerr.LoginPageController.showLoginPage()
[2018-12-06 19:44:24 ] [org.springframework.web.servlet.view.ContentNegotiatingViewResolver] [http-nio-8080-exec-6] [347] [DEBUG] Selected 'text/html' given [text/html, application/xhtml+xml, application/xml;q=0.9, */*;q=0.8]
[2018-12-06 19:44:24 ] [org.springframework.web.servlet.view.AbstractView] [http-nio-8080-exec-6] [309] [DEBUG] View name 'login', model {}
[2018-12-06 19:44:24 ] [org.springframework.web.servlet.view.InternalResourceView] [http-nio-8080-exec-6] [168] [DEBUG] Forwarding to [/WEB-INF/jsp/login.jsp]
[2018-12-06 19:44:24 ] [org.springframework.web.servlet.FrameworkServlet] [http-nio-8080-exec-6] [1123] [DEBUG] Completed 200 OK
[2018-12-06 19:44:26 ] [org.springframework.core.log.LogFormatUtils] [http-nio-8080-exec-7] [90] [DEBUG] GET "/register", parameters={}
[2018-12-06 19:44:26 ] [org.springframework.web.servlet.handler.AbstractHandlerMapping] [http-nio-8080-exec-7] [420] [DEBUG] Mapped to public java.lang.String lukasz.Apka.user.RegisterController.registerForm(org.springframework.ui.Model)
[2018-12-06 19:44:26 ] [org.springframework.web.servlet.view.ContentNegotiatingViewResolver] [http-nio-8080-exec-7] [347] [DEBUG] Selected 'text/html' given [text/html, application/xhtml+xml, application/xml;q=0.9, */*;q=0.8]
[2018-12-06 19:44:26 ] [org.springframework.web.servlet.view.AbstractView] [http-nio-8080-exec-7] [309] [DEBUG] View name 'register', model {user=lukasz.Apka.user.User@11fba3d3, org.springframework.validation.BindingResult.user=org.springframework.validation.BeanPropertyBindingResult: 0 errors}
[2018-12-06 19:44:26 ] [org.springframework.web.servlet.view.InternalResourceView] [http-nio-8080-exec-7] [168] [DEBUG] Forwarding to [/WEB-INF/jsp/register.jsp]
[2018-12-06 19:44:27 ] [org.springframework.web.servlet.FrameworkServlet] [http-nio-8080-exec-7] [1123] [DEBUG] Completed 200 OK
[2018-12-06 19:44:27 ] [org.springframework.core.log.LogFormatUtils] [http-nio-8080-exec-8] [90] [DEBUG] GET "/resources/css/style.css", parameters={}
[2018-12-06 19:44:27 ] [org.springframework.web.servlet.DispatcherServlet] [http-nio-8080-exec-8] [1248] [WARN ] No mapping for GET /resources/css/style.css
[2018-12-06 19:44:27 ] [org.springframework.web.servlet.FrameworkServlet] [http-nio-8080-exec-8] [1123] [DEBUG] Completed 404 NOT_FOUND
[2018-12-06 19:44:27 ] [org.springframework.core.log.LogFormatUtils] [http-nio-8080-exec-9] [90] [DEBUG] GET "/login", parameters={}
[2018-12-06 19:44:27 ] [org.springframework.web.servlet.handler.AbstractHandlerMapping] [http-nio-8080-exec-9] [420] [DEBUG] Mapped to public java.lang.String lukasz.Apka.mainControllerr.LoginPageController.showLoginPage()
[2018-12-06 19:44:27 ] [org.springframework.web.servlet.view.ContentNegotiatingViewResolver] [http-nio-8080-exec-9] [347] [DEBUG] Selected '*/*;q=0.1' given [text/css, */*;q=0.1]
[2018-12-06 19:44:27 ] [org.springframework.web.servlet.view.AbstractView] [http-nio-8080-exec-9] [309] [DEBUG] View name 'login', model {}
[2018-12-06 19:44:27 ] [org.springframework.web.servlet.view.InternalResourceView] [http-nio-8080-exec-9] [168] [DEBUG] Forwarding to [/WEB-INF/jsp/login.jsp]
[2018-12-06 19:44:27 ] [org.springframework.web.servlet.FrameworkServlet] [http-nio-8080-exec-9] [1123] [DEBUG] Completed 200 OK
[2018-12-06 19:44:27 ] [org.springframework.core.log.LogFormatUtils] [http-nio-8080-exec-1] [90] [DEBUG] GET "/login", parameters={}
[2018-12-06 19:44:27 ] [org.springframework.web.servlet.handler.AbstractHandlerMapping] [http-nio-8080-exec-1] [420] [DEBUG] Mapped to public java.lang.String lukasz.Apka.mainControllerr.LoginPageController.showLoginPage()
[2018-12-06 19:44:27 ] [org.springframework.web.servlet.view.ContentNegotiatingViewResolver] [http-nio-8080-exec-1] [347] [DEBUG] Selected 'text/html' given [text/html, application/xhtml+xml, application/xml;q=0.9, */*;q=0.8]
[2018-12-06 19:44:27 ] [org.springframework.web.servlet.view.AbstractView] [http-nio-8080-exec-1] [309] [DEBUG] View name 'login', model {}
[2018-12-06 19:44:27 ] [org.springframework.web.servlet.view.InternalResourceView] [http-nio-8080-exec-1] [168] [DEBUG] Forwarding to [/WEB-INF/jsp/login.jsp]
[2018-12-06 19:44:27 ] [org.springframework.web.servlet.FrameworkServlet] [http-nio-8080-exec-1] [1123] [DEBUG] Completed 200 OK
[2018-12-06 19:44:28 ] [org.springframework.core.log.LogFormatUtils] [http-nio-8080-exec-2] [90] [DEBUG] GET "/login", parameters={}
[2018-12-06 19:44:28 ] [org.springframework.web.servlet.handler.AbstractHandlerMapping] [http-nio-8080-exec-2] [420] [DEBUG] Mapped to public java.lang.String lukasz.Apka.mainControllerr.LoginPageController.showLoginPage()
[2018-12-06 19:44:28 ] [org.springframework.web.servlet.view.ContentNegotiatingViewResolver] [http-nio-8080-exec-2] [347] [DEBUG] Selected 'text/html' given [text/html, application/xhtml+xml, application/xml;q=0.9, */*;q=0.8]
[2018-12-06 19:44:28 ] [org.springframework.web.servlet.view.AbstractView] [http-nio-8080-exec-2] [309] [DEBUG] View name 'login', model {}
[2018-12-06 19:44:28 ] [org.springframework.web.servlet.view.InternalResourceView] [http-nio-8080-exec-2] [168] [DEBUG] Forwarding to [/WEB-INF/jsp/login.jsp]
[2018-12-06 19:44:28 ] [org.springframework.web.servlet.FrameworkServlet] [http-nio-8080-exec-2] [1123] [DEBUG] Completed 200 OK
[2018-12-06 19:44:28 ] [org.springframework.core.log.LogFormatUtils] [http-nio-8080-exec-3] [90] [DEBUG] GET "/resources/css/style.css", parameters={}
[2018-12-06 19:44:28 ] [org.springframework.web.servlet.DispatcherServlet] [http-nio-8080-exec-3] [1248] [WARN ] No mapping for GET /resources/css/style.css
[2018-12-06 19:44:28 ] [org.springframework.web.servlet.FrameworkServlet] [http-nio-8080-exec-3] [1123] [DEBUG] Completed 404 NOT_FOUND
[2018-12-06 19:44:28 ] [org.springframework.core.log.LogFormatUtils] [http-nio-8080-exec-4] [90] [DEBUG] GET "/login", parameters={}
[2018-12-06 19:44:28 ] [org.springframework.web.servlet.handler.AbstractHandlerMapping] [http-nio-8080-exec-4] [420] [DEBUG] Mapped to public java.lang.String lukasz.Apka.mainControllerr.LoginPageController.showLoginPage()
[2018-12-06 19:44:28 ] [org.springframework.web.servlet.view.ContentNegotiatingViewResolver] [http-nio-8080-exec-4] [347] [DEBUG] Selected '*/*;q=0.1' given [text/css, */*;q=0.1]
[2018-12-06 19:44:28 ] [org.springframework.web.servlet.view.AbstractView] [http-nio-8080-exec-4] [309] [DEBUG] View name 'login', model {}
[2018-12-06 19:44:28 ] [org.springframework.web.servlet.view.InternalResourceView] [http-nio-8080-exec-4] [168] [DEBUG] Forwarding to [/WEB-INF/jsp/login.jsp]
[2018-12-06 19:44:28 ] [org.springframework.web.servlet.FrameworkServlet] [http-nio-8080-exec-4] [1123] [DEBUG] Completed 200 OK
[2018-12-06 19:44:28 ] [org.springframework.core.log.LogFormatUtils] [http-nio-8080-exec-6] [90] [DEBUG] GET "/login", parameters={}
[2018-12-06 19:44:28 ] [org.springframework.web.servlet.handler.AbstractHandlerMapping] [http-nio-8080-exec-6] [420] [DEBUG] Mapped to public java.lang.String lukasz.Apka.mainControllerr.LoginPageController.showLoginPage()
[2018-12-06 19:44:28 ] [org.springframework.web.servlet.view.ContentNegotiatingViewResolver] [http-nio-8080-exec-6] [347] [DEBUG] Selected 'text/html' given [text/html, application/xhtml+xml, application/xml;q=0.9, */*;q=0.8]
[2018-12-06 19:44:28 ] [org.springframework.web.servlet.view.AbstractView] [http-nio-8080-exec-6] [309] [DEBUG] View name 'login', model {}
[2018-12-06 19:44:28 ] [org.springframework.web.servlet.view.InternalResourceView] [http-nio-8080-exec-6] [168] [DEBUG] Forwarding to [/WEB-INF/jsp/login.jsp]
[2018-12-06 19:44:28 ] [org.springframework.web.servlet.FrameworkServlet] [http-nio-8080-exec-6] [1123] [DEBUG] Completed 200 OK
[2018-12-06 19:44:31 ] [org.springframework.core.log.LogFormatUtils] [http-nio-8080-exec-8] [90] [DEBUG] GET "/error", parameters={}
[2018-12-06 19:44:31 ] [org.springframework.web.servlet.handler.AbstractHandlerMapping] [http-nio-8080-exec-8] [420] [DEBUG] Mapped to public java.lang.String lukasz.Apka.mainControllerr.ErrorPageController.showErrorPage()
[2018-12-06 19:44:31 ] [org.springframework.web.servlet.view.ContentNegotiatingViewResolver] [http-nio-8080-exec-8] [347] [DEBUG] Selected '*/*;q=0.1' given [text/css, */*;q=0.1]
[2018-12-06 19:44:31 ] [org.springframework.web.servlet.view.AbstractView] [http-nio-8080-exec-8] [309] [DEBUG] View name 'error', model {}
[2018-12-06 19:44:31 ] [org.springframework.web.servlet.view.InternalResourceView] [http-nio-8080-exec-8] [168] [DEBUG] Forwarding to [/WEB-INF/jsp/error.jsp]
[2018-12-06 19:44:32 ] [org.springframework.web.servlet.FrameworkServlet] [http-nio-8080-exec-8] [1123] [DEBUG] Completed 200 OK
[2018-12-06 19:44:32 ] [org.springframework.core.log.LogFormatUtils] [http-nio-8080-exec-9] [90] [DEBUG] GET "/resources/css/style.css", parameters={}
[2018-12-06 19:44:32 ] [org.springframework.web.servlet.DispatcherServlet] [http-nio-8080-exec-9] [1248] [WARN ] No mapping for GET /resources/css/style.css
[2018-12-06 19:44:32 ] [org.springframework.web.servlet.FrameworkServlet] [http-nio-8080-exec-9] [1123] [DEBUG] Completed 404 NOT_FOUND
[2018-12-06 19:44:32 ] [org.springframework.core.log.LogFormatUtils] [http-nio-8080-exec-9] [90] [DEBUG] "ERROR" dispatch for GET "/error", parameters={}
[2018-12-06 19:44:32 ] [org.springframework.web.servlet.handler.AbstractHandlerMapping] [http-nio-8080-exec-9] [420] [DEBUG] Mapped to public java.lang.String lukasz.Apka.mainControllerr.ErrorPageController.showErrorPage()
[2018-12-06 19:44:32 ] [org.springframework.web.servlet.view.ContentNegotiatingViewResolver] [http-nio-8080-exec-9] [244] [DEBUG] View remains unresolved given [application/hal+json;q=0.1]
[2018-12-06 19:44:32 ] [org.springframework.web.servlet.view.AbstractView] [http-nio-8080-exec-9] [309] [DEBUG] View name 'error', model {}
[2018-12-06 19:44:32 ] [org.springframework.web.servlet.view.InternalResourceView] [http-nio-8080-exec-9] [168] [DEBUG] Forwarding to [/WEB-INF/jsp/error.jsp]
[2018-12-06 19:44:32 ] [org.springframework.web.servlet.FrameworkServlet] [http-nio-8080-exec-9] [1119] [DEBUG] Exiting from "ERROR" dispatch, status 404
[2018-12-06 19:44:32 ] [org.springframework.core.log.LogFormatUtils] [http-nio-8080-exec-10] [90] [DEBUG] GET "/resources/images/stamperror.jpg", parameters={}
[2018-12-06 19:44:32 ] [org.springframework.web.servlet.DispatcherServlet] [http-nio-8080-exec-10] [1248] [WARN ] No mapping for GET /resources/images/stamperror.jpg
[2018-12-06 19:44:32 ] [org.springframework.web.servlet.FrameworkServlet] [http-nio-8080-exec-10] [1123] [DEBUG] Completed 404 NOT_FOUND
[2018-12-06 19:44:32 ] [org.springframework.core.log.LogFormatUtils] [http-nio-8080-exec-10] [90] [DEBUG] "ERROR" dispatch for GET "/error", parameters={}
[2018-12-06 19:44:32 ] [org.springframework.web.servlet.handler.AbstractHandlerMapping] [http-nio-8080-exec-10] [420] [DEBUG] Mapped to public java.lang.String lukasz.Apka.mainControllerr.ErrorPageController.showErrorPage()
[2018-12-06 19:44:32 ] [org.springframework.web.servlet.view.ContentNegotiatingViewResolver] [http-nio-8080-exec-10] [244] [DEBUG] View remains unresolved given [application/hal+json]
[2018-12-06 19:44:32 ] [org.springframework.web.servlet.view.AbstractView] [http-nio-8080-exec-10] [309] [DEBUG] View name 'error', model {}
[2018-12-06 19:44:32 ] [org.springframework.web.servlet.view.InternalResourceView] [http-nio-8080-exec-10] [168] [DEBUG] Forwarding to [/WEB-INF/jsp/error.jsp]
[2018-12-06 19:44:32 ] [org.springframework.web.servlet.FrameworkServlet] [http-nio-8080-exec-10] [1119] [DEBUG] Exiting from "ERROR" dispatch, status 404
[2018-12-06 19:44:32 ] [org.springframework.core.log.LogFormatUtils] [http-nio-8080-exec-1] [90] [DEBUG] GET "/favicon.ico", parameters={}
[2018-12-06 19:44:32 ] [org.springframework.web.servlet.handler.AbstractHandlerMapping] [http-nio-8080-exec-1] [420] [DEBUG] Mapped to ResourceHttpRequestHandler [class path resource [META-INF/resources/], class path resource [resources/], class path resource [static/], class path resource [public/], ServletContext resource [/], class path resource []]
[2018-12-06 19:44:32 ] [org.springframework.web.servlet.FrameworkServlet] [http-nio-8080-exec-1] [1123] [DEBUG] Completed 200 OK
[2018-12-06 19:44:34 ] [org.springframework.core.log.LogFormatUtils] [http-nio-8080-exec-2] [90] [DEBUG] GET "/admin", parameters={}
[2018-12-06 19:44:34 ] [org.springframework.web.servlet.handler.AbstractHandlerMapping] [http-nio-8080-exec-2] [420] [DEBUG] Mapped to public java.lang.String lukasz.Apka.admin.AdminPageController.openAdminMainPage()
[2018-12-06 19:44:34 ] [org.springframework.web.servlet.view.ContentNegotiatingViewResolver] [http-nio-8080-exec-2] [347] [DEBUG] Selected 'text/html' given [text/html, application/xhtml+xml, application/xml;q=0.9, */*;q=0.8]
[2018-12-06 19:44:34 ] [org.springframework.web.servlet.view.AbstractView] [http-nio-8080-exec-2] [309] [DEBUG] View name 'admin/admin', model {}
[2018-12-06 19:44:34 ] [org.springframework.web.servlet.view.InternalResourceView] [http-nio-8080-exec-2] [168] [DEBUG] Forwarding to [/WEB-INF/jsp/admin/admin.jsp]
[2018-12-06 19:44:34 ] [org.springframework.web.servlet.FrameworkServlet] [http-nio-8080-exec-2] [1123] [DEBUG] Completed 200 OK
[2018-12-06 19:44:34 ] [org.springframework.core.log.LogFormatUtils] [http-nio-8080-exec-3] [90] [DEBUG] GET "/resources/css/style.css", parameters={}
[2018-12-06 19:44:34 ] [org.springframework.web.servlet.DispatcherServlet] [http-nio-8080-exec-3] [1248] [WARN ] No mapping for GET /resources/css/style.css
[2018-12-06 19:44:34 ] [org.springframework.web.servlet.FrameworkServlet] [http-nio-8080-exec-3] [1123] [DEBUG] Completed 404 NOT_FOUND
[2018-12-06 19:44:34 ] [org.springframework.core.log.LogFormatUtils] [http-nio-8080-exec-3] [90] [DEBUG] "ERROR" dispatch for GET "/error", parameters={}
[2018-12-06 19:44:34 ] [org.springframework.web.servlet.handler.AbstractHandlerMapping] [http-nio-8080-exec-3] [420] [DEBUG] Mapped to public java.lang.String lukasz.Apka.mainControllerr.ErrorPageController.showErrorPage()
[2018-12-06 19:44:34 ] [org.springframework.web.servlet.view.ContentNegotiatingViewResolver] [http-nio-8080-exec-3] [244] [DEBUG] View remains unresolved given [application/hal+json;q=0.1]
[2018-12-06 19:44:34 ] [org.springframework.web.servlet.view.AbstractView] [http-nio-8080-exec-3] [309] [DEBUG] View name 'error', model {}
[2018-12-06 19:44:34 ] [org.springframework.web.servlet.view.InternalResourceView] [http-nio-8080-exec-3] [168] [DEBUG] Forwarding to [/WEB-INF/jsp/error.jsp]
[2018-12-06 19:44:34 ] [org.springframework.web.servlet.FrameworkServlet] [http-nio-8080-exec-3] [1119] [DEBUG] Exiting from "ERROR" dispatch, status 404
[2018-12-06 19:44:34 ] [org.springframework.core.log.LogFormatUtils] [http-nio-8080-exec-4] [90] [DEBUG] GET "/favicon.ico", parameters={}
[2018-12-06 19:44:34 ] [org.springframework.web.servlet.handler.AbstractHandlerMapping] [http-nio-8080-exec-4] [420] [DEBUG] Mapped to ResourceHttpRequestHandler [class path resource [META-INF/resources/], class path resource [resources/], class path resource [static/], class path resource [public/], ServletContext resource [/], class path resource []]
[2018-12-06 19:44:34 ] [org.springframework.web.servlet.FrameworkServlet] [http-nio-8080-exec-4] [1123] [DEBUG] Completed 200 OK
[2018-12-06 19:44:36 ] [org.springframework.core.log.LogFormatUtils] [http-nio-8080-exec-5] [90] [DEBUG] GET "/admin/users/1", parameters={}
[2018-12-06 19:44:36 ] [org.springframework.web.servlet.handler.AbstractHandlerMapping] [http-nio-8080-exec-5] [420] [DEBUG] Mapped to public java.lang.String lukasz.Apka.admin.AdminPageController.openAdminAllUsersPage(int,org.springframework.ui.Model)
[2018-12-06 19:44:36 ] [org.springframework.web.servlet.view.ContentNegotiatingViewResolver] [http-nio-8080-exec-5] [347] [DEBUG] Selected 'text/html' given [text/html, application/xhtml+xml, application/xml;q=0.9, */*;q=0.8]
[2018-12-06 19:44:36 ] [org.springframework.web.servlet.view.AbstractView] [http-nio-8080-exec-5] [309] [DEBUG] View name 'admin/users', model {totalPages=16, currentPage=1, userList=[lukasz.Apka.user.User@689e108a, lukasz.Apka.user.User@61bb9d13, lukasz.Apka.user.User@4eb474a2, lukasz.Apka.user.User@16fe335e, lukasz.Apka.user.User@4419bceb, lukasz.Apka.user.User@79f7f27e, lukasz.Apka.user.User@140b8886, lukasz.Apka.user.User@73083d9a, lukasz.Apka.user.User@7aff39f4, lukasz.Apka.user.User@3c5d40d7], recordStartCounter=0}
[2018-12-06 19:44:36 ] [org.springframework.web.servlet.view.InternalResourceView] [http-nio-8080-exec-5] [168] [DEBUG] Forwarding to [/WEB-INF/jsp/admin/users.jsp]
[2018-12-06 19:44:36 ] [org.springframework.web.servlet.FrameworkServlet] [http-nio-8080-exec-5] [1123] [DEBUG] Completed 200 OK
[2018-12-06 19:44:36 ] [org.springframework.core.log.LogFormatUtils] [http-nio-8080-exec-6] [90] [DEBUG] GET "/resources/css/style.css", parameters={}
[2018-12-06 19:44:36 ] [org.springframework.web.servlet.DispatcherServlet] [http-nio-8080-exec-6] [1248] [WARN ] No mapping for GET /resources/css/style.css
[2018-12-06 19:44:36 ] [org.springframework.web.servlet.FrameworkServlet] [http-nio-8080-exec-6] [1123] [DEBUG] Completed 404 NOT_FOUND
[2018-12-06 19:44:36 ] [org.springframework.core.log.LogFormatUtils] [http-nio-8080-exec-6] [90] [DEBUG] "ERROR" dispatch for GET "/error", parameters={}
[2018-12-06 19:44:36 ] [org.springframework.web.servlet.handler.AbstractHandlerMapping] [http-nio-8080-exec-6] [420] [DEBUG] Mapped to public java.lang.String lukasz.Apka.mainControllerr.ErrorPageController.showErrorPage()
[2018-12-06 19:44:36 ] [org.springframework.web.servlet.view.ContentNegotiatingViewResolver] [http-nio-8080-exec-6] [244] [DEBUG] View remains unresolved given [application/hal+json;q=0.1]
[2018-12-06 19:44:36 ] [org.springframework.web.servlet.view.AbstractView] [http-nio-8080-exec-6] [309] [DEBUG] View name 'error', model {}
[2018-12-06 19:44:36 ] [org.springframework.web.servlet.view.InternalResourceView] [http-nio-8080-exec-6] [168] [DEBUG] Forwarding to [/WEB-INF/jsp/error.jsp]
[2018-12-06 19:44:36 ] [org.springframework.web.servlet.FrameworkServlet] [http-nio-8080-exec-6] [1119] [DEBUG] Exiting from "ERROR" dispatch, status 404
[2018-12-06 19:44:36 ] [org.springframework.core.log.LogFormatUtils] [http-nio-8080-exec-7] [90] [DEBUG] GET "/favicon.ico", parameters={}
[2018-12-06 19:44:36 ] [org.springframework.web.servlet.handler.AbstractHandlerMapping] [http-nio-8080-exec-7] [420] [DEBUG] Mapped to ResourceHttpRequestHandler [class path resource [META-INF/resources/], class path resource [resources/], class path resource [static/], class path resource [public/], ServletContext resource [/], class path resource []]
[2018-12-06 19:44:36 ] [org.springframework.web.servlet.FrameworkServlet] [http-nio-8080-exec-7] [1123] [DEBUG] Completed 200 OK
[2018-12-06 19:44:38 ] [org.springframework.core.log.LogFormatUtils] [http-nio-8080-exec-8] [90] [DEBUG] GET "/admin/users/edit/5", parameters={}
[2018-12-06 19:44:38 ] [org.springframework.web.servlet.handler.AbstractHandlerMapping] [http-nio-8080-exec-8] [420] [DEBUG] Mapped to public java.lang.String lukasz.Apka.admin.AdminPageController.getUserToEdit(int,org.springframework.ui.Model)
[2018-12-06 19:44:38 ] [org.springframework.web.servlet.view.ContentNegotiatingViewResolver] [http-nio-8080-exec-8] [347] [DEBUG] Selected 'text/html' given [text/html, application/xhtml+xml, application/xml;q=0.9, */*;q=0.8]
[2018-12-06 19:44:38 ] [org.springframework.web.servlet.view.AbstractView] [http-nio-8080-exec-8] [309] [DEBUG] View name 'admin/useredit', model {roleMap={1=Administrator, 2=Uzytkownik}, activityMap={0=NIE, 1=TAK}, user=lukasz.Apka.user.User@3e666030, org.springframework.validation.BindingResult.user=org.springframework.validation.BeanPropertyBindingResult: 0 errors}
[2018-12-06 19:44:38 ] [org.springframework.web.servlet.view.InternalResourceView] [http-nio-8080-exec-8] [168] [DEBUG] Forwarding to [/WEB-INF/jsp/admin/useredit.jsp]
[2018-12-06 19:44:38 ] [org.springframework.web.servlet.FrameworkServlet] [http-nio-8080-exec-8] [1123] [DEBUG] Completed 200 OK
[2018-12-06 19:44:38 ] [org.springframework.core.log.LogFormatUtils] [http-nio-8080-exec-9] [90] [DEBUG] GET "/favicon.ico", parameters={}
[2018-12-06 19:44:38 ] [org.springframework.web.servlet.handler.AbstractHandlerMapping] [http-nio-8080-exec-9] [420] [DEBUG] Mapped to ResourceHttpRequestHandler [class path resource [META-INF/resources/], class path resource [resources/], class path resource [static/], class path resource [public/], ServletContext resource [/], class path resource []]
[2018-12-06 19:44:38 ] [org.springframework.web.servlet.FrameworkServlet] [http-nio-8080-exec-9] [1123] [DEBUG] Completed 200 OK
[2018-12-06 19:44:40 ] [org.springframework.core.log.LogFormatUtils] [http-nio-8080-exec-10] [90] [DEBUG] GET "/admin/users/1", parameters={}
[2018-12-06 19:44:40 ] [org.springframework.web.servlet.handler.AbstractHandlerMapping] [http-nio-8080-exec-10] [420] [DEBUG] Mapped to public java.lang.String lukasz.Apka.admin.AdminPageController.openAdminAllUsersPage(int,org.springframework.ui.Model)
[2018-12-06 19:44:40 ] [org.springframework.web.servlet.view.ContentNegotiatingViewResolver] [http-nio-8080-exec-10] [347] [DEBUG] Selected 'text/html' given [text/html, application/xhtml+xml, application/xml;q=0.9, */*;q=0.8]
[2018-12-06 19:44:40 ] [org.springframework.web.servlet.view.AbstractView] [http-nio-8080-exec-10] [309] [DEBUG] View name 'admin/users', model {totalPages=16, currentPage=1, userList=[lukasz.Apka.user.User@27e0f1b3, lukasz.Apka.user.User@1f05e874, lukasz.Apka.user.User@168d51a7, lukasz.Apka.user.User@47cf0efc, lukasz.Apka.user.User@77b91839, lukasz.Apka.user.User@b456f00, lukasz.Apka.user.User@7c86fc18, lukasz.Apka.user.User@4381b59a, lukasz.Apka.user.User@7cc61503, lukasz.Apka.user.User@5cdb48f4], recordStartCounter=0}
[2018-12-06 19:44:40 ] [org.springframework.web.servlet.view.InternalResourceView] [http-nio-8080-exec-10] [168] [DEBUG] Forwarding to [/WEB-INF/jsp/admin/users.jsp]
[2018-12-06 19:44:40 ] [org.springframework.web.servlet.FrameworkServlet] [http-nio-8080-exec-10] [1123] [DEBUG] Completed 200 OK
[2018-12-06 19:44:40 ] [org.springframework.core.log.LogFormatUtils] [http-nio-8080-exec-1] [90] [DEBUG] GET "/favicon.ico", parameters={}
[2018-12-06 19:44:40 ] [org.springframework.web.servlet.handler.AbstractHandlerMapping] [http-nio-8080-exec-1] [420] [DEBUG] Mapped to ResourceHttpRequestHandler [class path resource [META-INF/resources/], class path resource [resources/], class path resource [static/], class path resource [public/], ServletContext resource [/], class path resource []]
[2018-12-06 19:44:40 ] [org.springframework.web.servlet.FrameworkServlet] [http-nio-8080-exec-1] [1123] [DEBUG] Completed 200 OK
[2018-12-06 19:44:44 ] [org.springframework.core.log.LogFormatUtils] [http-nio-8080-exec-2] [90] [DEBUG] GET "/admin/users/search/luk/1", parameters={}
[2018-12-06 19:44:44 ] [org.springframework.web.servlet.handler.AbstractHandlerMapping] [http-nio-8080-exec-2] [420] [DEBUG] Mapped to public java.lang.String lukasz.Apka.admin.AdminPageController.openSearchUsersPage(java.lang.String,int,org.springframework.ui.Model)
[2018-12-06 19:44:44 ] [org.springframework.web.servlet.view.ContentNegotiatingViewResolver] [http-nio-8080-exec-2] [347] [DEBUG] Selected 'text/html' given [text/html, application/xhtml+xml, application/xml;q=0.9, */*;q=0.8]
[2018-12-06 19:44:44 ] [org.springframework.web.servlet.view.AbstractView] [http-nio-8080-exec-2] [309] [DEBUG] View name 'admin/usersearch', model {totalPages=1, currentPage=1, userList=[lukasz.Apka.user.User@3a73d9f7, lukasz.Apka.user.User@7c99ea1a], recordStartCounter=0, searchWord=luk}
[2018-12-06 19:44:44 ] [org.springframework.web.servlet.view.InternalResourceView] [http-nio-8080-exec-2] [168] [DEBUG] Forwarding to [/WEB-INF/jsp/admin/usersearch.jsp]
[2018-12-06 19:44:44 ] [org.springframework.web.servlet.FrameworkServlet] [http-nio-8080-exec-2] [1123] [DEBUG] Completed 200 OK
[2018-12-06 19:44:44 ] [org.springframework.core.log.LogFormatUtils] [http-nio-8080-exec-3] [90] [DEBUG] GET "/resources/css/style.css", parameters={}
[2018-12-06 19:44:44 ] [org.springframework.web.servlet.DispatcherServlet] [http-nio-8080-exec-3] [1248] [WARN ] No mapping for GET /resources/css/style.css
[2018-12-06 19:44:44 ] [org.springframework.web.servlet.FrameworkServlet] [http-nio-8080-exec-3] [1123] [DEBUG] Completed 404 NOT_FOUND
[2018-12-06 19:44:44 ] [org.springframework.core.log.LogFormatUtils] [http-nio-8080-exec-3] [90] [DEBUG] "ERROR" dispatch for GET "/error", parameters={}
[2018-12-06 19:44:44 ] [org.springframework.web.servlet.handler.AbstractHandlerMapping] [http-nio-8080-exec-3] [420] [DEBUG] Mapped to public java.lang.String lukasz.Apka.mainControllerr.ErrorPageController.showErrorPage()
[2018-12-06 19:44:44 ] [org.springframework.web.servlet.view.ContentNegotiatingViewResolver] [http-nio-8080-exec-3] [244] [DEBUG] View remains unresolved given [application/hal+json;q=0.1]
[2018-12-06 19:44:44 ] [org.springframework.web.servlet.view.AbstractView] [http-nio-8080-exec-3] [309] [DEBUG] View name 'error', model {}
[2018-12-06 19:44:44 ] [org.springframework.web.servlet.view.InternalResourceView] [http-nio-8080-exec-3] [168] [DEBUG] Forwarding to [/WEB-INF/jsp/error.jsp]
[2018-12-06 19:44:44 ] [org.springframework.web.servlet.FrameworkServlet] [http-nio-8080-exec-3] [1119] [DEBUG] Exiting from "ERROR" dispatch, status 404
[2018-12-06 19:44:44 ] [org.springframework.core.log.LogFormatUtils] [http-nio-8080-exec-4] [90] [DEBUG] GET "/favicon.ico", parameters={}
[2018-12-06 19:44:44 ] [org.springframework.web.servlet.handler.AbstractHandlerMapping] [http-nio-8080-exec-4] [420] [DEBUG] Mapped to ResourceHttpRequestHandler [class path resource [META-INF/resources/], class path resource [resources/], class path resource [static/], class path resource [public/], ServletContext resource [/], class path resource []]
[2018-12-06 19:44:44 ] [org.springframework.web.servlet.FrameworkServlet] [http-nio-8080-exec-4] [1123] [DEBUG] Completed 200 OK
[2018-12-06 19:44:46 ] [org.springframework.core.log.LogFormatUtils] [http-nio-8080-exec-5] [90] [DEBUG] GET "/admin/users/1", parameters={}
[2018-12-06 19:44:46 ] [org.springframework.web.servlet.handler.AbstractHandlerMapping] [http-nio-8080-exec-5] [420] [DEBUG] Mapped to public java.lang.String lukasz.Apka.admin.AdminPageController.openAdminAllUsersPage(int,org.springframework.ui.Model)
[2018-12-06 19:44:46 ] [org.springframework.web.servlet.view.ContentNegotiatingViewResolver] [http-nio-8080-exec-5] [347] [DEBUG] Selected 'text/html' given [text/html, application/xhtml+xml, application/xml;q=0.9, */*;q=0.8]
[2018-12-06 19:44:46 ] [org.springframework.web.servlet.view.AbstractView] [http-nio-8080-exec-5] [309] [DEBUG] View name 'admin/users', model {totalPages=16, currentPage=1, userList=[lukasz.Apka.user.User@751d9ea, lukasz.Apka.user.User@313d1c8f, lukasz.Apka.user.User@7d971530, lukasz.Apka.user.User@7d41aff1, lukasz.Apka.user.User@74d6b73a, lukasz.Apka.user.User@2d56044b, lukasz.Apka.user.User@682daa44, lukasz.Apka.user.User@1863be97, lukasz.Apka.user.User@59cdb5c6, lukasz.Apka.user.User@442486e8], recordStartCounter=0}
[2018-12-06 19:44:46 ] [org.springframework.web.servlet.view.InternalResourceView] [http-nio-8080-exec-5] [168] [DEBUG] Forwarding to [/WEB-INF/jsp/admin/users.jsp]
[2018-12-06 19:44:46 ] [org.springframework.web.servlet.FrameworkServlet] [http-nio-8080-exec-5] [1123] [DEBUG] Completed 200 OK
[2018-12-06 19:44:46 ] [org.springframework.core.log.LogFormatUtils] [http-nio-8080-exec-6] [90] [DEBUG] GET "/favicon.ico", parameters={}
[2018-12-06 19:44:46 ] [org.springframework.web.servlet.handler.AbstractHandlerMapping] [http-nio-8080-exec-6] [420] [DEBUG] Mapped to ResourceHttpRequestHandler [class path resource [META-INF/resources/], class path resource [resources/], class path resource [static/], class path resource [public/], ServletContext resource [/], class path resource []]
[2018-12-06 19:44:46 ] [org.springframework.web.servlet.FrameworkServlet] [http-nio-8080-exec-6] [1123] [DEBUG] Completed 200 OK
[2018-12-06 19:44:47 ] [org.springframework.core.log.LogFormatUtils] [http-nio-8080-exec-7] [90] [DEBUG] GET "/admin", parameters={}
[2018-12-06 19:44:47 ] [org.springframework.web.servlet.handler.AbstractHandlerMapping] [http-nio-8080-exec-7] [420] [DEBUG] Mapped to public java.lang.String lukasz.Apka.admin.AdminPageController.openAdminMainPage()
[2018-12-06 19:44:47 ] [org.springframework.web.servlet.view.ContentNegotiatingViewResolver] [http-nio-8080-exec-7] [347] [DEBUG] Selected 'text/html' given [text/html, application/xhtml+xml, application/xml;q=0.9, */*;q=0.8]
[2018-12-06 19:44:47 ] [org.springframework.web.servlet.view.AbstractView] [http-nio-8080-exec-7] [309] [DEBUG] View name 'admin/admin', model {}
[2018-12-06 19:44:47 ] [org.springframework.web.servlet.view.InternalResourceView] [http-nio-8080-exec-7] [168] [DEBUG] Forwarding to [/WEB-INF/jsp/admin/admin.jsp]
[2018-12-06 19:44:47 ] [org.springframework.web.servlet.FrameworkServlet] [http-nio-8080-exec-7] [1123] [DEBUG] Completed 200 OK
[2018-12-06 19:44:48 ] [org.springframework.core.log.LogFormatUtils] [http-nio-8080-exec-8] [90] [DEBUG] GET "/resources/css/style.css", parameters={}
[2018-12-06 19:44:48 ] [org.springframework.web.servlet.DispatcherServlet] [http-nio-8080-exec-8] [1248] [WARN ] No mapping for GET /resources/css/style.css
[2018-12-06 19:44:48 ] [org.springframework.web.servlet.FrameworkServlet] [http-nio-8080-exec-8] [1123] [DEBUG] Completed 404 NOT_FOUND
[2018-12-06 19:44:48 ] [org.springframework.core.log.LogFormatUtils] [http-nio-8080-exec-8] [90] [DEBUG] "ERROR" dispatch for GET "/error", parameters={}
[2018-12-06 19:44:48 ] [org.springframework.web.servlet.handler.AbstractHandlerMapping] [http-nio-8080-exec-8] [420] [DEBUG] Mapped to public java.lang.String lukasz.Apka.mainControllerr.ErrorPageController.showErrorPage()
[2018-12-06 19:44:48 ] [org.springframework.web.servlet.view.ContentNegotiatingViewResolver] [http-nio-8080-exec-8] [244] [DEBUG] View remains unresolved given [application/hal+json;q=0.1]
[2018-12-06 19:44:48 ] [org.springframework.web.servlet.view.AbstractView] [http-nio-8080-exec-8] [309] [DEBUG] View name 'error', model {}
[2018-12-06 19:44:48 ] [org.springframework.web.servlet.view.InternalResourceView] [http-nio-8080-exec-8] [168] [DEBUG] Forwarding to [/WEB-INF/jsp/error.jsp]
[2018-12-06 19:44:48 ] [org.springframework.web.servlet.FrameworkServlet] [http-nio-8080-exec-8] [1119] [DEBUG] Exiting from "ERROR" dispatch, status 404
[2018-12-06 19:44:48 ] [org.springframework.core.log.LogFormatUtils] [http-nio-8080-exec-9] [90] [DEBUG] GET "/favicon.ico", parameters={}
[2018-12-06 19:44:48 ] [org.springframework.web.servlet.handler.AbstractHandlerMapping] [http-nio-8080-exec-9] [420] [DEBUG] Mapped to ResourceHttpRequestHandler [class path resource [META-INF/resources/], class path resource [resources/], class path resource [static/], class path resource [public/], ServletContext resource [/], class path resource []]
[2018-12-06 19:44:48 ] [org.springframework.web.servlet.FrameworkServlet] [http-nio-8080-exec-9] [1123] [DEBUG] Completed 200 OK
[2018-12-06 19:44:49 ] [org.springframework.core.log.LogFormatUtils] [http-nio-8080-exec-10] [90] [DEBUG] GET "/admin/users/importusers", parameters={}
[2018-12-06 19:44:49 ] [org.springframework.web.servlet.handler.AbstractHandlerMapping] [http-nio-8080-exec-10] [420] [DEBUG] Mapped to public java.lang.String lukasz.Apka.admin.AdminPageController.showUploadPageFromXML(org.springframework.ui.Model)
[2018-12-06 19:44:49 ] [org.springframework.web.servlet.view.ContentNegotiatingViewResolver] [http-nio-8080-exec-10] [347] [DEBUG] Selected 'text/html' given [text/html, application/xhtml+xml, application/xml;q=0.9, */*;q=0.8]
[2018-12-06 19:44:49 ] [org.springframework.web.servlet.view.AbstractView] [http-nio-8080-exec-10] [309] [DEBUG] View name 'admin/importusers', model {}
[2018-12-06 19:44:49 ] [org.springframework.web.servlet.view.InternalResourceView] [http-nio-8080-exec-10] [168] [DEBUG] Forwarding to [/WEB-INF/jsp/admin/importusers.jsp]
[2018-12-06 19:44:49 ] [org.springframework.web.servlet.FrameworkServlet] [http-nio-8080-exec-10] [1123] [DEBUG] Completed 200 OK
[2018-12-06 19:44:49 ] [org.springframework.core.log.LogFormatUtils] [http-nio-8080-exec-1] [90] [DEBUG] GET "/resources/css/style.css", parameters={}
[2018-12-06 19:44:49 ] [org.springframework.web.servlet.DispatcherServlet] [http-nio-8080-exec-1] [1248] [WARN ] No mapping for GET /resources/css/style.css
[2018-12-06 19:44:49 ] [org.springframework.web.servlet.FrameworkServlet] [http-nio-8080-exec-1] [1123] [DEBUG] Completed 404 NOT_FOUND
[2018-12-06 19:44:49 ] [org.springframework.core.log.LogFormatUtils] [http-nio-8080-exec-1] [90] [DEBUG] "ERROR" dispatch for GET "/error", parameters={}
[2018-12-06 19:44:49 ] [org.springframework.web.servlet.handler.AbstractHandlerMapping] [http-nio-8080-exec-1] [420] [DEBUG] Mapped to public java.lang.String lukasz.Apka.mainControllerr.ErrorPageController.showErrorPage()
[2018-12-06 19:44:49 ] [org.springframework.web.servlet.view.ContentNegotiatingViewResolver] [http-nio-8080-exec-1] [244] [DEBUG] View remains unresolved given [application/hal+json;q=0.1]
[2018-12-06 19:44:49 ] [org.springframework.web.servlet.view.AbstractView] [http-nio-8080-exec-1] [309] [DEBUG] View name 'error', model {}
[2018-12-06 19:44:49 ] [org.springframework.web.servlet.view.InternalResourceView] [http-nio-8080-exec-1] [168] [DEBUG] Forwarding to [/WEB-INF/jsp/error.jsp]
[2018-12-06 19:44:49 ] [org.springframework.web.servlet.FrameworkServlet] [http-nio-8080-exec-1] [1119] [DEBUG] Exiting from "ERROR" dispatch, status 404
[2018-12-06 19:44:49 ] [org.springframework.core.log.LogFormatUtils] [http-nio-8080-exec-2] [90] [DEBUG] GET "/favicon.ico", parameters={}
[2018-12-06 19:44:49 ] [org.springframework.web.servlet.handler.AbstractHandlerMapping] [http-nio-8080-exec-2] [420] [DEBUG] Mapped to ResourceHttpRequestHandler [class path resource [META-INF/resources/], class path resource [resources/], class path resource [static/], class path resource [public/], ServletContext resource [/], class path resource []]
[2018-12-06 19:44:49 ] [org.springframework.web.servlet.FrameworkServlet] [http-nio-8080-exec-2] [1123] [DEBUG] Completed 200 OK
[2018-12-06 19:45:24 ] [org.springframework.core.log.LogFormatUtils] [http-nio-8080-exec-3] [90] [DEBUG] POST "/admin/users/upload", parameters={}
[2018-12-06 19:45:24 ] [org.springframework.web.servlet.handler.AbstractHandlerMapping] [http-nio-8080-exec-3] [420] [DEBUG] Mapped to public java.lang.String lukasz.Apka.admin.AdminPageController.importUsersFromXML(org.springframework.web.multipart.MultipartFile)
[2018-12-06 19:45:33 ] [org.springframework.web.servlet.view.AbstractView] [http-nio-8080-exec-3] [309] [DEBUG] View name 'redirect:', model {}
[2018-12-06 19:45:33 ] [org.springframework.web.servlet.FrameworkServlet] [http-nio-8080-exec-3] [1123] [DEBUG] Completed 302 FOUND
[2018-12-06 19:45:33 ] [org.springframework.core.log.LogFormatUtils] [http-nio-8080-exec-5] [90] [DEBUG] GET "/admin/users/1", parameters={}
[2018-12-06 19:45:33 ] [org.springframework.web.servlet.handler.AbstractHandlerMapping] [http-nio-8080-exec-5] [420] [DEBUG] Mapped to public java.lang.String lukasz.Apka.admin.AdminPageController.openAdminAllUsersPage(int,org.springframework.ui.Model)
[2018-12-06 19:45:33 ] [org.springframework.web.servlet.view.ContentNegotiatingViewResolver] [http-nio-8080-exec-5] [347] [DEBUG] Selected 'text/html' given [text/html, application/xhtml+xml, application/xml;q=0.9, */*;q=0.8]
[2018-12-06 19:45:33 ] [org.springframework.web.servlet.view.AbstractView] [http-nio-8080-exec-5] [309] [DEBUG] View name 'admin/users', model {totalPages=21, currentPage=1, userList=[lukasz.Apka.user.User@5542cbe7, lukasz.Apka.user.User@64187238, lukasz.Apka.user.User@2d31b2ad, lukasz.Apka.user.User@12c2e1a4, lukasz.Apka.user.User@511c1de8, lukasz.Apka.user.User@76322c41, lukasz.Apka.user.User@56b64cf0, lukasz.Apka.user.User@53fc5843, lukasz.Apka.user.User@62befc89, lukasz.Apka.user.User@58994bb], recordStartCounter=0}
[2018-12-06 19:45:33 ] [org.springframework.web.servlet.view.InternalResourceView] [http-nio-8080-exec-5] [168] [DEBUG] Forwarding to [/WEB-INF/jsp/admin/users.jsp]
[2018-12-06 19:45:33 ] [org.springframework.web.servlet.FrameworkServlet] [http-nio-8080-exec-5] [1123] [DEBUG] Completed 200 OK
[2018-12-06 19:45:33 ] [org.springframework.core.log.LogFormatUtils] [http-nio-8080-exec-6] [90] [DEBUG] GET "/resources/css/style.css", parameters={}
[2018-12-06 19:45:33 ] [org.springframework.web.servlet.DispatcherServlet] [http-nio-8080-exec-6] [1248] [WARN ] No mapping for GET /resources/css/style.css
[2018-12-06 19:45:33 ] [org.springframework.web.servlet.FrameworkServlet] [http-nio-8080-exec-6] [1123] [DEBUG] Completed 404 NOT_FOUND
[2018-12-06 19:45:33 ] [org.springframework.core.log.LogFormatUtils] [http-nio-8080-exec-6] [90] [DEBUG] "ERROR" dispatch for GET "/error", parameters={}
[2018-12-06 19:45:33 ] [org.springframework.web.servlet.handler.AbstractHandlerMapping] [http-nio-8080-exec-6] [420] [DEBUG] Mapped to public java.lang.String lukasz.Apka.mainControllerr.ErrorPageController.showErrorPage()
[2018-12-06 19:45:33 ] [org.springframework.web.servlet.view.ContentNegotiatingViewResolver] [http-nio-8080-exec-6] [244] [DEBUG] View remains unresolved given [application/hal+json;q=0.1]
[2018-12-06 19:45:33 ] [org.springframework.web.servlet.view.AbstractView] [http-nio-8080-exec-6] [309] [DEBUG] View name 'error', model {}
[2018-12-06 19:45:33 ] [org.springframework.web.servlet.view.InternalResourceView] [http-nio-8080-exec-6] [168] [DEBUG] Forwarding to [/WEB-INF/jsp/error.jsp]
[2018-12-06 19:45:33 ] [org.springframework.web.servlet.FrameworkServlet] [http-nio-8080-exec-6] [1119] [DEBUG] Exiting from "ERROR" dispatch, status 404
[2018-12-06 19:45:33 ] [org.springframework.core.log.LogFormatUtils] [http-nio-8080-exec-7] [90] [DEBUG] GET "/favicon.ico", parameters={}
[2018-12-06 19:45:33 ] [org.springframework.web.servlet.handler.AbstractHandlerMapping] [http-nio-8080-exec-7] [420] [DEBUG] Mapped to ResourceHttpRequestHandler [class path resource [META-INF/resources/], class path resource [resources/], class path resource [static/], class path resource [public/], ServletContext resource [/], class path resource []]
[2018-12-06 19:45:33 ] [org.springframework.web.servlet.FrameworkServlet] [http-nio-8080-exec-7] [1123] [DEBUG] Completed 200 OK
[2018-12-06 19:46:29 ] [org.springframework.boot.admin.SpringApplicationAdminMXBeanRegistrar$SpringApplicationAdmin] [RMI TCP Connection(2)-127.0.0.1] [164] [INFO ] Application shutdown requested.
[2018-12-06 19:46:29 ] [org.springframework.scheduling.concurrent.ExecutorConfigurationSupport] [RMI TCP Connection(2)-127.0.0.1] [208] [INFO ] Shutting down ExecutorService 'applicationTaskExecutor'
[2018-12-06 19:46:29 ] [org.springframework.orm.jpa.AbstractEntityManagerFactoryBean] [RMI TCP Connection(2)-127.0.0.1] [597] [INFO ] Closing JPA EntityManagerFactory for persistence unit 'default'
[2018-12-06 19:46:29 ] [com.zaxxer.hikari.HikariDataSource] [RMI TCP Connection(2)-127.0.0.1] [350] [INFO ] HikariPool-1 - Shutdown initiated...
[2018-12-06 19:46:29 ] [com.zaxxer.hikari.HikariDataSource] [RMI TCP Connection(2)-127.0.0.1] [352] [INFO ] HikariPool-1 - Shutdown completed.
[2018-12-06 20:14:46 ] [org.springframework.boot.StartupInfoLogger] [main] [50] [INFO ] Starting ApkaApplication on lukasz-CX61-2PF with PID 9219 (started by lukasz in /home/lukasz/Documents/workspace-sts-3.9.5.RELEASEE/Apkaaa___Lekcja_16_Logi aplikacji)
[2018-12-06 20:14:46 ] [org.springframework.boot.StartupInfoLogger] [main] [53] [DEBUG] Running with Spring Boot v2.1.0.RELEASE, Spring v5.1.2.RELEASE
[2018-12-06 20:14:46 ] [org.springframework.boot.SpringApplication] [main] [675] [INFO ] No active profile set, falling back to default profiles: default
[2018-12-06 20:14:49 ] [org.springframework.data.repository.config.RepositoryConfigurationDelegate] [main] [126] [INFO ] Bootstrapping Spring Data repositories in DEFAULT mode.
[2018-12-06 20:14:49 ] [org.springframework.data.repository.config.RepositoryConfigurationDelegate] [main] [182] [INFO ] Finished Spring Data repository scanning in 103ms. Found 3 repository interfaces.
[2018-12-06 20:14:49 ] [org.springframework.context.support.PostProcessorRegistrationDelegate$BeanPostProcessorChecker] [main] [330] [INFO ] Bean 'org.springframework.transaction.annotation.ProxyTransactionManagementConfiguration' of type [org.springframework.transaction.annotation.ProxyTransactionManagementConfiguration$$EnhancerBySpringCGLIB$$3066d223] is not eligible for getting processed by all BeanPostProcessors (for example: not eligible for auto-proxying)
[2018-12-06 20:14:50 ] [org.springframework.context.support.PostProcessorRegistrationDelegate$BeanPostProcessorChecker] [main] [330] [INFO ] Bean 'org.springframework.security.config.annotation.configuration.ObjectPostProcessorConfiguration' of type [org.springframework.security.config.annotation.configuration.ObjectPostProcessorConfiguration$$EnhancerBySpringCGLIB$$c9149a5d] is not eligible for getting processed by all BeanPostProcessors (for example: not eligible for auto-proxying)
[2018-12-06 20:14:50 ] [org.springframework.context.support.PostProcessorRegistrationDelegate$BeanPostProcessorChecker] [main] [330] [INFO ] Bean 'objectPostProcessor' of type [org.springframework.security.config.annotation.configuration.AutowireBeanFactoryObjectPostProcessor] is not eligible for getting processed by all BeanPostProcessors (for example: not eligible for auto-proxying)
[2018-12-06 20:14:50 ] [org.springframework.context.support.PostProcessorRegistrationDelegate$BeanPostProcessorChecker] [main] [330] [INFO ] Bean 'org.springframework.security.access.expression.method.DefaultMethodSecurityExpressionHandler@1abc9f14' of type [org.springframework.security.access.expression.method.DefaultMethodSecurityExpressionHandler] is not eligible for getting processed by all BeanPostProcessors (for example: not eligible for auto-proxying)
[2018-12-06 20:14:50 ] [org.springframework.context.support.PostProcessorRegistrationDelegate$BeanPostProcessorChecker] [main] [330] [INFO ] Bean 'org.springframework.security.config.annotation.method.configuration.GlobalMethodSecurityConfiguration' of type [org.springframework.security.config.annotation.method.configuration.GlobalMethodSecurityConfiguration$$EnhancerBySpringCGLIB$$ede93d0f] is not eligible for getting processed by all BeanPostProcessors (for example: not eligible for auto-proxying)
[2018-12-06 20:14:50 ] [org.springframework.context.support.PostProcessorRegistrationDelegate$BeanPostProcessorChecker] [main] [330] [INFO ] Bean 'methodSecurityMetadataSource' of type [org.springframework.security.access.method.DelegatingMethodSecurityMetadataSource] is not eligible for getting processed by all BeanPostProcessors (for example: not eligible for auto-proxying)
[2018-12-06 20:14:50 ] [org.springframework.context.support.PostProcessorRegistrationDelegate$BeanPostProcessorChecker] [main] [330] [INFO ] Bean 'org.springframework.hateoas.config.HateoasConfiguration' of type [org.springframework.hateoas.config.HateoasConfiguration$$EnhancerBySpringCGLIB$$afe71f55] is not eligible for getting processed by all BeanPostProcessors (for example: not eligible for auto-proxying)
[2018-12-06 20:14:50 ] [org.springframework.boot.web.embedded.tomcat.TomcatWebServer] [main] [90] [INFO ] Tomcat initialized with port(s): 8080 (http)
[2018-12-06 20:14:50 ] [org.apache.juli.logging.DirectJDKLog] [main] [173] [INFO ] Initializing ProtocolHandler ["http-nio-8080"]
[2018-12-06 20:14:51 ] [org.apache.juli.logging.DirectJDKLog] [main] [173] [INFO ] Starting service [Tomcat]
[2018-12-06 20:14:51 ] [org.apache.juli.logging.DirectJDKLog] [main] [173] [INFO ] Starting Servlet Engine: Apache Tomcat/9.0.12
[2018-12-06 20:14:51 ] [org.apache.juli.logging.DirectJDKLog] [main] [173] [INFO ] The APR based Apache Tomcat Native library which allows optimal performance in production environments was not found on the java.library.path: [/usr/java/packages/lib/amd64:/usr/lib64:/lib64:/lib:/usr/lib]
[2018-12-06 20:14:51 ] [org.apache.juli.logging.DirectJDKLog] [main] [173] [INFO ] At least one JAR was scanned for TLDs yet contained no TLDs. Enable debug logging for this logger for a complete list of JARs that were scanned but no TLDs were found in them. Skipping unneeded JARs during scanning can improve startup time and JSP compilation time.
[2018-12-06 20:14:51 ] [org.apache.juli.logging.DirectJDKLog] [main] [173] [INFO ] Initializing Spring embedded WebApplicationContext
[2018-12-06 20:14:51 ] [org.springframework.boot.web.servlet.context.ServletWebServerApplicationContext] [main] [277] [DEBUG] Published root WebApplicationContext as ServletContext attribute with name [org.springframework.web.context.WebApplicationContext.ROOT]
[2018-12-06 20:14:51 ] [org.springframework.boot.web.servlet.context.ServletWebServerApplicationContext] [main] [285] [INFO ] Root WebApplicationContext: initialization completed in 4417 ms
[2018-12-06 20:14:51 ] [org.springframework.boot.web.servlet.AbstractFilterRegistrationBean] [main] [248] [INFO ] Mapping filter: 'characterEncodingFilter' to: [/*]
[2018-12-06 20:14:51 ] [org.springframework.boot.web.servlet.AbstractFilterRegistrationBean] [main] [248] [INFO ] Mapping filter: 'hiddenHttpMethodFilter' to: [/*]
[2018-12-06 20:14:51 ] [org.springframework.boot.web.servlet.AbstractFilterRegistrationBean] [main] [248] [INFO ] Mapping filter: 'formContentFilter' to: [/*]
[2018-12-06 20:14:51 ] [org.springframework.boot.web.servlet.AbstractFilterRegistrationBean] [main] [248] [INFO ] Mapping filter: 'requestContextFilter' to: [/*]
[2018-12-06 20:14:51 ] [org.springframework.boot.web.servlet.AbstractFilterRegistrationBean] [main] [248] [INFO ] Mapping filter: 'springSecurityFilterChain' to: [/*]
[2018-12-06 20:14:51 ] [org.springframework.boot.web.servlet.ServletRegistrationBean] [main] [186] [INFO ] Servlet dispatcherServlet mapped to [/]
[2018-12-06 20:14:51 ] [com.zaxxer.hikari.HikariDataSource] [main] [110] [INFO ] HikariPool-1 - Starting...
[2018-12-06 20:14:53 ] [com.zaxxer.hikari.HikariDataSource] [main] [123] [INFO ] HikariPool-1 - Start completed.
[2018-12-06 20:14:55 ] [org.springframework.orm.jpa.AbstractEntityManagerFactoryBean] [main] [415] [INFO ] Initialized JPA EntityManagerFactory for persistence unit 'default'
[2018-12-06 20:14:56 ] [org.springframework.security.web.DefaultSecurityFilterChain] [main] [43] [INFO ] Creating filter chain: Ant [pattern='/resources/**'], []
[2018-12-06 20:14:56 ] [org.springframework.security.web.DefaultSecurityFilterChain] [main] [43] [INFO ] Creating filter chain: Ant [pattern='/statics/**'], []
[2018-12-06 20:14:56 ] [org.springframework.security.web.DefaultSecurityFilterChain] [main] [43] [INFO ] Creating filter chain: Ant [pattern='/css/**'], []
[2018-12-06 20:14:56 ] [org.springframework.security.web.DefaultSecurityFilterChain] [main] [43] [INFO ] Creating filter chain: Ant [pattern='/js/**'], []
[2018-12-06 20:14:56 ] [org.springframework.security.web.DefaultSecurityFilterChain] [main] [43] [INFO ] Creating filter chain: Ant [pattern='/images/**'], []
[2018-12-06 20:14:56 ] [org.springframework.security.web.DefaultSecurityFilterChain] [main] [43] [INFO ] Creating filter chain: Ant [pattern='/incl/**'], []
[2018-12-06 20:14:56 ] [org.springframework.security.web.DefaultSecurityFilterChain] [main] [43] [INFO ] Creating filter chain: any request, [org.springframework.security.web.context.request.async.WebAsyncManagerIntegrationFilter@47162173, org.springframework.security.web.context.SecurityContextPersistenceFilter@63c84d31, org.springframework.security.web.header.HeaderWriterFilter@75f4d8a8, org.springframework.security.web.authentication.logout.LogoutFilter@2d38db6f, org.springframework.security.web.authentication.UsernamePasswordAuthenticationFilter@857f74a, org.springframework.security.web.savedrequest.RequestCacheAwareFilter@797f97e3, org.springframework.security.web.servletapi.SecurityContextHolderAwareRequestFilter@204b0f07, org.springframework.security.web.authentication.AnonymousAuthenticationFilter@3a4f8e8a, org.springframework.security.web.session.SessionManagementFilter@2e1ba142, org.springframework.security.web.access.ExceptionTranslationFilter@25f7cc38, org.springframework.security.web.access.intercept.FilterSecurityInterceptor@5b1ff8cd]
[2018-12-06 20:14:56 ] [org.springframework.web.servlet.handler.SimpleUrlHandlerMapping] [main] [139] [DEBUG] Patterns [/**/favicon.ico] in 'faviconHandlerMapping'
[2018-12-06 20:14:56 ] [org.springframework.scheduling.concurrent.ExecutorConfigurationSupport] [main] [171] [INFO ] Initializing ExecutorService 'applicationTaskExecutor'
[2018-12-06 20:14:56 ] [org.springframework.web.servlet.mvc.method.annotation.RequestMappingHandlerAdapter] [main] [622] [DEBUG] ControllerAdvice beans: 0 @ModelAttribute, 0 @InitBinder, 1 RequestBodyAdvice, 1, ResponseBodyAdvice
[2018-12-06 20:14:57 ] [org.springframework.boot.autoconfigure.orm.jpa.JpaBaseConfiguration$JpaWebConfiguration$JpaWebMvcConfiguration] [main] [234] [WARN ] spring.jpa.open-in-view is enabled by default. Therefore, database queries may be performed during view rendering. Explicitly configure spring.jpa.open-in-view to disable this warning
[2018-12-06 20:14:57 ] [org.springframework.web.servlet.handler.AbstractHandlerMethodMapping] [main] [332] [DEBUG] 16 mappings in 'requestMappingHandlerMapping'
[2018-12-06 20:14:57 ] [org.springframework.web.servlet.handler.SimpleUrlHandlerMapping] [main] [139] [DEBUG] Patterns [/webjars/**, /resources/** ] in 'resourceHandlerMapping'
[2018-12-06 20:14:57 ] [org.springframework.web.servlet.mvc.method.annotation.ExceptionHandlerExceptionResolver] [main] [302] [DEBUG] ControllerAdvice beans: 1 @ExceptionHandler, 1 ResponseBodyAdvice
[2018-12-06 20:14:57 ] [org.springframework.boot.autoconfigure.web.servlet.WelcomePageHandlerMapping] [main] [61] [INFO ] Adding welcome page template: index
[2018-12-06 20:14:57 ] [org.springframework.boot.autoconfigure.security.servlet.UserDetailsServiceAutoConfiguration] [main] [86] [INFO ] 

Using generated security password: 72a54a6c-fcf5-4ed4-8706-acf120b7277f

[2018-12-06 20:14:57 ] [org.apache.juli.logging.DirectJDKLog] [main] [173] [INFO ] Starting ProtocolHandler ["http-nio-8080"]
[2018-12-06 20:14:57 ] [org.apache.juli.logging.DirectJDKLog] [main] [173] [INFO ] Using a shared selector for servlet write/read
[2018-12-06 20:14:57 ] [org.springframework.boot.web.embedded.tomcat.TomcatWebServer] [main] [204] [INFO ] Tomcat started on port(s): 8080 (http) with context path ''
[2018-12-06 20:14:57 ] [org.springframework.boot.StartupInfoLogger] [main] [59] [INFO ] Started ApkaApplication in 12.507 seconds (JVM running for 16.894)
[2018-12-06 20:15:53 ] [org.springframework.boot.admin.SpringApplicationAdminMXBeanRegistrar$SpringApplicationAdmin] [RMI TCP Connection(2)-127.0.0.1] [164] [INFO ] Application shutdown requested.
[2018-12-06 20:15:53 ] [org.springframework.scheduling.concurrent.ExecutorConfigurationSupport] [RMI TCP Connection(2)-127.0.0.1] [208] [INFO ] Shutting down ExecutorService 'applicationTaskExecutor'
[2018-12-06 20:15:53 ] [org.springframework.orm.jpa.AbstractEntityManagerFactoryBean] [RMI TCP Connection(2)-127.0.0.1] [597] [INFO ] Closing JPA EntityManagerFactory for persistence unit 'default'
[2018-12-06 20:15:53 ] [com.zaxxer.hikari.HikariDataSource] [RMI TCP Connection(2)-127.0.0.1] [350] [INFO ] HikariPool-1 - Shutdown initiated...
[2018-12-06 20:15:53 ] [com.zaxxer.hikari.HikariDataSource] [RMI TCP Connection(2)-127.0.0.1] [352] [INFO ] HikariPool-1 - Shutdown completed.
