[2018-12-07 10:05:41 ] [org.springframework.boot.StartupInfoLogger] [main] [50] [INFO ] Starting ApkaApplication on lukasz-CX61-2PF with PID 8652 (started by lukasz in /home/lukasz/Documents/workspace-sts-3.9.5.RELEASEE/Apkaaa___Lekcja_16_Logi aplikacji)
[2018-12-07 10:05:41 ] [org.springframework.boot.StartupInfoLogger] [main] [53] [DEBUG] Running with Spring Boot v2.1.0.RELEASE, Spring v5.1.2.RELEASE
[2018-12-07 10:05:41 ] [org.springframework.boot.SpringApplication] [main] [675] [INFO ] No active profile set, falling back to default profiles: default
[2018-12-07 10:05:43 ] [org.springframework.data.repository.config.RepositoryConfigurationDelegate] [main] [126] [INFO ] Bootstrapping Spring Data repositories in DEFAULT mode.
[2018-12-07 10:05:43 ] [org.springframework.data.repository.config.RepositoryConfigurationDelegate] [main] [182] [INFO ] Finished Spring Data repository scanning in 140ms. Found 3 repository interfaces.
[2018-12-07 10:05:44 ] [org.springframework.context.support.PostProcessorRegistrationDelegate$BeanPostProcessorChecker] [main] [330] [INFO ] Bean 'org.springframework.transaction.annotation.ProxyTransactionManagementConfiguration' of type [org.springframework.transaction.annotation.ProxyTransactionManagementConfiguration$$EnhancerBySpringCGLIB$$9855364c] is not eligible for getting processed by all BeanPostProcessors (for example: not eligible for auto-proxying)
[2018-12-07 10:05:44 ] [org.springframework.context.support.PostProcessorRegistrationDelegate$BeanPostProcessorChecker] [main] [330] [INFO ] Bean 'org.springframework.security.config.annotation.configuration.ObjectPostProcessorConfiguration' of type [org.springframework.security.config.annotation.configuration.ObjectPostProcessorConfiguration$$EnhancerBySpringCGLIB$$3102fe86] is not eligible for getting processed by all BeanPostProcessors (for example: not eligible for auto-proxying)
[2018-12-07 10:05:44 ] [org.springframework.context.support.PostProcessorRegistrationDelegate$BeanPostProcessorChecker] [main] [330] [INFO ] Bean 'objectPostProcessor' of type [org.springframework.security.config.annotation.configuration.AutowireBeanFactoryObjectPostProcessor] is not eligible for getting processed by all BeanPostProcessors (for example: not eligible for auto-proxying)
[2018-12-07 10:05:44 ] [org.springframework.context.support.PostProcessorRegistrationDelegate$BeanPostProcessorChecker] [main] [330] [INFO ] Bean 'org.springframework.security.access.expression.method.DefaultMethodSecurityExpressionHandler@6f0cb5a1' of type [org.springframework.security.access.expression.method.DefaultMethodSecurityExpressionHandler] is not eligible for getting processed by all BeanPostProcessors (for example: not eligible for auto-proxying)
[2018-12-07 10:05:44 ] [org.springframework.context.support.PostProcessorRegistrationDelegate$BeanPostProcessorChecker] [main] [330] [INFO ] Bean 'org.springframework.security.config.annotation.method.configuration.GlobalMethodSecurityConfiguration' of type [org.springframework.security.config.annotation.method.configuration.GlobalMethodSecurityConfiguration$$EnhancerBySpringCGLIB$$55d7a138] is not eligible for getting processed by all BeanPostProcessors (for example: not eligible for auto-proxying)
[2018-12-07 10:05:44 ] [org.springframework.context.support.PostProcessorRegistrationDelegate$BeanPostProcessorChecker] [main] [330] [INFO ] Bean 'methodSecurityMetadataSource' of type [org.springframework.security.access.method.DelegatingMethodSecurityMetadataSource] is not eligible for getting processed by all BeanPostProcessors (for example: not eligible for auto-proxying)
[2018-12-07 10:05:44 ] [org.springframework.context.support.PostProcessorRegistrationDelegate$BeanPostProcessorChecker] [main] [330] [INFO ] Bean 'org.springframework.hateoas.config.HateoasConfiguration' of type [org.springframework.hateoas.config.HateoasConfiguration$$EnhancerBySpringCGLIB$$17d5837e] is not eligible for getting processed by all BeanPostProcessors (for example: not eligible for auto-proxying)
[2018-12-07 10:05:45 ] [org.springframework.boot.web.embedded.tomcat.TomcatWebServer] [main] [90] [INFO ] Tomcat initialized with port(s): 8080 (http)
[2018-12-07 10:05:45 ] [org.apache.juli.logging.DirectJDKLog] [main] [173] [INFO ] Initializing ProtocolHandler ["http-nio-8080"]
[2018-12-07 10:05:45 ] [org.apache.juli.logging.DirectJDKLog] [main] [173] [INFO ] Starting service [Tomcat]
[2018-12-07 10:05:45 ] [org.apache.juli.logging.DirectJDKLog] [main] [173] [INFO ] Starting Servlet Engine: Apache Tomcat/9.0.12
[2018-12-07 10:05:45 ] [org.apache.juli.logging.DirectJDKLog] [main] [173] [INFO ] The APR based Apache Tomcat Native library which allows optimal performance in production environments was not found on the java.library.path: [/usr/java/packages/lib/amd64:/usr/lib64:/lib64:/lib:/usr/lib]
[2018-12-07 10:05:46 ] [org.apache.juli.logging.DirectJDKLog] [main] [173] [INFO ] At least one JAR was scanned for TLDs yet contained no TLDs. Enable debug logging for this logger for a complete list of JARs that were scanned but no TLDs were found in them. Skipping unneeded JARs during scanning can improve startup time and JSP compilation time.
[2018-12-07 10:05:46 ] [org.apache.juli.logging.DirectJDKLog] [main] [173] [INFO ] Initializing Spring embedded WebApplicationContext
[2018-12-07 10:05:46 ] [org.springframework.boot.web.servlet.context.ServletWebServerApplicationContext] [main] [277] [DEBUG] Published root WebApplicationContext as ServletContext attribute with name [org.springframework.web.context.WebApplicationContext.ROOT]
[2018-12-07 10:05:46 ] [org.springframework.boot.web.servlet.context.ServletWebServerApplicationContext] [main] [285] [INFO ] Root WebApplicationContext: initialization completed in 4826 ms
[2018-12-07 10:05:46 ] [org.springframework.boot.web.servlet.AbstractFilterRegistrationBean] [main] [248] [INFO ] Mapping filter: 'characterEncodingFilter' to: [/*]
[2018-12-07 10:05:46 ] [org.springframework.boot.web.servlet.AbstractFilterRegistrationBean] [main] [248] [INFO ] Mapping filter: 'hiddenHttpMethodFilter' to: [/*]
[2018-12-07 10:05:46 ] [org.springframework.boot.web.servlet.AbstractFilterRegistrationBean] [main] [248] [INFO ] Mapping filter: 'formContentFilter' to: [/*]
[2018-12-07 10:05:46 ] [org.springframework.boot.web.servlet.AbstractFilterRegistrationBean] [main] [248] [INFO ] Mapping filter: 'requestContextFilter' to: [/*]
[2018-12-07 10:05:46 ] [org.springframework.boot.web.servlet.AbstractFilterRegistrationBean] [main] [248] [INFO ] Mapping filter: 'springSecurityFilterChain' to: [/*]
[2018-12-07 10:05:46 ] [org.springframework.boot.web.servlet.ServletRegistrationBean] [main] [186] [INFO ] Servlet dispatcherServlet mapped to [/]
[2018-12-07 10:05:46 ] [com.zaxxer.hikari.HikariDataSource] [main] [110] [INFO ] HikariPool-1 - Starting...
[2018-12-07 10:05:47 ] [com.zaxxer.hikari.HikariDataSource] [main] [123] [INFO ] HikariPool-1 - Start completed.
[2018-12-07 10:05:50 ] [org.springframework.orm.jpa.AbstractEntityManagerFactoryBean] [main] [415] [INFO ] Initialized JPA EntityManagerFactory for persistence unit 'default'
[2018-12-07 10:05:52 ] [org.springframework.security.web.DefaultSecurityFilterChain] [main] [43] [INFO ] Creating filter chain: Ant [pattern='/resources/**'], []
[2018-12-07 10:05:52 ] [org.springframework.security.web.DefaultSecurityFilterChain] [main] [43] [INFO ] Creating filter chain: Ant [pattern='/statics/**'], []
[2018-12-07 10:05:52 ] [org.springframework.security.web.DefaultSecurityFilterChain] [main] [43] [INFO ] Creating filter chain: Ant [pattern='/css/**'], []
[2018-12-07 10:05:52 ] [org.springframework.security.web.DefaultSecurityFilterChain] [main] [43] [INFO ] Creating filter chain: Ant [pattern='/js/**'], []
[2018-12-07 10:05:52 ] [org.springframework.security.web.DefaultSecurityFilterChain] [main] [43] [INFO ] Creating filter chain: Ant [pattern='/images/**'], []
[2018-12-07 10:05:52 ] [org.springframework.security.web.DefaultSecurityFilterChain] [main] [43] [INFO ] Creating filter chain: Ant [pattern='/incl/**'], []
[2018-12-07 10:05:52 ] [org.springframework.security.web.DefaultSecurityFilterChain] [main] [43] [INFO ] Creating filter chain: any request, [org.springframework.security.web.context.request.async.WebAsyncManagerIntegrationFilter@22cd8ec2, org.springframework.security.web.context.SecurityContextPersistenceFilter@136fece2, org.springframework.security.web.header.HeaderWriterFilter@6591f8ea, org.springframework.security.web.authentication.logout.LogoutFilter@636e4bf8, org.springframework.security.web.authentication.UsernamePasswordAuthenticationFilter@18811c42, org.springframework.security.web.savedrequest.RequestCacheAwareFilter@3caf5c96, org.springframework.security.web.servletapi.SecurityContextHolderAwareRequestFilter@1d2046bb, org.springframework.security.web.authentication.AnonymousAuthenticationFilter@7d977a20, org.springframework.security.web.session.SessionManagementFilter@279c4e3b, org.springframework.security.web.access.ExceptionTranslationFilter@3cf8a235, org.springframework.security.web.access.intercept.FilterSecurityInterceptor@54e0f76f]
[2018-12-07 10:05:52 ] [org.springframework.web.servlet.handler.SimpleUrlHandlerMapping] [main] [139] [DEBUG] Patterns [/**/favicon.ico] in 'faviconHandlerMapping'
[2018-12-07 10:05:52 ] [org.springframework.scheduling.concurrent.ExecutorConfigurationSupport] [main] [171] [INFO ] Initializing ExecutorService 'applicationTaskExecutor'
[2018-12-07 10:05:52 ] [org.springframework.web.servlet.mvc.method.annotation.RequestMappingHandlerAdapter] [main] [622] [DEBUG] ControllerAdvice beans: 0 @ModelAttribute, 0 @InitBinder, 1 RequestBodyAdvice, 1, ResponseBodyAdvice
[2018-12-07 10:05:52 ] [org.springframework.boot.autoconfigure.orm.jpa.JpaBaseConfiguration$JpaWebConfiguration$JpaWebMvcConfiguration] [main] [234] [WARN ] spring.jpa.open-in-view is enabled by default. Therefore, database queries may be performed during view rendering. Explicitly configure spring.jpa.open-in-view to disable this warning
[2018-12-07 10:05:52 ] [org.springframework.web.servlet.handler.AbstractHandlerMethodMapping] [main] [332] [DEBUG] 16 mappings in 'requestMappingHandlerMapping'
[2018-12-07 10:05:52 ] [org.springframework.web.servlet.handler.SimpleUrlHandlerMapping] [main] [139] [DEBUG] Patterns [/webjars/**, /resources/** ] in 'resourceHandlerMapping'
[2018-12-07 10:05:52 ] [org.springframework.web.servlet.mvc.method.annotation.ExceptionHandlerExceptionResolver] [main] [302] [DEBUG] ControllerAdvice beans: 1 @ExceptionHandler, 1 ResponseBodyAdvice
[2018-12-07 10:05:53 ] [org.springframework.boot.autoconfigure.web.servlet.WelcomePageHandlerMapping] [main] [61] [INFO ] Adding welcome page template: index
[2018-12-07 10:05:53 ] [org.springframework.boot.autoconfigure.security.servlet.UserDetailsServiceAutoConfiguration] [main] [86] [INFO ] 

Using generated security password: b3d49d34-dfb9-4a90-9dca-4d9f5ff51a10

[2018-12-07 10:05:53 ] [org.apache.juli.logging.DirectJDKLog] [main] [173] [INFO ] Starting ProtocolHandler ["http-nio-8080"]
[2018-12-07 10:05:53 ] [org.apache.juli.logging.DirectJDKLog] [main] [173] [INFO ] Using a shared selector for servlet write/read
[2018-12-07 10:05:53 ] [org.springframework.boot.web.embedded.tomcat.TomcatWebServer] [main] [204] [INFO ] Tomcat started on port(s): 8080 (http) with context path ''
[2018-12-07 10:05:53 ] [org.springframework.boot.StartupInfoLogger] [main] [59] [INFO ] Started ApkaApplication in 13.832 seconds (JVM running for 18.901)
[2018-12-07 10:06:35 ] [org.springframework.boot.admin.SpringApplicationAdminMXBeanRegistrar$SpringApplicationAdmin] [RMI TCP Connection(2)-127.0.0.1] [164] [INFO ] Application shutdown requested.
[2018-12-07 10:06:35 ] [org.springframework.scheduling.concurrent.ExecutorConfigurationSupport] [RMI TCP Connection(2)-127.0.0.1] [208] [INFO ] Shutting down ExecutorService 'applicationTaskExecutor'
[2018-12-07 10:06:35 ] [org.springframework.orm.jpa.AbstractEntityManagerFactoryBean] [RMI TCP Connection(2)-127.0.0.1] [597] [INFO ] Closing JPA EntityManagerFactory for persistence unit 'default'
[2018-12-07 10:06:35 ] [com.zaxxer.hikari.HikariDataSource] [RMI TCP Connection(2)-127.0.0.1] [350] [INFO ] HikariPool-1 - Shutdown initiated...
[2018-12-07 10:06:35 ] [com.zaxxer.hikari.HikariDataSource] [RMI TCP Connection(2)-127.0.0.1] [352] [INFO ] HikariPool-1 - Shutdown completed.
[2018-12-07 10:27:25 ] [org.springframework.boot.StartupInfoLogger] [main] [50] [INFO ] Starting ApkaApplication on lukasz-CX61-2PF with PID 9418 (started by lukasz in /home/lukasz/Documents/workspace-sts-3.9.5.RELEASEE/Apkaaa___Lekcja_16_Logi aplikacji)
[2018-12-07 10:27:25 ] [org.springframework.boot.StartupInfoLogger] [main] [53] [DEBUG] Running with Spring Boot v2.1.0.RELEASE, Spring v5.1.2.RELEASE
[2018-12-07 10:27:25 ] [org.springframework.boot.SpringApplication] [main] [675] [INFO ] No active profile set, falling back to default profiles: default
[2018-12-07 10:27:26 ] [org.springframework.data.repository.config.RepositoryConfigurationDelegate] [main] [126] [INFO ] Bootstrapping Spring Data repositories in DEFAULT mode.
[2018-12-07 10:27:26 ] [org.springframework.data.repository.config.RepositoryConfigurationDelegate] [main] [182] [INFO ] Finished Spring Data repository scanning in 53ms. Found 3 repository interfaces.
[2018-12-07 10:27:26 ] [org.springframework.context.support.PostProcessorRegistrationDelegate$BeanPostProcessorChecker] [main] [330] [INFO ] Bean 'org.springframework.transaction.annotation.ProxyTransactionManagementConfiguration' of type [org.springframework.transaction.annotation.ProxyTransactionManagementConfiguration$$EnhancerBySpringCGLIB$$5b695601] is not eligible for getting processed by all BeanPostProcessors (for example: not eligible for auto-proxying)
[2018-12-07 10:27:26 ] [org.springframework.context.support.PostProcessorRegistrationDelegate$BeanPostProcessorChecker] [main] [330] [INFO ] Bean 'org.springframework.security.config.annotation.configuration.ObjectPostProcessorConfiguration' of type [org.springframework.security.config.annotation.configuration.ObjectPostProcessorConfiguration$$EnhancerBySpringCGLIB$$f4171e3b] is not eligible for getting processed by all BeanPostProcessors (for example: not eligible for auto-proxying)
[2018-12-07 10:27:26 ] [org.springframework.context.support.PostProcessorRegistrationDelegate$BeanPostProcessorChecker] [main] [330] [INFO ] Bean 'objectPostProcessor' of type [org.springframework.security.config.annotation.configuration.AutowireBeanFactoryObjectPostProcessor] is not eligible for getting processed by all BeanPostProcessors (for example: not eligible for auto-proxying)
[2018-12-07 10:27:26 ] [org.springframework.context.support.PostProcessorRegistrationDelegate$BeanPostProcessorChecker] [main] [330] [INFO ] Bean 'org.springframework.security.access.expression.method.DefaultMethodSecurityExpressionHandler@31c2affc' of type [org.springframework.security.access.expression.method.DefaultMethodSecurityExpressionHandler] is not eligible for getting processed by all BeanPostProcessors (for example: not eligible for auto-proxying)
[2018-12-07 10:27:26 ] [org.springframework.context.support.PostProcessorRegistrationDelegate$BeanPostProcessorChecker] [main] [330] [INFO ] Bean 'org.springframework.security.config.annotation.method.configuration.GlobalMethodSecurityConfiguration' of type [org.springframework.security.config.annotation.method.configuration.GlobalMethodSecurityConfiguration$$EnhancerBySpringCGLIB$$18ebc0ed] is not eligible for getting processed by all BeanPostProcessors (for example: not eligible for auto-proxying)
[2018-12-07 10:27:26 ] [org.springframework.context.support.PostProcessorRegistrationDelegate$BeanPostProcessorChecker] [main] [330] [INFO ] Bean 'methodSecurityMetadataSource' of type [org.springframework.security.access.method.DelegatingMethodSecurityMetadataSource] is not eligible for getting processed by all BeanPostProcessors (for example: not eligible for auto-proxying)
[2018-12-07 10:27:26 ] [org.springframework.context.support.PostProcessorRegistrationDelegate$BeanPostProcessorChecker] [main] [330] [INFO ] Bean 'org.springframework.hateoas.config.HateoasConfiguration' of type [org.springframework.hateoas.config.HateoasConfiguration$$EnhancerBySpringCGLIB$$dae9a333] is not eligible for getting processed by all BeanPostProcessors (for example: not eligible for auto-proxying)
[2018-12-07 10:27:27 ] [org.springframework.boot.web.embedded.tomcat.TomcatWebServer] [main] [90] [INFO ] Tomcat initialized with port(s): 8080 (http)
[2018-12-07 10:27:27 ] [org.apache.juli.logging.DirectJDKLog] [main] [173] [INFO ] Initializing ProtocolHandler ["http-nio-8080"]
[2018-12-07 10:27:27 ] [org.apache.juli.logging.DirectJDKLog] [main] [173] [INFO ] Starting service [Tomcat]
[2018-12-07 10:27:27 ] [org.apache.juli.logging.DirectJDKLog] [main] [173] [INFO ] Starting Servlet Engine: Apache Tomcat/9.0.12
[2018-12-07 10:27:27 ] [org.apache.juli.logging.DirectJDKLog] [main] [173] [INFO ] The APR based Apache Tomcat Native library which allows optimal performance in production environments was not found on the java.library.path: [/usr/java/packages/lib/amd64:/usr/lib64:/lib64:/lib:/usr/lib]
[2018-12-07 10:27:27 ] [org.apache.juli.logging.DirectJDKLog] [main] [173] [INFO ] At least one JAR was scanned for TLDs yet contained no TLDs. Enable debug logging for this logger for a complete list of JARs that were scanned but no TLDs were found in them. Skipping unneeded JARs during scanning can improve startup time and JSP compilation time.
[2018-12-07 10:27:27 ] [org.apache.juli.logging.DirectJDKLog] [main] [173] [INFO ] Initializing Spring embedded WebApplicationContext
[2018-12-07 10:27:27 ] [org.springframework.boot.web.servlet.context.ServletWebServerApplicationContext] [main] [277] [DEBUG] Published root WebApplicationContext as ServletContext attribute with name [org.springframework.web.context.WebApplicationContext.ROOT]
[2018-12-07 10:27:27 ] [org.springframework.boot.web.servlet.context.ServletWebServerApplicationContext] [main] [285] [INFO ] Root WebApplicationContext: initialization completed in 1898 ms
[2018-12-07 10:27:27 ] [org.springframework.boot.web.servlet.AbstractFilterRegistrationBean] [main] [248] [INFO ] Mapping filter: 'characterEncodingFilter' to: [/*]
[2018-12-07 10:27:27 ] [org.springframework.boot.web.servlet.AbstractFilterRegistrationBean] [main] [248] [INFO ] Mapping filter: 'hiddenHttpMethodFilter' to: [/*]
[2018-12-07 10:27:27 ] [org.springframework.boot.web.servlet.AbstractFilterRegistrationBean] [main] [248] [INFO ] Mapping filter: 'formContentFilter' to: [/*]
[2018-12-07 10:27:27 ] [org.springframework.boot.web.servlet.AbstractFilterRegistrationBean] [main] [248] [INFO ] Mapping filter: 'requestContextFilter' to: [/*]
[2018-12-07 10:27:27 ] [org.springframework.boot.web.servlet.AbstractFilterRegistrationBean] [main] [248] [INFO ] Mapping filter: 'springSecurityFilterChain' to: [/*]
[2018-12-07 10:27:27 ] [org.springframework.boot.web.servlet.ServletRegistrationBean] [main] [186] [INFO ] Servlet dispatcherServlet mapped to [/]
[2018-12-07 10:27:27 ] [com.zaxxer.hikari.HikariDataSource] [main] [110] [INFO ] HikariPool-1 - Starting...
[2018-12-07 10:27:28 ] [com.zaxxer.hikari.HikariDataSource] [main] [123] [INFO ] HikariPool-1 - Start completed.
[2018-12-07 10:27:28 ] [org.springframework.orm.jpa.AbstractEntityManagerFactoryBean] [main] [415] [INFO ] Initialized JPA EntityManagerFactory for persistence unit 'default'
[2018-12-07 10:27:29 ] [org.springframework.security.web.DefaultSecurityFilterChain] [main] [43] [INFO ] Creating filter chain: Ant [pattern='/resources/**'], []
[2018-12-07 10:27:29 ] [org.springframework.security.web.DefaultSecurityFilterChain] [main] [43] [INFO ] Creating filter chain: Ant [pattern='/statics/**'], []
[2018-12-07 10:27:29 ] [org.springframework.security.web.DefaultSecurityFilterChain] [main] [43] [INFO ] Creating filter chain: Ant [pattern='/css/**'], []
[2018-12-07 10:27:29 ] [org.springframework.security.web.DefaultSecurityFilterChain] [main] [43] [INFO ] Creating filter chain: Ant [pattern='/js/**'], []
[2018-12-07 10:27:29 ] [org.springframework.security.web.DefaultSecurityFilterChain] [main] [43] [INFO ] Creating filter chain: Ant [pattern='/images/**'], []
[2018-12-07 10:27:29 ] [org.springframework.security.web.DefaultSecurityFilterChain] [main] [43] [INFO ] Creating filter chain: Ant [pattern='/incl/**'], []
[2018-12-07 10:27:29 ] [org.springframework.security.web.DefaultSecurityFilterChain] [main] [43] [INFO ] Creating filter chain: any request, [org.springframework.security.web.context.request.async.WebAsyncManagerIntegrationFilter@5feb82b3, org.springframework.security.web.context.SecurityContextPersistenceFilter@60ae7cf2, org.springframework.security.web.header.HeaderWriterFilter@16e907b6, org.springframework.security.web.authentication.logout.LogoutFilter@7aa3857b, org.springframework.security.web.authentication.UsernamePasswordAuthenticationFilter@5d9bb69b, org.springframework.security.web.savedrequest.RequestCacheAwareFilter@bc8d68b, org.springframework.security.web.servletapi.SecurityContextHolderAwareRequestFilter@334b392d, org.springframework.security.web.authentication.AnonymousAuthenticationFilter@2d38db6f, org.springframework.security.web.session.SessionManagementFilter@23ec2bdc, org.springframework.security.web.access.ExceptionTranslationFilter@24eecabf, org.springframework.security.web.access.intercept.FilterSecurityInterceptor@389a1e34]
[2018-12-07 10:27:29 ] [org.springframework.web.servlet.handler.SimpleUrlHandlerMapping] [main] [139] [DEBUG] Patterns [/**/favicon.ico] in 'faviconHandlerMapping'
[2018-12-07 10:27:30 ] [org.springframework.scheduling.concurrent.ExecutorConfigurationSupport] [main] [171] [INFO ] Initializing ExecutorService 'applicationTaskExecutor'
[2018-12-07 10:27:30 ] [org.springframework.web.servlet.mvc.method.annotation.RequestMappingHandlerAdapter] [main] [622] [DEBUG] ControllerAdvice beans: 0 @ModelAttribute, 0 @InitBinder, 1 RequestBodyAdvice, 1, ResponseBodyAdvice
[2018-12-07 10:27:30 ] [org.springframework.boot.autoconfigure.orm.jpa.JpaBaseConfiguration$JpaWebConfiguration$JpaWebMvcConfiguration] [main] [234] [WARN ] spring.jpa.open-in-view is enabled by default. Therefore, database queries may be performed during view rendering. Explicitly configure spring.jpa.open-in-view to disable this warning
[2018-12-07 10:27:30 ] [org.springframework.web.servlet.handler.AbstractHandlerMethodMapping] [main] [332] [DEBUG] 16 mappings in 'requestMappingHandlerMapping'
[2018-12-07 10:27:30 ] [org.springframework.web.servlet.handler.SimpleUrlHandlerMapping] [main] [139] [DEBUG] Patterns [/webjars/**, /resources/** ] in 'resourceHandlerMapping'
[2018-12-07 10:27:30 ] [org.springframework.web.servlet.mvc.method.annotation.ExceptionHandlerExceptionResolver] [main] [302] [DEBUG] ControllerAdvice beans: 1 @ExceptionHandler, 1 ResponseBodyAdvice
[2018-12-07 10:27:30 ] [org.springframework.boot.autoconfigure.web.servlet.WelcomePageHandlerMapping] [main] [61] [INFO ] Adding welcome page template: index
[2018-12-07 10:27:30 ] [org.springframework.boot.autoconfigure.security.servlet.UserDetailsServiceAutoConfiguration] [main] [86] [INFO ] 

Using generated security password: 46631331-a7ff-40df-80c2-9a155df060c4

[2018-12-07 10:27:30 ] [org.apache.juli.logging.DirectJDKLog] [main] [173] [INFO ] Starting ProtocolHandler ["http-nio-8080"]
[2018-12-07 10:27:30 ] [org.apache.juli.logging.DirectJDKLog] [main] [173] [INFO ] Using a shared selector for servlet write/read
[2018-12-07 10:27:30 ] [org.springframework.boot.web.embedded.tomcat.TomcatWebServer] [main] [204] [INFO ] Tomcat started on port(s): 8080 (http) with context path ''
[2018-12-07 10:27:30 ] [org.springframework.boot.StartupInfoLogger] [main] [59] [INFO ] Started ApkaApplication in 5.108 seconds (JVM running for 5.771)
[2018-12-07 10:29:17 ] [org.springframework.boot.admin.SpringApplicationAdminMXBeanRegistrar$SpringApplicationAdmin] [RMI TCP Connection(2)-127.0.0.1] [164] [INFO ] Application shutdown requested.
[2018-12-07 10:29:17 ] [org.springframework.scheduling.concurrent.ExecutorConfigurationSupport] [RMI TCP Connection(2)-127.0.0.1] [208] [INFO ] Shutting down ExecutorService 'applicationTaskExecutor'
[2018-12-07 10:29:17 ] [org.springframework.orm.jpa.AbstractEntityManagerFactoryBean] [RMI TCP Connection(2)-127.0.0.1] [597] [INFO ] Closing JPA EntityManagerFactory for persistence unit 'default'
[2018-12-07 10:29:17 ] [com.zaxxer.hikari.HikariDataSource] [RMI TCP Connection(2)-127.0.0.1] [350] [INFO ] HikariPool-1 - Shutdown initiated...
[2018-12-07 10:29:17 ] [com.zaxxer.hikari.HikariDataSource] [RMI TCP Connection(2)-127.0.0.1] [352] [INFO ] HikariPool-1 - Shutdown completed.
