[2018-12-07 10:24:39 ] [org.springframework.boot.StartupInfoLogger] [main] [50] [INFO ] Starting ApkaApplication on lukasz-CX61-2PF with PID 9213 (started by lukasz in /home/lukasz/Documents/workspace-sts-3.9.5.RELEASEE/Apkaaa___Lekcja_16_Logi aplikacji)
[2018-12-07 10:24:39 ] [org.springframework.boot.StartupInfoLogger] [main] [53] [DEBUG] Running with Spring Boot v2.1.0.RELEASE, Spring v5.1.2.RELEASE
[2018-12-07 10:24:39 ] [org.springframework.boot.SpringApplication] [main] [675] [INFO ] No active profile set, falling back to default profiles: default
[2018-12-07 10:24:42 ] [org.springframework.data.repository.config.RepositoryConfigurationDelegate] [main] [126] [INFO ] Bootstrapping Spring Data repositories in DEFAULT mode.
[2018-12-07 10:24:42 ] [org.springframework.data.repository.config.RepositoryConfigurationDelegate] [main] [182] [INFO ] Finished Spring Data repository scanning in 153ms. Found 3 repository interfaces.
[2018-12-07 10:24:43 ] [org.springframework.context.support.PostProcessorRegistrationDelegate$BeanPostProcessorChecker] [main] [330] [INFO ] Bean 'org.springframework.transaction.annotation.ProxyTransactionManagementConfiguration' of type [org.springframework.transaction.annotation.ProxyTransactionManagementConfiguration$$EnhancerBySpringCGLIB$$e2aa6923] is not eligible for getting processed by all BeanPostProcessors (for example: not eligible for auto-proxying)
[2018-12-07 10:24:43 ] [org.springframework.context.support.PostProcessorRegistrationDelegate$BeanPostProcessorChecker] [main] [330] [INFO ] Bean 'org.springframework.security.config.annotation.configuration.ObjectPostProcessorConfiguration' of type [org.springframework.security.config.annotation.configuration.ObjectPostProcessorConfiguration$$EnhancerBySpringCGLIB$$7b58315d] is not eligible for getting processed by all BeanPostProcessors (for example: not eligible for auto-proxying)
[2018-12-07 10:24:43 ] [org.springframework.context.support.PostProcessorRegistrationDelegate$BeanPostProcessorChecker] [main] [330] [INFO ] Bean 'objectPostProcessor' of type [org.springframework.security.config.annotation.configuration.AutowireBeanFactoryObjectPostProcessor] is not eligible for getting processed by all BeanPostProcessors (for example: not eligible for auto-proxying)
[2018-12-07 10:24:43 ] [org.springframework.context.support.PostProcessorRegistrationDelegate$BeanPostProcessorChecker] [main] [330] [INFO ] Bean 'org.springframework.security.access.expression.method.DefaultMethodSecurityExpressionHandler@61e3cf4d' of type [org.springframework.security.access.expression.method.DefaultMethodSecurityExpressionHandler] is not eligible for getting processed by all BeanPostProcessors (for example: not eligible for auto-proxying)
[2018-12-07 10:24:43 ] [org.springframework.context.support.PostProcessorRegistrationDelegate$BeanPostProcessorChecker] [main] [330] [INFO ] Bean 'org.springframework.security.config.annotation.method.configuration.GlobalMethodSecurityConfiguration' of type [org.springframework.security.config.annotation.method.configuration.GlobalMethodSecurityConfiguration$$EnhancerBySpringCGLIB$$a02cd40f] is not eligible for getting processed by all BeanPostProcessors (for example: not eligible for auto-proxying)
[2018-12-07 10:24:43 ] [org.springframework.context.support.PostProcessorRegistrationDelegate$BeanPostProcessorChecker] [main] [330] [INFO ] Bean 'methodSecurityMetadataSource' of type [org.springframework.security.access.method.DelegatingMethodSecurityMetadataSource] is not eligible for getting processed by all BeanPostProcessors (for example: not eligible for auto-proxying)
[2018-12-07 10:24:43 ] [org.springframework.context.support.PostProcessorRegistrationDelegate$BeanPostProcessorChecker] [main] [330] [INFO ] Bean 'org.springframework.hateoas.config.HateoasConfiguration' of type [org.springframework.hateoas.config.HateoasConfiguration$$EnhancerBySpringCGLIB$$622ab655] is not eligible for getting processed by all BeanPostProcessors (for example: not eligible for auto-proxying)
[2018-12-07 10:24:44 ] [org.springframework.boot.web.embedded.tomcat.TomcatWebServer] [main] [90] [INFO ] Tomcat initialized with port(s): 8080 (http)
[2018-12-07 10:24:45 ] [org.apache.juli.logging.DirectJDKLog] [main] [173] [INFO ] Initializing ProtocolHandler ["http-nio-8080"]
[2018-12-07 10:24:45 ] [org.apache.juli.logging.DirectJDKLog] [main] [173] [INFO ] Starting service [Tomcat]
[2018-12-07 10:24:45 ] [org.apache.juli.logging.DirectJDKLog] [main] [173] [INFO ] Starting Servlet Engine: Apache Tomcat/9.0.12
[2018-12-07 10:24:45 ] [org.apache.juli.logging.DirectJDKLog] [main] [173] [INFO ] The APR based Apache Tomcat Native library which allows optimal performance in production environments was not found on the java.library.path: [/usr/java/packages/lib/amd64:/usr/lib64:/lib64:/lib:/usr/lib]
[2018-12-07 10:24:45 ] [org.apache.juli.logging.DirectJDKLog] [main] [173] [INFO ] At least one JAR was scanned for TLDs yet contained no TLDs. Enable debug logging for this logger for a complete list of JARs that were scanned but no TLDs were found in them. Skipping unneeded JARs during scanning can improve startup time and JSP compilation time.
[2018-12-07 10:24:45 ] [org.apache.juli.logging.DirectJDKLog] [main] [173] [INFO ] Initializing Spring embedded WebApplicationContext
[2018-12-07 10:24:45 ] [org.springframework.boot.web.servlet.context.ServletWebServerApplicationContext] [main] [277] [DEBUG] Published root WebApplicationContext as ServletContext attribute with name [org.springframework.web.context.WebApplicationContext.ROOT]
[2018-12-07 10:24:45 ] [org.springframework.boot.web.servlet.context.ServletWebServerApplicationContext] [main] [285] [INFO ] Root WebApplicationContext: initialization completed in 6479 ms
[2018-12-07 10:24:46 ] [org.springframework.boot.web.servlet.AbstractFilterRegistrationBean] [main] [248] [INFO ] Mapping filter: 'characterEncodingFilter' to: [/*]
[2018-12-07 10:24:46 ] [org.springframework.boot.web.servlet.AbstractFilterRegistrationBean] [main] [248] [INFO ] Mapping filter: 'hiddenHttpMethodFilter' to: [/*]
[2018-12-07 10:24:46 ] [org.springframework.boot.web.servlet.AbstractFilterRegistrationBean] [main] [248] [INFO ] Mapping filter: 'formContentFilter' to: [/*]
[2018-12-07 10:24:46 ] [org.springframework.boot.web.servlet.AbstractFilterRegistrationBean] [main] [248] [INFO ] Mapping filter: 'requestContextFilter' to: [/*]
[2018-12-07 10:24:46 ] [org.springframework.boot.web.servlet.AbstractFilterRegistrationBean] [main] [248] [INFO ] Mapping filter: 'springSecurityFilterChain' to: [/*]
[2018-12-07 10:24:46 ] [org.springframework.boot.web.servlet.ServletRegistrationBean] [main] [186] [INFO ] Servlet dispatcherServlet mapped to [/]
[2018-12-07 10:24:46 ] [com.zaxxer.hikari.HikariDataSource] [main] [110] [INFO ] HikariPool-1 - Starting...
[2018-12-07 10:24:46 ] [com.zaxxer.hikari.HikariDataSource] [main] [123] [INFO ] HikariPool-1 - Start completed.
[2018-12-07 10:24:49 ] [org.springframework.orm.jpa.AbstractEntityManagerFactoryBean] [main] [415] [INFO ] Initialized JPA EntityManagerFactory for persistence unit 'default'
[2018-12-07 10:24:52 ] [org.springframework.security.web.DefaultSecurityFilterChain] [main] [43] [INFO ] Creating filter chain: Ant [pattern='/resources/**'], []
[2018-12-07 10:24:52 ] [org.springframework.security.web.DefaultSecurityFilterChain] [main] [43] [INFO ] Creating filter chain: Ant [pattern='/statics/**'], []
[2018-12-07 10:24:52 ] [org.springframework.security.web.DefaultSecurityFilterChain] [main] [43] [INFO ] Creating filter chain: Ant [pattern='/css/**'], []
[2018-12-07 10:24:52 ] [org.springframework.security.web.DefaultSecurityFilterChain] [main] [43] [INFO ] Creating filter chain: Ant [pattern='/js/**'], []
[2018-12-07 10:24:52 ] [org.springframework.security.web.DefaultSecurityFilterChain] [main] [43] [INFO ] Creating filter chain: Ant [pattern='/images/**'], []
[2018-12-07 10:24:52 ] [org.springframework.security.web.DefaultSecurityFilterChain] [main] [43] [INFO ] Creating filter chain: Ant [pattern='/incl/**'], []
[2018-12-07 10:24:52 ] [org.springframework.security.web.DefaultSecurityFilterChain] [main] [43] [INFO ] Creating filter chain: any request, [org.springframework.security.web.context.request.async.WebAsyncManagerIntegrationFilter@69c1ea07, org.springframework.security.web.context.SecurityContextPersistenceFilter@2739ecc0, org.springframework.security.web.header.HeaderWriterFilter@2b1d1a5, org.springframework.security.web.authentication.logout.LogoutFilter@377e90b0, org.springframework.security.web.authentication.UsernamePasswordAuthenticationFilter@12e2f5ab, org.springframework.security.web.savedrequest.RequestCacheAwareFilter@3d98729a, org.springframework.security.web.servletapi.SecurityContextHolderAwareRequestFilter@ace2408, org.springframework.security.web.authentication.AnonymousAuthenticationFilter@5cbe72b9, org.springframework.security.web.session.SessionManagementFilter@3b66ac74, org.springframework.security.web.access.ExceptionTranslationFilter@1fa18f87, org.springframework.security.web.access.intercept.FilterSecurityInterceptor@73234691]
[2018-12-07 10:24:52 ] [org.springframework.web.servlet.handler.SimpleUrlHandlerMapping] [main] [139] [DEBUG] Patterns [/**/favicon.ico] in 'faviconHandlerMapping'
[2018-12-07 10:24:52 ] [org.springframework.scheduling.concurrent.ExecutorConfigurationSupport] [main] [171] [INFO ] Initializing ExecutorService 'applicationTaskExecutor'
[2018-12-07 10:24:52 ] [org.springframework.web.servlet.mvc.method.annotation.RequestMappingHandlerAdapter] [main] [622] [DEBUG] ControllerAdvice beans: 0 @ModelAttribute, 0 @InitBinder, 1 RequestBodyAdvice, 1, ResponseBodyAdvice
[2018-12-07 10:24:52 ] [org.springframework.boot.autoconfigure.orm.jpa.JpaBaseConfiguration$JpaWebConfiguration$JpaWebMvcConfiguration] [main] [234] [WARN ] spring.jpa.open-in-view is enabled by default. Therefore, database queries may be performed during view rendering. Explicitly configure spring.jpa.open-in-view to disable this warning
[2018-12-07 10:24:52 ] [org.springframework.web.servlet.handler.AbstractHandlerMethodMapping] [main] [332] [DEBUG] 16 mappings in 'requestMappingHandlerMapping'
[2018-12-07 10:24:52 ] [org.springframework.web.servlet.handler.SimpleUrlHandlerMapping] [main] [139] [DEBUG] Patterns [/webjars/**, /resources/** ] in 'resourceHandlerMapping'
[2018-12-07 10:24:52 ] [org.springframework.web.servlet.mvc.method.annotation.ExceptionHandlerExceptionResolver] [main] [302] [DEBUG] ControllerAdvice beans: 1 @ExceptionHandler, 1 ResponseBodyAdvice
[2018-12-07 10:24:53 ] [org.springframework.boot.autoconfigure.web.servlet.WelcomePageHandlerMapping] [main] [61] [INFO ] Adding welcome page template: index
[2018-12-07 10:24:53 ] [org.springframework.boot.autoconfigure.security.servlet.UserDetailsServiceAutoConfiguration] [main] [86] [INFO ] 

Using generated security password: 472e97b9-2dc7-4875-a4e1-b5f8e48ebc47

[2018-12-07 10:24:53 ] [org.apache.juli.logging.DirectJDKLog] [main] [173] [INFO ] Starting ProtocolHandler ["http-nio-8080"]
[2018-12-07 10:24:53 ] [org.apache.juli.logging.DirectJDKLog] [main] [173] [INFO ] Using a shared selector for servlet write/read
[2018-12-07 10:24:53 ] [org.springframework.boot.web.embedded.tomcat.TomcatWebServer] [main] [204] [INFO ] Tomcat started on port(s): 8080 (http) with context path ''
[2018-12-07 10:24:53 ] [org.springframework.boot.StartupInfoLogger] [main] [59] [INFO ] Started ApkaApplication in 16.362 seconds (JVM running for 20.962)
[2018-12-07 10:25:16 ] [org.apache.juli.logging.DirectJDKLog] [http-nio-8080-exec-1] [173] [INFO ] Initializing Spring DispatcherServlet 'dispatcherServlet'
[2018-12-07 10:25:16 ] [org.springframework.web.servlet.FrameworkServlet] [http-nio-8080-exec-1] [521] [INFO ] Initializing Servlet 'dispatcherServlet'
[2018-12-07 10:25:16 ] [org.springframework.web.servlet.DispatcherServlet] [http-nio-8080-exec-1] [525] [DEBUG] Detected StandardServletMultipartResolver
[2018-12-07 10:25:16 ] [org.springframework.web.servlet.FrameworkServlet] [http-nio-8080-exec-1] [538] [DEBUG] enableLoggingRequestDetails='false': request parameters and headers will be masked to prevent unsafe logging of potentially sensitive data
[2018-12-07 10:25:16 ] [org.springframework.web.servlet.FrameworkServlet] [http-nio-8080-exec-1] [543] [INFO ] Completed initialization in 29 ms
[2018-12-07 10:25:16 ] [org.springframework.core.log.LogFormatUtils] [http-nio-8080-exec-1] [90] [DEBUG] GET "/login", parameters={}
[2018-12-07 10:25:16 ] [org.springframework.web.servlet.handler.AbstractHandlerMapping] [http-nio-8080-exec-1] [420] [DEBUG] Mapped to public java.lang.String lukasz.Apka.mainControllerr.LoginPageController.showLoginPage()
[2018-12-07 10:25:17 ] [org.springframework.web.servlet.view.ContentNegotiatingViewResolver] [http-nio-8080-exec-1] [347] [DEBUG] Selected 'text/html' given [text/html, application/xhtml+xml, application/xml;q=0.9, */*;q=0.8]
[2018-12-07 10:25:17 ] [org.springframework.web.servlet.view.AbstractView] [http-nio-8080-exec-1] [309] [DEBUG] View name 'login', model {}
[2018-12-07 10:25:17 ] [org.springframework.web.servlet.view.InternalResourceView] [http-nio-8080-exec-1] [168] [DEBUG] Forwarding to [/WEB-INF/jsp/login.jsp]
[2018-12-07 10:25:18 ] [org.springframework.web.servlet.FrameworkServlet] [http-nio-8080-exec-1] [1123] [DEBUG] Completed 200 OK
[2018-12-07 10:25:18 ] [org.springframework.core.log.LogFormatUtils] [http-nio-8080-exec-2] [90] [DEBUG] GET "/resources/css/style.css", parameters={}
[2018-12-07 10:25:18 ] [org.springframework.web.servlet.DispatcherServlet] [http-nio-8080-exec-2] [1248] [WARN ] No mapping for GET /resources/css/style.css
[2018-12-07 10:25:18 ] [org.springframework.web.servlet.FrameworkServlet] [http-nio-8080-exec-2] [1123] [DEBUG] Completed 404 NOT_FOUND
[2018-12-07 10:25:18 ] [org.springframework.core.log.LogFormatUtils] [http-nio-8080-exec-3] [90] [DEBUG] GET "/login", parameters={}
[2018-12-07 10:25:18 ] [org.springframework.web.servlet.handler.AbstractHandlerMapping] [http-nio-8080-exec-3] [420] [DEBUG] Mapped to public java.lang.String lukasz.Apka.mainControllerr.LoginPageController.showLoginPage()
[2018-12-07 10:25:18 ] [org.springframework.web.servlet.view.ContentNegotiatingViewResolver] [http-nio-8080-exec-3] [347] [DEBUG] Selected '*/*;q=0.1' given [text/css, */*;q=0.1]
[2018-12-07 10:25:18 ] [org.springframework.web.servlet.view.AbstractView] [http-nio-8080-exec-3] [309] [DEBUG] View name 'login', model {}
[2018-12-07 10:25:18 ] [org.springframework.web.servlet.view.InternalResourceView] [http-nio-8080-exec-3] [168] [DEBUG] Forwarding to [/WEB-INF/jsp/login.jsp]
[2018-12-07 10:25:18 ] [org.springframework.web.servlet.FrameworkServlet] [http-nio-8080-exec-3] [1123] [DEBUG] Completed 200 OK
[2018-12-07 10:25:18 ] [org.springframework.core.log.LogFormatUtils] [http-nio-8080-exec-5] [90] [DEBUG] GET "/login", parameters={}
[2018-12-07 10:25:18 ] [org.springframework.web.servlet.handler.AbstractHandlerMapping] [http-nio-8080-exec-5] [420] [DEBUG] Mapped to public java.lang.String lukasz.Apka.mainControllerr.LoginPageController.showLoginPage()
[2018-12-07 10:25:18 ] [org.springframework.web.servlet.view.ContentNegotiatingViewResolver] [http-nio-8080-exec-5] [347] [DEBUG] Selected 'text/html' given [text/html, application/xhtml+xml, application/xml;q=0.9, */*;q=0.8]
[2018-12-07 10:25:18 ] [org.springframework.web.servlet.view.AbstractView] [http-nio-8080-exec-5] [309] [DEBUG] View name 'login', model {}
[2018-12-07 10:25:18 ] [org.springframework.web.servlet.view.InternalResourceView] [http-nio-8080-exec-5] [168] [DEBUG] Forwarding to [/WEB-INF/jsp/login.jsp]
[2018-12-07 10:25:18 ] [org.springframework.web.servlet.FrameworkServlet] [http-nio-8080-exec-5] [1123] [DEBUG] Completed 200 OK
[2018-12-07 10:25:38 ] [org.springframework.scheduling.concurrent.ExecutorConfigurationSupport] [Thread-3] [208] [INFO ] Shutting down ExecutorService 'applicationTaskExecutor'
[2018-12-07 10:25:38 ] [org.springframework.orm.jpa.AbstractEntityManagerFactoryBean] [Thread-3] [597] [INFO ] Closing JPA EntityManagerFactory for persistence unit 'default'
[2018-12-07 10:25:38 ] [com.zaxxer.hikari.HikariDataSource] [Thread-3] [350] [INFO ] HikariPool-1 - Shutdown initiated...
[2018-12-07 10:25:38 ] [com.zaxxer.hikari.HikariDataSource] [Thread-3] [352] [INFO ] HikariPool-1 - Shutdown completed.
