[2019-03-23 08:35:24 ] [org.springframework.boot.StartupInfoLogger] [main] [50] [INFO ] Starting ApkaApplication on lukasz-CX61-2PF with PID 3232 (started by lukasz in /home/lukasz/Documents/workspace-sts-3.9.5.SPRING/Admin Panel  -  CRUD)
[2019-03-23 08:35:24 ] [org.springframework.boot.StartupInfoLogger] [main] [53] [DEBUG] Running with Spring Boot v2.1.0.RELEASE, Spring v5.1.2.RELEASE
[2019-03-23 08:35:24 ] [org.springframework.boot.SpringApplication] [main] [675] [INFO ] No active profile set, falling back to default profiles: default
[2019-03-23 08:35:25 ] [org.springframework.data.repository.config.RepositoryConfigurationDelegate] [main] [126] [INFO ] Bootstrapping Spring Data repositories in DEFAULT mode.
[2019-03-23 08:35:25 ] [org.springframework.data.repository.config.RepositoryConfigurationDelegate] [main] [182] [INFO ] Finished Spring Data repository scanning in 103ms. Found 3 repository interfaces.
[2019-03-23 08:35:26 ] [org.springframework.context.support.PostProcessorRegistrationDelegate$BeanPostProcessorChecker] [main] [330] [INFO ] Bean 'org.springframework.transaction.annotation.ProxyTransactionManagementConfiguration' of type [org.springframework.transaction.annotation.ProxyTransactionManagementConfiguration$$EnhancerBySpringCGLIB$$c93d7770] is not eligible for getting processed by all BeanPostProcessors (for example: not eligible for auto-proxying)
[2019-03-23 08:35:26 ] [org.springframework.context.support.PostProcessorRegistrationDelegate$BeanPostProcessorChecker] [main] [330] [INFO ] Bean 'org.springframework.security.config.annotation.configuration.ObjectPostProcessorConfiguration' of type [org.springframework.security.config.annotation.configuration.ObjectPostProcessorConfiguration$$EnhancerBySpringCGLIB$$61eb3faa] is not eligible for getting processed by all BeanPostProcessors (for example: not eligible for auto-proxying)
[2019-03-23 08:35:26 ] [org.springframework.context.support.PostProcessorRegistrationDelegate$BeanPostProcessorChecker] [main] [330] [INFO ] Bean 'objectPostProcessor' of type [org.springframework.security.config.annotation.configuration.AutowireBeanFactoryObjectPostProcessor] is not eligible for getting processed by all BeanPostProcessors (for example: not eligible for auto-proxying)
[2019-03-23 08:35:26 ] [org.springframework.context.support.PostProcessorRegistrationDelegate$BeanPostProcessorChecker] [main] [330] [INFO ] Bean 'org.springframework.security.access.expression.method.DefaultMethodSecurityExpressionHandler@77cb9cd1' of type [org.springframework.security.access.expression.method.DefaultMethodSecurityExpressionHandler] is not eligible for getting processed by all BeanPostProcessors (for example: not eligible for auto-proxying)
[2019-03-23 08:35:26 ] [org.springframework.context.support.PostProcessorRegistrationDelegate$BeanPostProcessorChecker] [main] [330] [INFO ] Bean 'org.springframework.security.config.annotation.method.configuration.GlobalMethodSecurityConfiguration' of type [org.springframework.security.config.annotation.method.configuration.GlobalMethodSecurityConfiguration$$EnhancerBySpringCGLIB$$86bfe25c] is not eligible for getting processed by all BeanPostProcessors (for example: not eligible for auto-proxying)
[2019-03-23 08:35:26 ] [org.springframework.context.support.PostProcessorRegistrationDelegate$BeanPostProcessorChecker] [main] [330] [INFO ] Bean 'methodSecurityMetadataSource' of type [org.springframework.security.access.method.DelegatingMethodSecurityMetadataSource] is not eligible for getting processed by all BeanPostProcessors (for example: not eligible for auto-proxying)
[2019-03-23 08:35:26 ] [org.springframework.context.support.PostProcessorRegistrationDelegate$BeanPostProcessorChecker] [main] [330] [INFO ] Bean 'org.springframework.hateoas.config.HateoasConfiguration' of type [org.springframework.hateoas.config.HateoasConfiguration$$EnhancerBySpringCGLIB$$48bdc4a2] is not eligible for getting processed by all BeanPostProcessors (for example: not eligible for auto-proxying)
[2019-03-23 08:35:26 ] [org.springframework.boot.web.embedded.tomcat.TomcatWebServer] [main] [90] [INFO ] Tomcat initialized with port(s): 8080 (http)
[2019-03-23 08:35:26 ] [org.apache.juli.logging.DirectJDKLog] [main] [173] [INFO ] Initializing ProtocolHandler ["http-nio-8080"]
[2019-03-23 08:35:26 ] [org.apache.juli.logging.DirectJDKLog] [main] [173] [INFO ] Starting service [Tomcat]
[2019-03-23 08:35:26 ] [org.apache.juli.logging.DirectJDKLog] [main] [173] [INFO ] Starting Servlet Engine: Apache Tomcat/9.0.12
[2019-03-23 08:35:26 ] [org.apache.juli.logging.DirectJDKLog] [main] [173] [INFO ] The APR based Apache Tomcat Native library which allows optimal performance in production environments was not found on the java.library.path: [/usr/java/packages/lib/amd64:/usr/lib64:/lib64:/lib:/usr/lib]
[2019-03-23 08:35:27 ] [org.apache.juli.logging.DirectJDKLog] [main] [173] [INFO ] At least one JAR was scanned for TLDs yet contained no TLDs. Enable debug logging for this logger for a complete list of JARs that were scanned but no TLDs were found in them. Skipping unneeded JARs during scanning can improve startup time and JSP compilation time.
[2019-03-23 08:35:27 ] [org.apache.juli.logging.DirectJDKLog] [main] [173] [INFO ] Initializing Spring embedded WebApplicationContext
[2019-03-23 08:35:27 ] [org.springframework.boot.web.servlet.context.ServletWebServerApplicationContext] [main] [285] [INFO ] Root WebApplicationContext: initialization completed in 2707 ms
[2019-03-23 08:35:27 ] [org.springframework.boot.web.servlet.AbstractFilterRegistrationBean] [main] [248] [INFO ] Mapping filter: 'characterEncodingFilter' to: [/*]
[2019-03-23 08:35:27 ] [org.springframework.boot.web.servlet.AbstractFilterRegistrationBean] [main] [248] [INFO ] Mapping filter: 'hiddenHttpMethodFilter' to: [/*]
[2019-03-23 08:35:27 ] [org.springframework.boot.web.servlet.AbstractFilterRegistrationBean] [main] [248] [INFO ] Mapping filter: 'formContentFilter' to: [/*]
[2019-03-23 08:35:27 ] [org.springframework.boot.web.servlet.AbstractFilterRegistrationBean] [main] [248] [INFO ] Mapping filter: 'requestContextFilter' to: [/*]
[2019-03-23 08:35:27 ] [org.springframework.boot.web.servlet.AbstractFilterRegistrationBean] [main] [248] [INFO ] Mapping filter: 'springSecurityFilterChain' to: [/*]
[2019-03-23 08:35:27 ] [org.springframework.boot.web.servlet.ServletRegistrationBean] [main] [186] [INFO ] Servlet dispatcherServlet mapped to [/]
[2019-03-23 08:35:27 ] [com.zaxxer.hikari.HikariDataSource] [main] [110] [INFO ] HikariPool-1 - Starting...
[2019-03-23 08:35:27 ] [com.zaxxer.hikari.HikariDataSource] [main] [123] [INFO ] HikariPool-1 - Start completed.
[2019-03-23 08:35:27 ] [org.hibernate.jpa.internal.util.LogHelper] [main] [31] [INFO ] HHH000204: Processing PersistenceUnitInfo [
	name: default
	...]
[2019-03-23 08:35:27 ] [org.hibernate.Version] [main] [46] [INFO ] HHH000412: Hibernate Core {5.3.7.Final}
[2019-03-23 08:35:27 ] [org.hibernate.cfg.Environment] [main] [213] [INFO ] HHH000206: hibernate.properties not found
[2019-03-23 08:35:27 ] [org.hibernate.annotations.common.reflection.java.JavaReflectionManager] [main] [49] [INFO ] HCANN000001: Hibernate Commons Annotations {5.0.4.Final}
[2019-03-23 08:35:28 ] [org.hibernate.dialect.Dialect] [main] [157] [INFO ] HHH000400: Using dialect: org.hibernate.dialect.MySQL5Dialect
[2019-03-23 08:35:28 ] [org.springframework.orm.jpa.AbstractEntityManagerFactoryBean] [main] [415] [INFO ] Initialized JPA EntityManagerFactory for persistence unit 'default'
[2019-03-23 08:35:28 ] [org.hibernate.hql.internal.QueryTranslatorFactoryInitiator] [main] [47] [INFO ] HHH000397: Using ASTQueryTranslatorFactory
[2019-03-23 08:35:29 ] [org.springframework.security.web.DefaultSecurityFilterChain] [main] [43] [INFO ] Creating filter chain: Ant [pattern='/resources/**'], []
[2019-03-23 08:35:29 ] [org.springframework.security.web.DefaultSecurityFilterChain] [main] [43] [INFO ] Creating filter chain: Ant [pattern='/statics/**'], []
[2019-03-23 08:35:29 ] [org.springframework.security.web.DefaultSecurityFilterChain] [main] [43] [INFO ] Creating filter chain: Ant [pattern='/css/**'], []
[2019-03-23 08:35:29 ] [org.springframework.security.web.DefaultSecurityFilterChain] [main] [43] [INFO ] Creating filter chain: Ant [pattern='/js/**'], []
[2019-03-23 08:35:29 ] [org.springframework.security.web.DefaultSecurityFilterChain] [main] [43] [INFO ] Creating filter chain: Ant [pattern='/images/**'], []
[2019-03-23 08:35:29 ] [org.springframework.security.web.DefaultSecurityFilterChain] [main] [43] [INFO ] Creating filter chain: Ant [pattern='/incl/**'], []
[2019-03-23 08:35:29 ] [org.springframework.security.web.DefaultSecurityFilterChain] [main] [43] [INFO ] Creating filter chain: any request, [org.springframework.security.web.context.request.async.WebAsyncManagerIntegrationFilter@5158a9f7, org.springframework.security.web.context.SecurityContextPersistenceFilter@629cbb1, org.springframework.security.web.header.HeaderWriterFilter@7462ba4b, org.springframework.security.web.authentication.logout.LogoutFilter@6d617b07, org.springframework.security.web.authentication.UsernamePasswordAuthenticationFilter@7d8f2eec, org.springframework.security.web.savedrequest.RequestCacheAwareFilter@22cd8ec2, org.springframework.security.web.servletapi.SecurityContextHolderAwareRequestFilter@3a8fb023, org.springframework.security.web.authentication.AnonymousAuthenticationFilter@7c8f047a, org.springframework.security.web.session.SessionManagementFilter@18811c42, org.springframework.security.web.access.ExceptionTranslationFilter@37cf91d8, org.springframework.security.web.access.intercept.FilterSecurityInterceptor@3fef1e6b]
[2019-03-23 08:35:29 ] [org.springframework.scheduling.concurrent.ExecutorConfigurationSupport] [main] [171] [INFO ] Initializing ExecutorService 'applicationTaskExecutor'
[2019-03-23 08:35:29 ] [org.springframework.boot.autoconfigure.orm.jpa.JpaBaseConfiguration$JpaWebConfiguration$JpaWebMvcConfiguration] [main] [234] [WARN ] spring.jpa.open-in-view is enabled by default. Therefore, database queries may be performed during view rendering. Explicitly configure spring.jpa.open-in-view to disable this warning
[2019-03-23 08:35:29 ] [org.springframework.boot.autoconfigure.web.servlet.WelcomePageHandlerMapping] [main] [61] [INFO ] Adding welcome page template: index
[2019-03-23 08:35:30 ] [org.springframework.boot.autoconfigure.security.servlet.UserDetailsServiceAutoConfiguration] [main] [86] [INFO ] 

Using generated security password: 10a4b163-2653-4027-a185-79a8c08b396e

[2019-03-23 08:35:30 ] [org.apache.juli.logging.DirectJDKLog] [main] [173] [INFO ] Starting ProtocolHandler ["http-nio-8080"]
[2019-03-23 08:35:30 ] [org.apache.juli.logging.DirectJDKLog] [main] [173] [INFO ] Using a shared selector for servlet write/read
[2019-03-23 08:35:30 ] [org.springframework.boot.web.embedded.tomcat.TomcatWebServer] [main] [204] [INFO ] Tomcat started on port(s): 8080 (http) with context path ''
[2019-03-23 08:35:30 ] [org.springframework.boot.StartupInfoLogger] [main] [59] [INFO ] Started ApkaApplication in 6.43 seconds (JVM running for 6.941)
[2019-03-23 08:49:16 ] [org.springframework.boot.StartupInfoLogger] [main] [50] [INFO ] Starting ApkaApplication on lukasz-CX61-2PF with PID 3848 (started by lukasz in /home/lukasz/Documents/workspace-sts-3.9.5.SPRING/Admin Panel  -  CRUD)
[2019-03-23 08:49:16 ] [org.springframework.boot.StartupInfoLogger] [main] [53] [DEBUG] Running with Spring Boot v2.1.0.RELEASE, Spring v5.1.2.RELEASE
[2019-03-23 08:49:16 ] [org.springframework.boot.SpringApplication] [main] [675] [INFO ] No active profile set, falling back to default profiles: default
[2019-03-23 08:49:19 ] [org.springframework.data.repository.config.RepositoryConfigurationDelegate] [main] [126] [INFO ] Bootstrapping Spring Data repositories in DEFAULT mode.
[2019-03-23 08:49:19 ] [org.springframework.data.repository.config.RepositoryConfigurationDelegate] [main] [182] [INFO ] Finished Spring Data repository scanning in 94ms. Found 3 repository interfaces.
[2019-03-23 08:49:19 ] [org.springframework.context.support.PostProcessorRegistrationDelegate$BeanPostProcessorChecker] [main] [330] [INFO ] Bean 'org.springframework.transaction.annotation.ProxyTransactionManagementConfiguration' of type [org.springframework.transaction.annotation.ProxyTransactionManagementConfiguration$$EnhancerBySpringCGLIB$$b66eaba8] is not eligible for getting processed by all BeanPostProcessors (for example: not eligible for auto-proxying)
[2019-03-23 08:49:19 ] [org.springframework.context.support.PostProcessorRegistrationDelegate$BeanPostProcessorChecker] [main] [330] [INFO ] Bean 'org.springframework.security.config.annotation.configuration.ObjectPostProcessorConfiguration' of type [org.springframework.security.config.annotation.configuration.ObjectPostProcessorConfiguration$$EnhancerBySpringCGLIB$$4f1c73e2] is not eligible for getting processed by all BeanPostProcessors (for example: not eligible for auto-proxying)
[2019-03-23 08:49:19 ] [org.springframework.context.support.PostProcessorRegistrationDelegate$BeanPostProcessorChecker] [main] [330] [INFO ] Bean 'objectPostProcessor' of type [org.springframework.security.config.annotation.configuration.AutowireBeanFactoryObjectPostProcessor] is not eligible for getting processed by all BeanPostProcessors (for example: not eligible for auto-proxying)
[2019-03-23 08:49:19 ] [org.springframework.context.support.PostProcessorRegistrationDelegate$BeanPostProcessorChecker] [main] [330] [INFO ] Bean 'org.springframework.security.access.expression.method.DefaultMethodSecurityExpressionHandler@1f966492' of type [org.springframework.security.access.expression.method.DefaultMethodSecurityExpressionHandler] is not eligible for getting processed by all BeanPostProcessors (for example: not eligible for auto-proxying)
[2019-03-23 08:49:19 ] [org.springframework.context.support.PostProcessorRegistrationDelegate$BeanPostProcessorChecker] [main] [330] [INFO ] Bean 'org.springframework.security.config.annotation.method.configuration.GlobalMethodSecurityConfiguration' of type [org.springframework.security.config.annotation.method.configuration.GlobalMethodSecurityConfiguration$$EnhancerBySpringCGLIB$$73f11694] is not eligible for getting processed by all BeanPostProcessors (for example: not eligible for auto-proxying)
[2019-03-23 08:49:19 ] [org.springframework.context.support.PostProcessorRegistrationDelegate$BeanPostProcessorChecker] [main] [330] [INFO ] Bean 'methodSecurityMetadataSource' of type [org.springframework.security.access.method.DelegatingMethodSecurityMetadataSource] is not eligible for getting processed by all BeanPostProcessors (for example: not eligible for auto-proxying)
[2019-03-23 08:49:19 ] [org.springframework.context.support.PostProcessorRegistrationDelegate$BeanPostProcessorChecker] [main] [330] [INFO ] Bean 'org.springframework.hateoas.config.HateoasConfiguration' of type [org.springframework.hateoas.config.HateoasConfiguration$$EnhancerBySpringCGLIB$$35eef8da] is not eligible for getting processed by all BeanPostProcessors (for example: not eligible for auto-proxying)
[2019-03-23 08:49:20 ] [org.springframework.boot.web.embedded.tomcat.TomcatWebServer] [main] [90] [INFO ] Tomcat initialized with port(s): 8080 (http)
[2019-03-23 08:49:20 ] [org.apache.juli.logging.DirectJDKLog] [main] [173] [INFO ] Initializing ProtocolHandler ["http-nio-8080"]
[2019-03-23 08:49:20 ] [org.apache.juli.logging.DirectJDKLog] [main] [173] [INFO ] Starting service [Tomcat]
[2019-03-23 08:49:20 ] [org.apache.juli.logging.DirectJDKLog] [main] [173] [INFO ] Starting Servlet Engine: Apache Tomcat/9.0.12
[2019-03-23 08:49:20 ] [org.apache.juli.logging.DirectJDKLog] [main] [173] [INFO ] The APR based Apache Tomcat Native library which allows optimal performance in production environments was not found on the java.library.path: [/usr/java/packages/lib/amd64:/usr/lib64:/lib64:/lib:/usr/lib]
[2019-03-23 08:49:21 ] [org.apache.juli.logging.DirectJDKLog] [main] [173] [INFO ] At least one JAR was scanned for TLDs yet contained no TLDs. Enable debug logging for this logger for a complete list of JARs that were scanned but no TLDs were found in them. Skipping unneeded JARs during scanning can improve startup time and JSP compilation time.
[2019-03-23 08:49:21 ] [org.apache.juli.logging.DirectJDKLog] [main] [173] [INFO ] Initializing Spring embedded WebApplicationContext
[2019-03-23 08:49:21 ] [org.springframework.boot.web.servlet.context.ServletWebServerApplicationContext] [main] [285] [INFO ] Root WebApplicationContext: initialization completed in 4882 ms
[2019-03-23 08:49:21 ] [org.springframework.boot.web.servlet.AbstractFilterRegistrationBean] [main] [248] [INFO ] Mapping filter: 'characterEncodingFilter' to: [/*]
[2019-03-23 08:49:21 ] [org.springframework.boot.web.servlet.AbstractFilterRegistrationBean] [main] [248] [INFO ] Mapping filter: 'hiddenHttpMethodFilter' to: [/*]
[2019-03-23 08:49:21 ] [org.springframework.boot.web.servlet.AbstractFilterRegistrationBean] [main] [248] [INFO ] Mapping filter: 'formContentFilter' to: [/*]
[2019-03-23 08:49:21 ] [org.springframework.boot.web.servlet.AbstractFilterRegistrationBean] [main] [248] [INFO ] Mapping filter: 'requestContextFilter' to: [/*]
[2019-03-23 08:49:21 ] [org.springframework.boot.web.servlet.AbstractFilterRegistrationBean] [main] [248] [INFO ] Mapping filter: 'springSecurityFilterChain' to: [/*]
[2019-03-23 08:49:21 ] [org.springframework.boot.web.servlet.ServletRegistrationBean] [main] [186] [INFO ] Servlet dispatcherServlet mapped to [/]
[2019-03-23 08:49:22 ] [com.zaxxer.hikari.HikariDataSource] [main] [110] [INFO ] HikariPool-1 - Starting...
[2019-03-23 08:49:22 ] [com.zaxxer.hikari.HikariDataSource] [main] [123] [INFO ] HikariPool-1 - Start completed.
[2019-03-23 08:49:23 ] [org.hibernate.jpa.internal.util.LogHelper] [main] [31] [INFO ] HHH000204: Processing PersistenceUnitInfo [
	name: default
	...]
[2019-03-23 08:49:23 ] [org.hibernate.Version] [main] [46] [INFO ] HHH000412: Hibernate Core {5.3.7.Final}
[2019-03-23 08:49:23 ] [org.hibernate.cfg.Environment] [main] [213] [INFO ] HHH000206: hibernate.properties not found
[2019-03-23 08:49:24 ] [org.hibernate.annotations.common.reflection.java.JavaReflectionManager] [main] [49] [INFO ] HCANN000001: Hibernate Commons Annotations {5.0.4.Final}
[2019-03-23 08:49:24 ] [org.hibernate.dialect.Dialect] [main] [157] [INFO ] HHH000400: Using dialect: org.hibernate.dialect.MySQL5Dialect
[2019-03-23 08:49:25 ] [org.springframework.orm.jpa.AbstractEntityManagerFactoryBean] [main] [415] [INFO ] Initialized JPA EntityManagerFactory for persistence unit 'default'
[2019-03-23 08:49:26 ] [org.hibernate.hql.internal.QueryTranslatorFactoryInitiator] [main] [47] [INFO ] HHH000397: Using ASTQueryTranslatorFactory
[2019-03-23 08:49:28 ] [org.springframework.security.web.DefaultSecurityFilterChain] [main] [43] [INFO ] Creating filter chain: Ant [pattern='/resources/**'], []
[2019-03-23 08:49:28 ] [org.springframework.security.web.DefaultSecurityFilterChain] [main] [43] [INFO ] Creating filter chain: Ant [pattern='/statics/**'], []
[2019-03-23 08:49:28 ] [org.springframework.security.web.DefaultSecurityFilterChain] [main] [43] [INFO ] Creating filter chain: Ant [pattern='/css/**'], []
[2019-03-23 08:49:28 ] [org.springframework.security.web.DefaultSecurityFilterChain] [main] [43] [INFO ] Creating filter chain: Ant [pattern='/js/**'], []
[2019-03-23 08:49:28 ] [org.springframework.security.web.DefaultSecurityFilterChain] [main] [43] [INFO ] Creating filter chain: Ant [pattern='/images/**'], []
[2019-03-23 08:49:28 ] [org.springframework.security.web.DefaultSecurityFilterChain] [main] [43] [INFO ] Creating filter chain: Ant [pattern='/incl/**'], []
[2019-03-23 08:49:28 ] [org.springframework.security.web.DefaultSecurityFilterChain] [main] [43] [INFO ] Creating filter chain: any request, [org.springframework.security.web.context.request.async.WebAsyncManagerIntegrationFilter@b841713, org.springframework.security.web.context.SecurityContextPersistenceFilter@2d38db6f, org.springframework.security.web.header.HeaderWriterFilter@25d0b918, org.springframework.security.web.authentication.logout.LogoutFilter@76ffc17c, org.springframework.security.web.authentication.UsernamePasswordAuthenticationFilter@29f95272, org.springframework.security.web.savedrequest.RequestCacheAwareFilter@571d0925, org.springframework.security.web.servletapi.SecurityContextHolderAwareRequestFilter@165aa43a, org.springframework.security.web.authentication.AnonymousAuthenticationFilter@3fef1e6b, org.springframework.security.web.session.SessionManagementFilter@7ffcb232, org.springframework.security.web.access.ExceptionTranslationFilter@204b0f07, org.springframework.security.web.access.intercept.FilterSecurityInterceptor@73da7f08]
[2019-03-23 08:49:29 ] [org.springframework.scheduling.concurrent.ExecutorConfigurationSupport] [main] [171] [INFO ] Initializing ExecutorService 'applicationTaskExecutor'
[2019-03-23 08:49:29 ] [org.springframework.boot.autoconfigure.orm.jpa.JpaBaseConfiguration$JpaWebConfiguration$JpaWebMvcConfiguration] [main] [234] [WARN ] spring.jpa.open-in-view is enabled by default. Therefore, database queries may be performed during view rendering. Explicitly configure spring.jpa.open-in-view to disable this warning
[2019-03-23 08:49:29 ] [org.springframework.boot.autoconfigure.web.servlet.WelcomePageHandlerMapping] [main] [61] [INFO ] Adding welcome page template: index
[2019-03-23 08:49:30 ] [org.springframework.boot.autoconfigure.security.servlet.UserDetailsServiceAutoConfiguration] [main] [86] [INFO ] 

Using generated security password: 18917e83-f4c6-4264-bd3d-34a0d98eeffc

[2019-03-23 08:49:30 ] [org.apache.juli.logging.DirectJDKLog] [main] [173] [INFO ] Starting ProtocolHandler ["http-nio-8080"]
[2019-03-23 08:49:30 ] [org.apache.juli.logging.DirectJDKLog] [main] [175] [ERROR] Failed to start component [Connector[HTTP/1.1-8080]]
org.apache.catalina.LifecycleException: Protocol handler start failed
	at org.apache.catalina.connector.Connector.startInternal(Connector.java:960)
	at org.apache.catalina.util.LifecycleBase.start(LifecycleBase.java:183)
	at org.apache.catalina.core.StandardService.addConnector(StandardService.java:225)
	at org.springframework.boot.web.embedded.tomcat.TomcatWebServer.addPreviouslyRemovedConnectors(TomcatWebServer.java:259)
	at org.springframework.boot.web.embedded.tomcat.TomcatWebServer.start(TomcatWebServer.java:197)
	at org.springframework.boot.web.servlet.context.ServletWebServerApplicationContext.startWebServer(ServletWebServerApplicationContext.java:300)
	at org.springframework.boot.web.servlet.context.ServletWebServerApplicationContext.finishRefresh(ServletWebServerApplicationContext.java:162)
	at org.springframework.context.support.AbstractApplicationContext.refresh(AbstractApplicationContext.java:549)
	at org.springframework.boot.web.servlet.context.ServletWebServerApplicationContext.refresh(ServletWebServerApplicationContext.java:140)
	at org.springframework.boot.SpringApplication.refresh(SpringApplication.java:775)
	at org.springframework.boot.SpringApplication.refreshContext(SpringApplication.java:397)
	at org.springframework.boot.SpringApplication.run(SpringApplication.java:316)
	at org.springframework.boot.SpringApplication.run(SpringApplication.java:1260)
	at org.springframework.boot.SpringApplication.run(SpringApplication.java:1248)
	at lukasz.Apka.ApkaApplication.main(ApkaApplication.java:15)
Caused by: java.net.BindException: Adres jest już w użyciu
	at sun.nio.ch.Net.bind0(Native Method)
	at sun.nio.ch.Net.bind(Net.java:433)
	at sun.nio.ch.Net.bind(Net.java:425)
	at sun.nio.ch.ServerSocketChannelImpl.bind(ServerSocketChannelImpl.java:223)
	at sun.nio.ch.ServerSocketAdaptor.bind(ServerSocketAdaptor.java:74)
	at org.apache.tomcat.util.net.NioEndpoint.initServerSocket(NioEndpoint.java:236)
	at org.apache.tomcat.util.net.NioEndpoint.bind(NioEndpoint.java:210)
	at org.apache.tomcat.util.net.AbstractEndpoint.start(AbstractEndpoint.java:1108)
	at org.apache.coyote.AbstractProtocol.start(AbstractProtocol.java:550)
	at org.apache.catalina.connector.Connector.startInternal(Connector.java:957)
	... 14 common frames omitted
[2019-03-23 08:49:30 ] [org.apache.juli.logging.DirectJDKLog] [main] [173] [INFO ] Pausing ProtocolHandler ["http-nio-8080"]
[2019-03-23 08:49:30 ] [org.apache.juli.logging.DirectJDKLog] [main] [173] [INFO ] Stopping service [Tomcat]
[2019-03-23 08:49:30 ] [org.apache.juli.logging.DirectJDKLog] [main] [173] [INFO ] The stop() method was called on component [StandardServer[-1]] after stop() had already been called. The second call will be ignored.
[2019-03-23 08:49:30 ] [org.apache.juli.logging.DirectJDKLog] [main] [173] [INFO ] Stopping ProtocolHandler ["http-nio-8080"]
[2019-03-23 08:49:30 ] [org.apache.juli.logging.DirectJDKLog] [main] [173] [INFO ] Destroying ProtocolHandler ["http-nio-8080"]
[2019-03-23 08:49:30 ] [org.springframework.boot.autoconfigure.logging.ConditionEvaluationReportLoggingListener] [main] [142] [INFO ] 

Error starting ApplicationContext. To display the conditions report re-run your application with 'debug' enabled.
[2019-03-23 08:49:30 ] [org.springframework.boot.diagnostics.LoggingFailureAnalysisReporter] [main] [42] [ERROR] 

***************************
APPLICATION FAILED TO START
***************************

Description:

The Tomcat connector configured to listen on port 8080 failed to start. The port may already be in use or the connector may be misconfigured.

Action:

Verify the connector's configuration, identify and stop any process that's listening on port 8080, or configure this application to listen on another port.

[2019-03-23 08:49:30 ] [org.springframework.scheduling.concurrent.ExecutorConfigurationSupport] [main] [208] [INFO ] Shutting down ExecutorService 'applicationTaskExecutor'
[2019-03-23 08:49:30 ] [org.springframework.orm.jpa.AbstractEntityManagerFactoryBean] [main] [597] [INFO ] Closing JPA EntityManagerFactory for persistence unit 'default'
[2019-03-23 08:49:30 ] [com.zaxxer.hikari.HikariDataSource] [main] [350] [INFO ] HikariPool-1 - Shutdown initiated...
[2019-03-23 08:49:30 ] [com.zaxxer.hikari.HikariDataSource] [main] [352] [INFO ] HikariPool-1 - Shutdown completed.
[2019-03-23 08:52:23 ] [org.apache.juli.logging.DirectJDKLog] [http-nio-8080-exec-1] [173] [INFO ] Initializing Spring DispatcherServlet 'dispatcherServlet'
[2019-03-23 08:52:23 ] [org.springframework.web.servlet.FrameworkServlet] [http-nio-8080-exec-1] [521] [INFO ] Initializing Servlet 'dispatcherServlet'
[2019-03-23 08:52:23 ] [org.springframework.web.servlet.FrameworkServlet] [http-nio-8080-exec-1] [543] [INFO ] Completed initialization in 32 ms
[2019-03-23 08:52:23 ] [lukasz.Apka.mainControllerr.MainPageController] [http-nio-8080-exec-1] [22] [INFO ] **** WYWOŁANO > showMainPage()
[2019-03-23 08:52:24 ] [org.springframework.web.servlet.DispatcherServlet] [http-nio-8080-exec-2] [1248] [WARN ] No mapping for GET /resources/css/style.css
[2019-03-23 08:52:34 ] [lukasz.Apka.mainControllerr.MainPageController] [http-nio-8080-exec-5] [22] [INFO ] **** WYWOŁANO > showMainPage()
[2019-03-23 08:52:34 ] [org.springframework.web.servlet.DispatcherServlet] [http-nio-8080-exec-6] [1248] [WARN ] No mapping for GET /resources/css/style.css
[2019-03-23 08:52:37 ] [org.springframework.web.servlet.DispatcherServlet] [http-nio-8080-exec-9] [1248] [WARN ] No mapping for GET /resources/css/style.css
[2019-03-23 08:52:41 ] [org.springframework.web.servlet.DispatcherServlet] [http-nio-8080-exec-1] [1248] [WARN ] No mapping for GET /resources/css/style.css
[2019-03-23 09:49:14 ] [org.springframework.boot.admin.SpringApplicationAdminMXBeanRegistrar$SpringApplicationAdmin] [RMI TCP Connection(2)-127.0.0.1] [164] [INFO ] Application shutdown requested.
[2019-03-23 09:49:14 ] [org.springframework.scheduling.concurrent.ExecutorConfigurationSupport] [RMI TCP Connection(2)-127.0.0.1] [208] [INFO ] Shutting down ExecutorService 'applicationTaskExecutor'
[2019-03-23 09:49:14 ] [org.springframework.orm.jpa.AbstractEntityManagerFactoryBean] [RMI TCP Connection(2)-127.0.0.1] [597] [INFO ] Closing JPA EntityManagerFactory for persistence unit 'default'
[2019-03-23 09:49:15 ] [com.zaxxer.hikari.HikariDataSource] [RMI TCP Connection(2)-127.0.0.1] [350] [INFO ] HikariPool-1 - Shutdown initiated...
[2019-03-23 09:49:15 ] [com.zaxxer.hikari.HikariDataSource] [RMI TCP Connection(2)-127.0.0.1] [352] [INFO ] HikariPool-1 - Shutdown completed.
[2019-03-23 18:55:43 ] [org.springframework.boot.StartupInfoLogger] [main] [50] [INFO ] Starting ApkaApplication on lukasz-CX61-2PF with PID 11292 (started by lukasz in /home/lukasz/Documents/workspace-sts-3.9.5.SPRING/Admin Panel  -  CRUD)
[2019-03-23 18:55:43 ] [org.springframework.boot.StartupInfoLogger] [main] [53] [DEBUG] Running with Spring Boot v2.1.0.RELEASE, Spring v5.1.2.RELEASE
[2019-03-23 18:55:43 ] [org.springframework.boot.SpringApplication] [main] [675] [INFO ] No active profile set, falling back to default profiles: default
[2019-03-23 18:55:45 ] [org.springframework.data.repository.config.RepositoryConfigurationDelegate] [main] [126] [INFO ] Bootstrapping Spring Data repositories in DEFAULT mode.
[2019-03-23 18:55:45 ] [org.springframework.data.repository.config.RepositoryConfigurationDelegate] [main] [182] [INFO ] Finished Spring Data repository scanning in 85ms. Found 3 repository interfaces.
[2019-03-23 18:55:45 ] [org.springframework.context.support.PostProcessorRegistrationDelegate$BeanPostProcessorChecker] [main] [330] [INFO ] Bean 'org.springframework.transaction.annotation.ProxyTransactionManagementConfiguration' of type [org.springframework.transaction.annotation.ProxyTransactionManagementConfiguration$$EnhancerBySpringCGLIB$$4df9dd3d] is not eligible for getting processed by all BeanPostProcessors (for example: not eligible for auto-proxying)
[2019-03-23 18:55:46 ] [org.springframework.context.support.PostProcessorRegistrationDelegate$BeanPostProcessorChecker] [main] [330] [INFO ] Bean 'org.springframework.security.config.annotation.configuration.ObjectPostProcessorConfiguration' of type [org.springframework.security.config.annotation.configuration.ObjectPostProcessorConfiguration$$EnhancerBySpringCGLIB$$e6a7a577] is not eligible for getting processed by all BeanPostProcessors (for example: not eligible for auto-proxying)
[2019-03-23 18:55:46 ] [org.springframework.context.support.PostProcessorRegistrationDelegate$BeanPostProcessorChecker] [main] [330] [INFO ] Bean 'objectPostProcessor' of type [org.springframework.security.config.annotation.configuration.AutowireBeanFactoryObjectPostProcessor] is not eligible for getting processed by all BeanPostProcessors (for example: not eligible for auto-proxying)
[2019-03-23 18:55:46 ] [org.springframework.context.support.PostProcessorRegistrationDelegate$BeanPostProcessorChecker] [main] [330] [INFO ] Bean 'org.springframework.security.access.expression.method.DefaultMethodSecurityExpressionHandler@21fdfefc' of type [org.springframework.security.access.expression.method.DefaultMethodSecurityExpressionHandler] is not eligible for getting processed by all BeanPostProcessors (for example: not eligible for auto-proxying)
[2019-03-23 18:55:46 ] [org.springframework.context.support.PostProcessorRegistrationDelegate$BeanPostProcessorChecker] [main] [330] [INFO ] Bean 'org.springframework.security.config.annotation.method.configuration.GlobalMethodSecurityConfiguration' of type [org.springframework.security.config.annotation.method.configuration.GlobalMethodSecurityConfiguration$$EnhancerBySpringCGLIB$$b7c4829] is not eligible for getting processed by all BeanPostProcessors (for example: not eligible for auto-proxying)
[2019-03-23 18:55:46 ] [org.springframework.context.support.PostProcessorRegistrationDelegate$BeanPostProcessorChecker] [main] [330] [INFO ] Bean 'methodSecurityMetadataSource' of type [org.springframework.security.access.method.DelegatingMethodSecurityMetadataSource] is not eligible for getting processed by all BeanPostProcessors (for example: not eligible for auto-proxying)
[2019-03-23 18:55:46 ] [org.springframework.context.support.PostProcessorRegistrationDelegate$BeanPostProcessorChecker] [main] [330] [INFO ] Bean 'org.springframework.hateoas.config.HateoasConfiguration' of type [org.springframework.hateoas.config.HateoasConfiguration$$EnhancerBySpringCGLIB$$cd7a2a6f] is not eligible for getting processed by all BeanPostProcessors (for example: not eligible for auto-proxying)
[2019-03-23 18:55:46 ] [org.springframework.boot.web.embedded.tomcat.TomcatWebServer] [main] [90] [INFO ] Tomcat initialized with port(s): 8080 (http)
[2019-03-23 18:55:46 ] [org.apache.juli.logging.DirectJDKLog] [main] [173] [INFO ] Initializing ProtocolHandler ["http-nio-8080"]
[2019-03-23 18:55:47 ] [org.apache.juli.logging.DirectJDKLog] [main] [173] [INFO ] Starting service [Tomcat]
[2019-03-23 18:55:47 ] [org.apache.juli.logging.DirectJDKLog] [main] [173] [INFO ] Starting Servlet Engine: Apache Tomcat/9.0.12
[2019-03-23 18:55:47 ] [org.apache.juli.logging.DirectJDKLog] [main] [173] [INFO ] The APR based Apache Tomcat Native library which allows optimal performance in production environments was not found on the java.library.path: [/usr/java/packages/lib/amd64:/usr/lib64:/lib64:/lib:/usr/lib]
[2019-03-23 18:55:47 ] [org.apache.juli.logging.DirectJDKLog] [main] [173] [INFO ] At least one JAR was scanned for TLDs yet contained no TLDs. Enable debug logging for this logger for a complete list of JARs that were scanned but no TLDs were found in them. Skipping unneeded JARs during scanning can improve startup time and JSP compilation time.
[2019-03-23 18:55:47 ] [org.apache.juli.logging.DirectJDKLog] [main] [173] [INFO ] Initializing Spring embedded WebApplicationContext
[2019-03-23 18:55:47 ] [org.springframework.boot.web.servlet.context.ServletWebServerApplicationContext] [main] [285] [INFO ] Root WebApplicationContext: initialization completed in 4028 ms
[2019-03-23 18:55:47 ] [org.springframework.boot.web.servlet.AbstractFilterRegistrationBean] [main] [248] [INFO ] Mapping filter: 'characterEncodingFilter' to: [/*]
[2019-03-23 18:55:47 ] [org.springframework.boot.web.servlet.AbstractFilterRegistrationBean] [main] [248] [INFO ] Mapping filter: 'hiddenHttpMethodFilter' to: [/*]
[2019-03-23 18:55:47 ] [org.springframework.boot.web.servlet.AbstractFilterRegistrationBean] [main] [248] [INFO ] Mapping filter: 'formContentFilter' to: [/*]
[2019-03-23 18:55:47 ] [org.springframework.boot.web.servlet.AbstractFilterRegistrationBean] [main] [248] [INFO ] Mapping filter: 'requestContextFilter' to: [/*]
[2019-03-23 18:55:47 ] [org.springframework.boot.web.servlet.AbstractFilterRegistrationBean] [main] [248] [INFO ] Mapping filter: 'springSecurityFilterChain' to: [/*]
[2019-03-23 18:55:47 ] [org.springframework.boot.web.servlet.ServletRegistrationBean] [main] [186] [INFO ] Servlet dispatcherServlet mapped to [/]
[2019-03-23 18:55:47 ] [com.zaxxer.hikari.HikariDataSource] [main] [110] [INFO ] HikariPool-1 - Starting...
[2019-03-23 18:55:49 ] [com.zaxxer.hikari.HikariDataSource] [main] [123] [INFO ] HikariPool-1 - Start completed.
[2019-03-23 18:55:49 ] [org.hibernate.jpa.internal.util.LogHelper] [main] [31] [INFO ] HHH000204: Processing PersistenceUnitInfo [
	name: default
	...]
[2019-03-23 18:55:49 ] [org.hibernate.Version] [main] [46] [INFO ] HHH000412: Hibernate Core {5.3.7.Final}
[2019-03-23 18:55:49 ] [org.hibernate.cfg.Environment] [main] [213] [INFO ] HHH000206: hibernate.properties not found
[2019-03-23 18:55:50 ] [org.hibernate.annotations.common.reflection.java.JavaReflectionManager] [main] [49] [INFO ] HCANN000001: Hibernate Commons Annotations {5.0.4.Final}
[2019-03-23 18:55:50 ] [org.hibernate.dialect.Dialect] [main] [157] [INFO ] HHH000400: Using dialect: org.hibernate.dialect.MySQL5Dialect
[2019-03-23 18:55:51 ] [org.springframework.orm.jpa.AbstractEntityManagerFactoryBean] [main] [415] [INFO ] Initialized JPA EntityManagerFactory for persistence unit 'default'
[2019-03-23 18:55:52 ] [org.hibernate.hql.internal.QueryTranslatorFactoryInitiator] [main] [47] [INFO ] HHH000397: Using ASTQueryTranslatorFactory
[2019-03-23 18:55:53 ] [org.springframework.security.web.DefaultSecurityFilterChain] [main] [43] [INFO ] Creating filter chain: Ant [pattern='/resources/**'], []
[2019-03-23 18:55:53 ] [org.springframework.security.web.DefaultSecurityFilterChain] [main] [43] [INFO ] Creating filter chain: Ant [pattern='/statics/**'], []
[2019-03-23 18:55:53 ] [org.springframework.security.web.DefaultSecurityFilterChain] [main] [43] [INFO ] Creating filter chain: Ant [pattern='/css/**'], []
[2019-03-23 18:55:53 ] [org.springframework.security.web.DefaultSecurityFilterChain] [main] [43] [INFO ] Creating filter chain: Ant [pattern='/js/**'], []
[2019-03-23 18:55:53 ] [org.springframework.security.web.DefaultSecurityFilterChain] [main] [43] [INFO ] Creating filter chain: Ant [pattern='/images/**'], []
[2019-03-23 18:55:53 ] [org.springframework.security.web.DefaultSecurityFilterChain] [main] [43] [INFO ] Creating filter chain: Ant [pattern='/incl/**'], []
[2019-03-23 18:55:54 ] [org.springframework.security.web.DefaultSecurityFilterChain] [main] [43] [INFO ] Creating filter chain: any request, [org.springframework.security.web.context.request.async.WebAsyncManagerIntegrationFilter@9bf63d2, org.springframework.security.web.context.SecurityContextPersistenceFilter@23ec2bdc, org.springframework.security.web.header.HeaderWriterFilter@2ffa91dc, org.springframework.security.web.authentication.logout.LogoutFilter@37d3aa8c, org.springframework.security.web.authentication.UsernamePasswordAuthenticationFilter@204b0f07, org.springframework.security.web.savedrequest.RequestCacheAwareFilter@3d132bb6, org.springframework.security.web.servletapi.SecurityContextHolderAwareRequestFilter@6591f8ea, org.springframework.security.web.authentication.AnonymousAuthenticationFilter@7ffcb232, org.springframework.security.web.session.SessionManagementFilter@448086ab, org.springframework.security.web.access.ExceptionTranslationFilter@5a1a20ae, org.springframework.security.web.access.intercept.FilterSecurityInterceptor@9f2376f]
[2019-03-23 18:55:54 ] [org.springframework.scheduling.concurrent.ExecutorConfigurationSupport] [main] [171] [INFO ] Initializing ExecutorService 'applicationTaskExecutor'
[2019-03-23 18:55:54 ] [org.springframework.boot.autoconfigure.orm.jpa.JpaBaseConfiguration$JpaWebConfiguration$JpaWebMvcConfiguration] [main] [234] [WARN ] spring.jpa.open-in-view is enabled by default. Therefore, database queries may be performed during view rendering. Explicitly configure spring.jpa.open-in-view to disable this warning
[2019-03-23 18:55:55 ] [org.springframework.boot.autoconfigure.web.servlet.WelcomePageHandlerMapping] [main] [61] [INFO ] Adding welcome page template: index
[2019-03-23 18:55:56 ] [org.springframework.boot.autoconfigure.security.servlet.UserDetailsServiceAutoConfiguration] [main] [86] [INFO ] 

Using generated security password: 169d5739-c1ea-4598-958b-f4080d379575

[2019-03-23 18:55:56 ] [org.apache.juli.logging.DirectJDKLog] [main] [173] [INFO ] Starting ProtocolHandler ["http-nio-8080"]
[2019-03-23 18:55:56 ] [org.apache.juli.logging.DirectJDKLog] [main] [173] [INFO ] Using a shared selector for servlet write/read
[2019-03-23 18:55:56 ] [org.springframework.boot.web.embedded.tomcat.TomcatWebServer] [main] [204] [INFO ] Tomcat started on port(s): 8080 (http) with context path ''
[2019-03-23 18:55:56 ] [org.springframework.boot.StartupInfoLogger] [main] [59] [INFO ] Started ApkaApplication in 14.16 seconds (JVM running for 18.62)
[2019-03-23 18:56:11 ] [org.apache.juli.logging.DirectJDKLog] [http-nio-8080-exec-1] [173] [INFO ] Initializing Spring DispatcherServlet 'dispatcherServlet'
[2019-03-23 18:56:11 ] [org.springframework.web.servlet.FrameworkServlet] [http-nio-8080-exec-1] [521] [INFO ] Initializing Servlet 'dispatcherServlet'
[2019-03-23 18:56:11 ] [org.springframework.web.servlet.FrameworkServlet] [http-nio-8080-exec-1] [543] [INFO ] Completed initialization in 48 ms
[2019-03-23 18:56:11 ] [org.springframework.web.servlet.DispatcherServlet] [http-nio-8080-exec-1] [1248] [WARN ] No mapping for GET /resources/css/style.css
[2019-03-23 18:56:11 ] [lukasz.Apka.mainControllerr.MainPageController] [http-nio-8080-exec-2] [18] [INFO ] **** WYWOŁANO > showMainPage()
[2019-03-23 18:56:14 ] [org.springframework.web.servlet.DispatcherServlet] [http-nio-8080-exec-5] [1248] [WARN ] No mapping for GET /resources/css/style.css
[2019-03-23 18:56:14 ] [org.springframework.web.servlet.DispatcherServlet] [http-nio-8080-exec-6] [1248] [WARN ] No mapping for GET /resources/css/style.css
[2019-03-23 18:56:16 ] [org.springframework.web.servlet.DispatcherServlet] [http-nio-8080-exec-9] [1248] [WARN ] No mapping for GET /resources/css/style.css
[2019-03-23 18:56:17 ] [org.springframework.web.servlet.DispatcherServlet] [http-nio-8080-exec-10] [1248] [WARN ] No mapping for GET /resources/css/style.css
[2019-03-23 18:56:19 ] [org.springframework.web.servlet.DispatcherServlet] [http-nio-8080-exec-3] [1248] [WARN ] No mapping for GET /resources/css/style.css
[2019-03-23 18:57:35 ] [org.springframework.web.servlet.DispatcherServlet] [http-nio-8080-exec-8] [1248] [WARN ] No mapping for GET /resources/css/style.css
[2019-03-23 18:59:06 ] [org.springframework.web.servlet.DispatcherServlet] [http-nio-8080-exec-3] [1248] [WARN ] No mapping for GET /resources/css/style.css
[2019-03-23 18:59:06 ] [org.springframework.web.servlet.DispatcherServlet] [http-nio-8080-exec-5] [1248] [WARN ] No mapping for GET /resources/images/stamperror.jpg
[2019-03-23 18:59:11 ] [org.springframework.web.servlet.DispatcherServlet] [http-nio-8080-exec-7] [1248] [WARN ] No mapping for GET /resources/css/style.css
[2019-03-23 18:59:13 ] [lukasz.Apka.admin.AdminPageController] [http-nio-8080-exec-9] [63] [INFO ] **** WYWOLANO > openAdminAllUsersPage(1,{})
[2019-03-23 18:59:13 ] [org.springframework.web.servlet.DispatcherServlet] [http-nio-8080-exec-8] [1248] [WARN ] No mapping for GET /resources/css/style.css
[2019-03-23 18:59:13 ] [org.springframework.web.servlet.DispatcherServlet] [http-nio-8080-exec-10] [1248] [WARN ] No mapping for GET /resources/images/deliconinact.png
[2019-03-23 18:59:13 ] [org.springframework.web.servlet.DispatcherServlet] [http-nio-8080-exec-1] [1248] [WARN ] No mapping for GET /resources/images/delicon.png
[2019-03-23 18:59:16 ] [lukasz.Apka.admin.AdminPageController] [http-nio-8080-exec-2] [63] [INFO ] **** WYWOLANO > openAdminAllUsersPage(2,{})
[2019-03-23 18:59:16 ] [org.springframework.web.servlet.DispatcherServlet] [http-nio-8080-exec-4] [1248] [WARN ] No mapping for GET /resources/css/style.css
[2019-03-23 18:59:16 ] [org.springframework.web.servlet.DispatcherServlet] [http-nio-8080-exec-5] [1248] [WARN ] No mapping for GET /resources/images/delicon.png
[2019-03-23 18:59:18 ] [lukasz.Apka.admin.AdminPageController] [http-nio-8080-exec-3] [63] [INFO ] **** WYWOLANO > openAdminAllUsersPage(1,{})
[2019-03-23 18:59:18 ] [org.springframework.web.servlet.DispatcherServlet] [http-nio-8080-exec-6] [1248] [WARN ] No mapping for GET /resources/css/style.css
[2019-03-23 18:59:18 ] [org.springframework.web.servlet.DispatcherServlet] [http-nio-8080-exec-9] [1248] [WARN ] No mapping for GET /resources/images/delicon.png
[2019-03-23 18:59:18 ] [org.springframework.web.servlet.DispatcherServlet] [http-nio-8080-exec-7] [1248] [WARN ] No mapping for GET /resources/images/deliconinact.png
[2019-03-23 18:59:36 ] [lukasz.Apka.admin.AdminPageController] [http-nio-8080-exec-8] [63] [INFO ] **** WYWOLANO > openAdminAllUsersPage(2,{})
[2019-03-23 18:59:36 ] [org.springframework.web.servlet.DispatcherServlet] [http-nio-8080-exec-10] [1248] [WARN ] No mapping for GET /resources/css/style.css
[2019-03-23 18:59:36 ] [org.springframework.web.servlet.DispatcherServlet] [http-nio-8080-exec-1] [1248] [WARN ] No mapping for GET /resources/images/delicon.png
[2019-03-23 18:59:37 ] [lukasz.Apka.admin.AdminPageController] [http-nio-8080-exec-2] [63] [INFO ] **** WYWOLANO > openAdminAllUsersPage(1,{})
[2019-03-23 18:59:37 ] [org.springframework.web.servlet.DispatcherServlet] [http-nio-8080-exec-5] [1248] [WARN ] No mapping for GET /resources/css/style.css
[2019-03-23 18:59:37 ] [org.springframework.web.servlet.DispatcherServlet] [http-nio-8080-exec-4] [1248] [WARN ] No mapping for GET /resources/images/deliconinact.png
[2019-03-23 18:59:37 ] [org.springframework.web.servlet.DispatcherServlet] [http-nio-8080-exec-3] [1248] [WARN ] No mapping for GET /resources/images/delicon.png
[2019-03-23 18:59:40 ] [org.springframework.web.servlet.DispatcherServlet] [http-nio-8080-exec-6] [1248] [WARN ] No mapping for GET /resources/css/style.css
[2019-03-23 18:59:42 ] [lukasz.Apka.admin.AdminPageController] [http-nio-8080-exec-10] [63] [INFO ] **** WYWOLANO > openAdminAllUsersPage(1,{})
[2019-03-23 18:59:42 ] [org.springframework.web.servlet.DispatcherServlet] [http-nio-8080-exec-7] [1248] [WARN ] No mapping for GET /resources/css/style.css
[2019-03-23 18:59:42 ] [org.springframework.web.servlet.DispatcherServlet] [http-nio-8080-exec-1] [1248] [WARN ] No mapping for GET /resources/images/deliconinact.png
[2019-03-23 18:59:42 ] [org.springframework.web.servlet.DispatcherServlet] [http-nio-8080-exec-8] [1248] [WARN ] No mapping for GET /resources/images/delicon.png
[2019-03-23 18:59:53 ] [org.springframework.web.servlet.DispatcherServlet] [http-nio-8080-exec-4] [1248] [WARN ] No mapping for GET /resources/css/style.css
[2019-03-23 18:59:53 ] [org.springframework.web.servlet.DispatcherServlet] [http-nio-8080-exec-9] [1248] [WARN ] No mapping for GET /resources/images/delicon.png
[2019-03-23 18:59:53 ] [lukasz.Apka.admin.AdminPageController] [http-nio-8080-exec-3] [63] [INFO ] **** WYWOLANO > openAdminAllUsersPage(1,{})
[2019-03-23 18:59:53 ] [org.springframework.web.servlet.DispatcherServlet] [http-nio-8080-exec-5] [1248] [WARN ] No mapping for GET /resources/images/deliconinact.png
[2019-03-23 18:59:53 ] [org.springframework.web.servlet.DispatcherServlet] [http-nio-8080-exec-6] [1248] [WARN ] No mapping for GET /resources/images/delicon.png
[2019-03-23 18:59:53 ] [org.springframework.web.servlet.DispatcherServlet] [http-nio-8080-exec-7] [1248] [WARN ] No mapping for GET /resources/images/deliconinact.png
[2019-03-23 18:59:57 ] [lukasz.Apka.admin.AdminPageController] [http-nio-8080-exec-1] [243] [DEBUG] [WYWOŁANIE >>> AdminPageController.deleteUser > PARAMETR: 62
[2019-03-23 18:59:57 ] [lukasz.Apka.admin.AdminServiceImpl] [http-nio-8080-exec-1] [117] [DEBUG] [WYWOŁANIE >>> AdminServiceImpl.deleteUserById > PARAMETR: 62
[2019-03-23 18:59:57 ] [lukasz.Apka.admin.AdminServiceImpl] [http-nio-8080-exec-1] [118] [DEBUG] [WYWOŁANIE >>> AdminRepository.deleteUserFromUserRole > PARAMETR: 62
[2019-03-23 18:59:58 ] [lukasz.Apka.admin.AdminServiceImpl] [http-nio-8080-exec-1] [120] [DEBUG] [WYWOŁANIE >>> AdminRepository.deleteUserFromUser > PARAMETR: 62
[2019-03-23 18:59:58 ] [lukasz.Apka.admin.AdminPageController] [http-nio-8080-exec-8] [63] [INFO ] **** WYWOLANO > openAdminAllUsersPage(1,{})
[2019-03-23 18:59:58 ] [org.springframework.web.servlet.DispatcherServlet] [http-nio-8080-exec-2] [1248] [WARN ] No mapping for GET /resources/images/deliconinact.png
[2019-03-23 18:59:58 ] [org.springframework.web.servlet.DispatcherServlet] [http-nio-8080-exec-10] [1248] [WARN ] No mapping for GET /resources/css/style.css
[2019-03-23 18:59:58 ] [org.springframework.web.servlet.DispatcherServlet] [http-nio-8080-exec-2] [1248] [WARN ] No mapping for GET /resources/images/delicon.png
[2019-03-23 18:59:58 ] [org.springframework.web.servlet.DispatcherServlet] [http-nio-8080-exec-5] [1248] [WARN ] No mapping for GET /resources/images/deliconinact.png
[2019-03-23 18:59:58 ] [lukasz.Apka.admin.AdminPageController] [http-nio-8080-exec-4] [243] [DEBUG] [WYWOŁANIE >>> AdminPageController.deleteUser > PARAMETR: 65
[2019-03-23 18:59:58 ] [lukasz.Apka.admin.AdminServiceImpl] [http-nio-8080-exec-4] [117] [DEBUG] [WYWOŁANIE >>> AdminServiceImpl.deleteUserById > PARAMETR: 65
[2019-03-23 18:59:58 ] [lukasz.Apka.admin.AdminServiceImpl] [http-nio-8080-exec-4] [118] [DEBUG] [WYWOŁANIE >>> AdminRepository.deleteUserFromUserRole > PARAMETR: 65
[2019-03-23 18:59:58 ] [lukasz.Apka.admin.AdminServiceImpl] [http-nio-8080-exec-4] [120] [DEBUG] [WYWOŁANIE >>> AdminRepository.deleteUserFromUser > PARAMETR: 65
[2019-03-23 18:59:58 ] [lukasz.Apka.admin.AdminPageController] [http-nio-8080-exec-3] [63] [INFO ] **** WYWOLANO > openAdminAllUsersPage(1,{})
[2019-03-23 18:59:58 ] [org.springframework.web.servlet.DispatcherServlet] [http-nio-8080-exec-7] [1248] [WARN ] No mapping for GET /resources/css/style.css
[2019-03-23 18:59:58 ] [org.springframework.web.servlet.DispatcherServlet] [http-nio-8080-exec-6] [1248] [WARN ] No mapping for GET /resources/images/deliconinact.png
[2019-03-23 18:59:58 ] [org.springframework.web.servlet.DispatcherServlet] [http-nio-8080-exec-1] [1248] [WARN ] No mapping for GET /resources/images/delicon.png
[2019-03-23 18:59:59 ] [lukasz.Apka.admin.AdminPageController] [http-nio-8080-exec-8] [243] [DEBUG] [WYWOŁANIE >>> AdminPageController.deleteUser > PARAMETR: 66
[2019-03-23 18:59:59 ] [lukasz.Apka.admin.AdminServiceImpl] [http-nio-8080-exec-8] [117] [DEBUG] [WYWOŁANIE >>> AdminServiceImpl.deleteUserById > PARAMETR: 66
[2019-03-23 18:59:59 ] [lukasz.Apka.admin.AdminServiceImpl] [http-nio-8080-exec-8] [118] [DEBUG] [WYWOŁANIE >>> AdminRepository.deleteUserFromUserRole > PARAMETR: 66
[2019-03-23 18:59:59 ] [lukasz.Apka.admin.AdminServiceImpl] [http-nio-8080-exec-8] [120] [DEBUG] [WYWOŁANIE >>> AdminRepository.deleteUserFromUser > PARAMETR: 66
[2019-03-23 18:59:59 ] [lukasz.Apka.admin.AdminPageController] [http-nio-8080-exec-10] [63] [INFO ] **** WYWOLANO > openAdminAllUsersPage(1,{})
[2019-03-23 18:59:59 ] [org.springframework.web.servlet.DispatcherServlet] [http-nio-8080-exec-9] [1248] [WARN ] No mapping for GET /resources/css/style.css
[2019-03-23 18:59:59 ] [org.springframework.web.servlet.DispatcherServlet] [http-nio-8080-exec-2] [1248] [WARN ] No mapping for GET /resources/images/deliconinact.png
[2019-03-23 18:59:59 ] [org.springframework.web.servlet.DispatcherServlet] [http-nio-8080-exec-5] [1248] [WARN ] No mapping for GET /resources/images/delicon.png
[2019-03-23 18:59:59 ] [org.springframework.web.servlet.DispatcherServlet] [http-nio-8080-exec-3] [1248] [WARN ] No mapping for GET /resources/images/deliconinact.png
[2019-03-23 18:59:59 ] [org.springframework.web.servlet.DispatcherServlet] [http-nio-8080-exec-4] [1248] [WARN ] No mapping for GET /resources/images/delicon.png
[2019-03-23 19:00:02 ] [lukasz.Apka.admin.AdminPageController] [http-nio-8080-exec-7] [243] [DEBUG] [WYWOŁANIE >>> AdminPageController.deleteUser > PARAMETR: 67
[2019-03-23 19:00:02 ] [lukasz.Apka.admin.AdminServiceImpl] [http-nio-8080-exec-7] [117] [DEBUG] [WYWOŁANIE >>> AdminServiceImpl.deleteUserById > PARAMETR: 67
[2019-03-23 19:00:02 ] [lukasz.Apka.admin.AdminServiceImpl] [http-nio-8080-exec-7] [118] [DEBUG] [WYWOŁANIE >>> AdminRepository.deleteUserFromUserRole > PARAMETR: 67
[2019-03-23 19:00:02 ] [lukasz.Apka.admin.AdminServiceImpl] [http-nio-8080-exec-7] [120] [DEBUG] [WYWOŁANIE >>> AdminRepository.deleteUserFromUser > PARAMETR: 67
[2019-03-23 19:00:02 ] [lukasz.Apka.admin.AdminPageController] [http-nio-8080-exec-1] [63] [INFO ] **** WYWOLANO > openAdminAllUsersPage(1,{})
[2019-03-23 19:00:02 ] [org.springframework.web.servlet.DispatcherServlet] [http-nio-8080-exec-6] [1248] [WARN ] No mapping for GET /resources/css/style.css
[2019-03-23 19:00:02 ] [org.springframework.web.servlet.DispatcherServlet] [http-nio-8080-exec-8] [1248] [WARN ] No mapping for GET /resources/images/deliconinact.png
[2019-03-23 19:00:02 ] [org.springframework.web.servlet.DispatcherServlet] [http-nio-8080-exec-10] [1248] [WARN ] No mapping for GET /resources/images/delicon.png
[2019-03-23 19:00:02 ] [org.springframework.web.servlet.DispatcherServlet] [http-nio-8080-exec-9] [1248] [WARN ] No mapping for GET /resources/images/deliconinact.png
[2019-03-23 19:00:03 ] [lukasz.Apka.admin.AdminPageController] [http-nio-8080-exec-2] [243] [DEBUG] [WYWOŁANIE >>> AdminPageController.deleteUser > PARAMETR: 68
[2019-03-23 19:00:03 ] [lukasz.Apka.admin.AdminServiceImpl] [http-nio-8080-exec-2] [117] [DEBUG] [WYWOŁANIE >>> AdminServiceImpl.deleteUserById > PARAMETR: 68
[2019-03-23 19:00:03 ] [lukasz.Apka.admin.AdminServiceImpl] [http-nio-8080-exec-2] [118] [DEBUG] [WYWOŁANIE >>> AdminRepository.deleteUserFromUserRole > PARAMETR: 68
[2019-03-23 19:00:03 ] [lukasz.Apka.admin.AdminServiceImpl] [http-nio-8080-exec-2] [120] [DEBUG] [WYWOŁANIE >>> AdminRepository.deleteUserFromUser > PARAMETR: 68
[2019-03-23 19:00:03 ] [lukasz.Apka.admin.AdminPageController] [http-nio-8080-exec-5] [63] [INFO ] **** WYWOLANO > openAdminAllUsersPage(1,{})
[2019-03-23 19:00:03 ] [org.springframework.web.servlet.DispatcherServlet] [http-nio-8080-exec-3] [1248] [WARN ] No mapping for GET /resources/css/style.css
[2019-03-23 19:00:03 ] [org.springframework.web.servlet.DispatcherServlet] [http-nio-8080-exec-4] [1248] [WARN ] No mapping for GET /resources/images/deliconinact.png
[2019-03-23 19:00:03 ] [org.springframework.web.servlet.DispatcherServlet] [http-nio-8080-exec-7] [1248] [WARN ] No mapping for GET /resources/images/delicon.png
[2019-03-23 19:00:03 ] [org.springframework.web.servlet.DispatcherServlet] [http-nio-8080-exec-1] [1248] [WARN ] No mapping for GET /resources/images/deliconinact.png
[2019-03-23 19:00:04 ] [lukasz.Apka.admin.AdminPageController] [http-nio-8080-exec-8] [243] [DEBUG] [WYWOŁANIE >>> AdminPageController.deleteUser > PARAMETR: 69
[2019-03-23 19:00:04 ] [lukasz.Apka.admin.AdminServiceImpl] [http-nio-8080-exec-8] [117] [DEBUG] [WYWOŁANIE >>> AdminServiceImpl.deleteUserById > PARAMETR: 69
[2019-03-23 19:00:04 ] [lukasz.Apka.admin.AdminServiceImpl] [http-nio-8080-exec-8] [118] [DEBUG] [WYWOŁANIE >>> AdminRepository.deleteUserFromUserRole > PARAMETR: 69
[2019-03-23 19:00:04 ] [lukasz.Apka.admin.AdminServiceImpl] [http-nio-8080-exec-8] [120] [DEBUG] [WYWOŁANIE >>> AdminRepository.deleteUserFromUser > PARAMETR: 69
[2019-03-23 19:00:04 ] [lukasz.Apka.admin.AdminPageController] [http-nio-8080-exec-6] [63] [INFO ] **** WYWOLANO > openAdminAllUsersPage(1,{})
[2019-03-23 19:00:04 ] [org.springframework.web.servlet.DispatcherServlet] [http-nio-8080-exec-10] [1248] [WARN ] No mapping for GET /resources/css/style.css
[2019-03-23 19:00:04 ] [org.springframework.web.servlet.DispatcherServlet] [http-nio-8080-exec-9] [1248] [WARN ] No mapping for GET /resources/images/deliconinact.png
[2019-03-23 19:00:04 ] [org.springframework.web.servlet.DispatcherServlet] [http-nio-8080-exec-2] [1248] [WARN ] No mapping for GET /resources/images/delicon.png
[2019-03-23 19:00:04 ] [org.springframework.web.servlet.DispatcherServlet] [http-nio-8080-exec-10] [1248] [WARN ] No mapping for GET /resources/images/deliconinact.png
[2019-03-23 19:00:10 ] [lukasz.Apka.admin.AdminPageController] [http-nio-8080-exec-5] [243] [DEBUG] [WYWOŁANIE >>> AdminPageController.deleteUser > PARAMETR: 70
[2019-03-23 19:00:10 ] [lukasz.Apka.admin.AdminServiceImpl] [http-nio-8080-exec-5] [117] [DEBUG] [WYWOŁANIE >>> AdminServiceImpl.deleteUserById > PARAMETR: 70
[2019-03-23 19:00:10 ] [lukasz.Apka.admin.AdminServiceImpl] [http-nio-8080-exec-5] [118] [DEBUG] [WYWOŁANIE >>> AdminRepository.deleteUserFromUserRole > PARAMETR: 70
[2019-03-23 19:00:10 ] [lukasz.Apka.admin.AdminServiceImpl] [http-nio-8080-exec-5] [120] [DEBUG] [WYWOŁANIE >>> AdminRepository.deleteUserFromUser > PARAMETR: 70
[2019-03-23 19:00:10 ] [lukasz.Apka.admin.AdminPageController] [http-nio-8080-exec-3] [63] [INFO ] **** WYWOLANO > openAdminAllUsersPage(1,{})
[2019-03-23 19:00:10 ] [org.springframework.web.servlet.DispatcherServlet] [http-nio-8080-exec-7] [1248] [WARN ] No mapping for GET /resources/images/deliconinact.png
[2019-03-23 19:00:10 ] [org.springframework.web.servlet.DispatcherServlet] [http-nio-8080-exec-1] [1248] [WARN ] No mapping for GET /resources/images/delicon.png
[2019-03-23 19:00:10 ] [org.springframework.web.servlet.DispatcherServlet] [http-nio-8080-exec-4] [1248] [WARN ] No mapping for GET /resources/css/style.css
[2019-03-23 19:00:10 ] [org.springframework.web.servlet.DispatcherServlet] [http-nio-8080-exec-8] [1248] [WARN ] No mapping for GET /resources/images/deliconinact.png
[2019-03-23 19:00:10 ] [org.springframework.web.servlet.DispatcherServlet] [http-nio-8080-exec-6] [1248] [WARN ] No mapping for GET /resources/images/delicon.png
[2019-03-23 19:00:52 ] [lukasz.Apka.admin.AdminPageController] [http-nio-8080-exec-2] [63] [INFO ] **** WYWOLANO > openAdminAllUsersPage(1,{})
[2019-03-23 19:00:52 ] [org.springframework.web.servlet.DispatcherServlet] [http-nio-8080-exec-3] [1248] [WARN ] No mapping for GET /resources/css/style.css
[2019-03-23 19:00:52 ] [org.springframework.web.servlet.DispatcherServlet] [http-nio-8080-exec-5] [1248] [WARN ] No mapping for GET /resources/images/delicon.png
[2019-03-23 19:00:52 ] [org.springframework.web.servlet.DispatcherServlet] [http-nio-8080-exec-10] [1248] [WARN ] No mapping for GET /resources/images/deliconinact.png
[2019-03-23 19:01:00 ] [lukasz.Apka.admin.AdminPageController] [http-nio-8080-exec-7] [63] [INFO ] **** WYWOLANO > openAdminAllUsersPage(2,{})
[2019-03-23 19:01:00 ] [org.springframework.web.servlet.DispatcherServlet] [http-nio-8080-exec-1] [1248] [WARN ] No mapping for GET /resources/css/style.css
[2019-03-23 19:01:00 ] [org.springframework.web.servlet.DispatcherServlet] [http-nio-8080-exec-4] [1248] [WARN ] No mapping for GET /resources/images/delicon.png
[2019-03-23 19:01:00 ] [org.springframework.web.servlet.DispatcherServlet] [http-nio-8080-exec-8] [1248] [WARN ] No mapping for GET /resources/images/delicon.png
[2019-03-23 19:01:25 ] [lukasz.Apka.mainControllerr.MainPageController] [http-nio-8080-exec-9] [18] [INFO ] **** WYWOŁANO > showMainPage()
[2019-03-23 19:01:25 ] [org.springframework.web.servlet.DispatcherServlet] [http-nio-8080-exec-5] [1248] [WARN ] No mapping for GET /resources/css/style.css
[2019-03-23 19:01:26 ] [org.springframework.web.servlet.DispatcherServlet] [http-nio-8080-exec-2] [1248] [WARN ] No mapping for GET /resources/css/style.css
[2019-03-23 19:01:28 ] [org.springframework.web.servlet.DispatcherServlet] [http-nio-8080-exec-1] [1248] [WARN ] No mapping for GET /resources/css/style.css
[2019-03-23 19:01:28 ] [org.springframework.web.servlet.DispatcherServlet] [http-nio-8080-exec-6] [1248] [WARN ] No mapping for GET /resources/css/style.css
[2019-03-23 19:02:31 ] [org.springframework.web.servlet.DispatcherServlet] [http-nio-8080-exec-7] [1248] [WARN ] No mapping for GET /resources/css/style.css
[2019-03-23 19:02:38 ] [org.springframework.web.servlet.DispatcherServlet] [http-nio-8080-exec-8] [1248] [WARN ] No mapping for GET /resources/css/style.css
[2019-03-23 19:03:00 ] [org.springframework.web.servlet.DispatcherServlet] [http-nio-8080-exec-3] [1248] [WARN ] No mapping for GET /resources/css/style.css
[2019-03-23 19:03:00 ] [org.springframework.web.servlet.DispatcherServlet] [http-nio-8080-exec-10] [1248] [WARN ] No mapping for GET /resources/images/stamperror.jpg
[2019-03-23 19:03:03 ] [org.springframework.web.servlet.DispatcherServlet] [http-nio-8080-exec-7] [1248] [WARN ] No mapping for GET /resources/css/style.css
[2019-03-23 19:03:04 ] [lukasz.Apka.admin.AdminPageController] [http-nio-8080-exec-4] [63] [INFO ] **** WYWOLANO > openAdminAllUsersPage(1,{})
[2019-03-23 19:03:04 ] [org.springframework.web.servlet.DispatcherServlet] [http-nio-8080-exec-1] [1248] [WARN ] No mapping for GET /resources/css/style.css
[2019-03-23 19:03:04 ] [org.springframework.web.servlet.DispatcherServlet] [http-nio-8080-exec-6] [1248] [WARN ] No mapping for GET /resources/images/delicon.png
[2019-03-23 19:03:04 ] [org.springframework.web.servlet.DispatcherServlet] [http-nio-8080-exec-8] [1248] [WARN ] No mapping for GET /resources/images/deliconinact.png
[2019-03-23 19:03:04 ] [org.springframework.web.servlet.DispatcherServlet] [http-nio-8080-exec-9] [1248] [WARN ] No mapping for GET /resources/images/deliconinact.png
[2019-03-23 19:03:04 ] [org.springframework.web.servlet.DispatcherServlet] [http-nio-8080-exec-5] [1248] [WARN ] No mapping for GET /resources/images/delicon.png
[2019-03-23 19:03:13 ] [lukasz.Apka.admin.AdminPageController] [http-nio-8080-exec-10] [171] [INFO ] **** WYWOLANO > openAdminAllUsersPage(Jan,1,{})
[2019-03-23 19:03:13 ] [org.springframework.web.servlet.DispatcherServlet] [http-nio-8080-exec-3] [1248] [WARN ] No mapping for GET /resources/css/style.css
[2019-03-23 19:03:22 ] [org.springframework.web.servlet.DispatcherServlet] [http-nio-8080-exec-7] [1248] [WARN ] No mapping for GET /resources/css/style.css
[2019-03-23 19:03:22 ] [lukasz.Apka.admin.AdminPageController] [http-nio-8080-exec-2] [63] [INFO ] **** WYWOLANO > openAdminAllUsersPage(2,{})
[2019-03-23 19:03:22 ] [org.springframework.web.servlet.DispatcherServlet] [http-nio-8080-exec-1] [1248] [WARN ] No mapping for GET /resources/images/delicon.png
[2019-03-23 19:03:22 ] [org.springframework.web.servlet.DispatcherServlet] [http-nio-8080-exec-6] [1248] [WARN ] No mapping for GET /resources/images/delicon.png
[2019-03-23 19:03:23 ] [lukasz.Apka.admin.AdminPageController] [http-nio-8080-exec-8] [63] [INFO ] **** WYWOLANO > openAdminAllUsersPage(3,{})
[2019-03-23 19:03:23 ] [org.springframework.web.servlet.DispatcherServlet] [http-nio-8080-exec-4] [1248] [WARN ] No mapping for GET /resources/css/style.css
[2019-03-23 19:03:23 ] [org.springframework.web.servlet.DispatcherServlet] [http-nio-8080-exec-9] [1248] [WARN ] No mapping for GET /resources/images/delicon.png
[2019-03-23 19:03:23 ] [org.springframework.web.servlet.DispatcherServlet] [http-nio-8080-exec-5] [1248] [WARN ] No mapping for GET /resources/images/delicon.png
[2019-03-23 19:03:24 ] [lukasz.Apka.admin.AdminPageController] [http-nio-8080-exec-10] [63] [INFO ] **** WYWOLANO > openAdminAllUsersPage(4,{})
[2019-03-23 19:03:24 ] [org.springframework.web.servlet.DispatcherServlet] [http-nio-8080-exec-3] [1248] [WARN ] No mapping for GET /resources/css/style.css
[2019-03-23 19:03:24 ] [org.springframework.web.servlet.DispatcherServlet] [http-nio-8080-exec-7] [1248] [WARN ] No mapping for GET /resources/images/delicon.png
[2019-03-23 19:03:24 ] [lukasz.Apka.admin.AdminPageController] [http-nio-8080-exec-1] [63] [INFO ] **** WYWOLANO > openAdminAllUsersPage(5,{})
[2019-03-23 19:03:24 ] [org.springframework.web.servlet.DispatcherServlet] [http-nio-8080-exec-2] [1248] [WARN ] No mapping for GET /resources/css/style.css
[2019-03-23 19:03:24 ] [org.springframework.web.servlet.DispatcherServlet] [http-nio-8080-exec-6] [1248] [WARN ] No mapping for GET /resources/images/delicon.png
[2019-03-23 19:03:24 ] [lukasz.Apka.admin.AdminPageController] [http-nio-8080-exec-4] [63] [INFO ] **** WYWOLANO > openAdminAllUsersPage(6,{})
[2019-03-23 19:03:24 ] [org.springframework.web.servlet.DispatcherServlet] [http-nio-8080-exec-9] [1248] [WARN ] No mapping for GET /resources/css/style.css
[2019-03-23 19:03:24 ] [org.springframework.web.servlet.DispatcherServlet] [http-nio-8080-exec-5] [1248] [WARN ] No mapping for GET /resources/images/delicon.png
[2019-03-23 19:03:24 ] [lukasz.Apka.admin.AdminPageController] [http-nio-8080-exec-10] [63] [INFO ] **** WYWOLANO > openAdminAllUsersPage(7,{})
[2019-03-23 19:03:24 ] [org.springframework.web.servlet.DispatcherServlet] [http-nio-8080-exec-3] [1248] [WARN ] No mapping for GET /resources/css/style.css
[2019-03-23 19:03:24 ] [org.springframework.web.servlet.DispatcherServlet] [http-nio-8080-exec-7] [1248] [WARN ] No mapping for GET /resources/images/delicon.png
[2019-03-23 19:03:24 ] [org.springframework.web.servlet.DispatcherServlet] [http-nio-8080-exec-1] [1248] [WARN ] No mapping for GET /resources/images/delicon.png
[2019-03-23 19:03:24 ] [lukasz.Apka.admin.AdminPageController] [http-nio-8080-exec-2] [63] [INFO ] **** WYWOLANO > openAdminAllUsersPage(8,{})
[2019-03-23 19:03:24 ] [org.springframework.web.servlet.DispatcherServlet] [http-nio-8080-exec-8] [1248] [WARN ] No mapping for GET /resources/css/style.css
[2019-03-23 19:03:24 ] [org.springframework.web.servlet.DispatcherServlet] [http-nio-8080-exec-8] [1248] [WARN ] No mapping for GET /resources/images/delicon.png
[2019-03-23 19:03:25 ] [lukasz.Apka.admin.AdminPageController] [http-nio-8080-exec-6] [63] [INFO ] **** WYWOLANO > openAdminAllUsersPage(9,{})
[2019-03-23 19:03:25 ] [org.springframework.web.servlet.DispatcherServlet] [http-nio-8080-exec-4] [1248] [WARN ] No mapping for GET /resources/css/style.css
[2019-03-23 19:03:25 ] [org.springframework.web.servlet.DispatcherServlet] [http-nio-8080-exec-9] [1248] [WARN ] No mapping for GET /resources/images/delicon.png
[2019-03-23 19:03:25 ] [lukasz.Apka.admin.AdminPageController] [http-nio-8080-exec-5] [63] [INFO ] **** WYWOLANO > openAdminAllUsersPage(10,{})
[2019-03-23 19:03:25 ] [org.springframework.web.servlet.DispatcherServlet] [http-nio-8080-exec-10] [1248] [WARN ] No mapping for GET /resources/css/style.css
[2019-03-23 19:03:25 ] [org.springframework.web.servlet.DispatcherServlet] [http-nio-8080-exec-3] [1248] [WARN ] No mapping for GET /resources/images/delicon.png
[2019-03-23 19:03:25 ] [lukasz.Apka.admin.AdminPageController] [http-nio-8080-exec-7] [63] [INFO ] **** WYWOLANO > openAdminAllUsersPage(11,{})
[2019-03-23 19:03:25 ] [org.springframework.web.servlet.DispatcherServlet] [http-nio-8080-exec-1] [1248] [WARN ] No mapping for GET /resources/css/style.css
[2019-03-23 19:03:25 ] [org.springframework.web.servlet.DispatcherServlet] [http-nio-8080-exec-2] [1248] [WARN ] No mapping for GET /resources/images/delicon.png
[2019-03-23 19:03:25 ] [lukasz.Apka.admin.AdminPageController] [http-nio-8080-exec-8] [63] [INFO ] **** WYWOLANO > openAdminAllUsersPage(12,{})
[2019-03-23 19:03:25 ] [org.springframework.web.servlet.DispatcherServlet] [http-nio-8080-exec-6] [1248] [WARN ] No mapping for GET /resources/css/style.css
[2019-03-23 19:03:25 ] [org.springframework.web.servlet.DispatcherServlet] [http-nio-8080-exec-4] [1248] [WARN ] No mapping for GET /resources/images/delicon.png
[2019-03-23 19:03:25 ] [org.springframework.web.servlet.DispatcherServlet] [http-nio-8080-exec-9] [1248] [WARN ] No mapping for GET /resources/images/delicon.png
[2019-03-23 19:03:25 ] [lukasz.Apka.admin.AdminPageController] [http-nio-8080-exec-5] [63] [INFO ] **** WYWOLANO > openAdminAllUsersPage(13,{})
[2019-03-23 19:03:25 ] [org.springframework.web.servlet.DispatcherServlet] [http-nio-8080-exec-10] [1248] [WARN ] No mapping for GET /resources/css/style.css
[2019-03-23 19:03:25 ] [org.springframework.web.servlet.DispatcherServlet] [http-nio-8080-exec-3] [1248] [WARN ] No mapping for GET /resources/images/delicon.png
[2019-03-23 19:03:25 ] [org.springframework.web.servlet.DispatcherServlet] [http-nio-8080-exec-7] [1248] [WARN ] No mapping for GET /resources/images/delicon.png
[2019-03-23 19:03:25 ] [lukasz.Apka.admin.AdminPageController] [http-nio-8080-exec-1] [63] [INFO ] **** WYWOLANO > openAdminAllUsersPage(14,{})
[2019-03-23 19:03:26 ] [org.springframework.web.servlet.DispatcherServlet] [http-nio-8080-exec-2] [1248] [WARN ] No mapping for GET /resources/css/style.css
[2019-03-23 19:03:26 ] [org.springframework.web.servlet.DispatcherServlet] [http-nio-8080-exec-8] [1248] [WARN ] No mapping for GET /resources/images/delicon.png
[2019-03-23 19:03:26 ] [org.springframework.web.servlet.DispatcherServlet] [http-nio-8080-exec-4] [1248] [WARN ] No mapping for GET /resources/images/delicon.png
[2019-03-23 19:03:26 ] [lukasz.Apka.admin.AdminPageController] [http-nio-8080-exec-6] [63] [INFO ] **** WYWOLANO > openAdminAllUsersPage(15,{})
[2019-03-23 19:03:26 ] [org.springframework.web.servlet.DispatcherServlet] [http-nio-8080-exec-9] [1248] [WARN ] No mapping for GET /resources/css/style.css
[2019-03-23 19:03:26 ] [org.springframework.web.servlet.DispatcherServlet] [http-nio-8080-exec-5] [1248] [WARN ] No mapping for GET /resources/images/delicon.png
[2019-03-23 19:03:29 ] [lukasz.Apka.admin.AdminPageController] [http-nio-8080-exec-10] [63] [INFO ] **** WYWOLANO > openAdminAllUsersPage(14,{})
[2019-03-23 19:03:29 ] [org.springframework.web.servlet.DispatcherServlet] [http-nio-8080-exec-3] [1248] [WARN ] No mapping for GET /resources/css/style.css
[2019-03-23 19:03:29 ] [org.springframework.web.servlet.DispatcherServlet] [http-nio-8080-exec-7] [1248] [WARN ] No mapping for GET /resources/images/delicon.png
[2019-03-23 19:03:29 ] [org.springframework.web.servlet.DispatcherServlet] [http-nio-8080-exec-1] [1248] [WARN ] No mapping for GET /resources/images/delicon.png
[2019-03-23 19:03:31 ] [lukasz.Apka.admin.AdminPageController] [http-nio-8080-exec-2] [63] [INFO ] **** WYWOLANO > openAdminAllUsersPage(13,{})
[2019-03-23 19:03:31 ] [org.springframework.web.servlet.DispatcherServlet] [http-nio-8080-exec-8] [1248] [WARN ] No mapping for GET /resources/css/style.css
[2019-03-23 19:03:31 ] [org.springframework.web.servlet.DispatcherServlet] [http-nio-8080-exec-4] [1248] [WARN ] No mapping for GET /resources/images/delicon.png
[2019-03-23 19:03:31 ] [lukasz.Apka.admin.AdminPageController] [http-nio-8080-exec-6] [63] [INFO ] **** WYWOLANO > openAdminAllUsersPage(12,{})
[2019-03-23 19:03:31 ] [org.springframework.web.servlet.DispatcherServlet] [http-nio-8080-exec-9] [1248] [WARN ] No mapping for GET /resources/css/style.css
[2019-03-23 19:03:31 ] [org.springframework.web.servlet.DispatcherServlet] [http-nio-8080-exec-5] [1248] [WARN ] No mapping for GET /resources/images/delicon.png
[2019-03-23 19:03:31 ] [org.springframework.web.servlet.DispatcherServlet] [http-nio-8080-exec-10] [1248] [WARN ] No mapping for GET /resources/images/delicon.png
[2019-03-23 19:03:31 ] [lukasz.Apka.admin.AdminPageController] [http-nio-8080-exec-7] [63] [INFO ] **** WYWOLANO > openAdminAllUsersPage(11,{})
[2019-03-23 19:03:31 ] [org.springframework.web.servlet.DispatcherServlet] [http-nio-8080-exec-3] [1248] [WARN ] No mapping for GET /resources/css/style.css
[2019-03-23 19:03:31 ] [org.springframework.web.servlet.DispatcherServlet] [http-nio-8080-exec-1] [1248] [WARN ] No mapping for GET /resources/images/delicon.png
[2019-03-23 19:03:31 ] [lukasz.Apka.admin.AdminPageController] [http-nio-8080-exec-2] [63] [INFO ] **** WYWOLANO > openAdminAllUsersPage(10,{})
[2019-03-23 19:03:31 ] [org.springframework.web.servlet.DispatcherServlet] [http-nio-8080-exec-8] [1248] [WARN ] No mapping for GET /resources/css/style.css
[2019-03-23 19:03:31 ] [org.springframework.web.servlet.DispatcherServlet] [http-nio-8080-exec-4] [1248] [WARN ] No mapping for GET /resources/images/delicon.png
[2019-03-23 19:03:31 ] [lukasz.Apka.admin.AdminPageController] [http-nio-8080-exec-6] [63] [INFO ] **** WYWOLANO > openAdminAllUsersPage(9,{})
[2019-03-23 19:03:31 ] [org.springframework.web.servlet.DispatcherServlet] [http-nio-8080-exec-5] [1248] [WARN ] No mapping for GET /resources/css/style.css
[2019-03-23 19:03:31 ] [org.springframework.web.servlet.DispatcherServlet] [http-nio-8080-exec-9] [1248] [WARN ] No mapping for GET /resources/images/delicon.png
[2019-03-23 19:03:31 ] [org.springframework.web.servlet.DispatcherServlet] [http-nio-8080-exec-10] [1248] [WARN ] No mapping for GET /resources/images/delicon.png
[2019-03-23 19:03:32 ] [lukasz.Apka.admin.AdminPageController] [http-nio-8080-exec-7] [63] [INFO ] **** WYWOLANO > openAdminAllUsersPage(8,{})
[2019-03-23 19:03:32 ] [org.springframework.web.servlet.DispatcherServlet] [http-nio-8080-exec-3] [1248] [WARN ] No mapping for GET /resources/css/style.css
[2019-03-23 19:03:32 ] [org.springframework.web.servlet.DispatcherServlet] [http-nio-8080-exec-1] [1248] [WARN ] No mapping for GET /resources/images/delicon.png
[2019-03-23 19:03:32 ] [lukasz.Apka.admin.AdminPageController] [http-nio-8080-exec-2] [63] [INFO ] **** WYWOLANO > openAdminAllUsersPage(7,{})
[2019-03-23 19:03:32 ] [org.springframework.web.servlet.DispatcherServlet] [http-nio-8080-exec-8] [1248] [WARN ] No mapping for GET /resources/css/style.css
[2019-03-23 19:03:32 ] [org.springframework.web.servlet.DispatcherServlet] [http-nio-8080-exec-4] [1248] [WARN ] No mapping for GET /resources/images/delicon.png
[2019-03-23 19:03:32 ] [lukasz.Apka.admin.AdminPageController] [http-nio-8080-exec-6] [63] [INFO ] **** WYWOLANO > openAdminAllUsersPage(6,{})
[2019-03-23 19:03:32 ] [org.springframework.web.servlet.DispatcherServlet] [http-nio-8080-exec-5] [1248] [WARN ] No mapping for GET /resources/css/style.css
[2019-03-23 19:03:32 ] [org.springframework.web.servlet.DispatcherServlet] [http-nio-8080-exec-9] [1248] [WARN ] No mapping for GET /resources/images/delicon.png
[2019-03-23 19:03:32 ] [lukasz.Apka.admin.AdminPageController] [http-nio-8080-exec-10] [63] [INFO ] **** WYWOLANO > openAdminAllUsersPage(5,{})
[2019-03-23 19:03:33 ] [org.springframework.web.servlet.DispatcherServlet] [http-nio-8080-exec-7] [1248] [WARN ] No mapping for GET /resources/css/style.css
[2019-03-23 19:03:33 ] [org.springframework.web.servlet.DispatcherServlet] [http-nio-8080-exec-3] [1248] [WARN ] No mapping for GET /resources/images/delicon.png
[2019-03-23 19:03:33 ] [lukasz.Apka.admin.AdminPageController] [http-nio-8080-exec-1] [63] [INFO ] **** WYWOLANO > openAdminAllUsersPage(4,{})
[2019-03-23 19:03:33 ] [org.springframework.web.servlet.DispatcherServlet] [http-nio-8080-exec-2] [1248] [WARN ] No mapping for GET /resources/css/style.css
[2019-03-23 19:03:33 ] [org.springframework.web.servlet.DispatcherServlet] [http-nio-8080-exec-8] [1248] [WARN ] No mapping for GET /resources/images/delicon.png
[2019-03-23 19:03:33 ] [org.springframework.web.servlet.DispatcherServlet] [http-nio-8080-exec-4] [1248] [WARN ] No mapping for GET /resources/images/delicon.png
[2019-03-23 19:03:33 ] [lukasz.Apka.admin.AdminPageController] [http-nio-8080-exec-6] [63] [INFO ] **** WYWOLANO > openAdminAllUsersPage(3,{})
[2019-03-23 19:03:33 ] [org.springframework.web.servlet.DispatcherServlet] [http-nio-8080-exec-9] [1248] [WARN ] No mapping for GET /resources/css/style.css
[2019-03-23 19:03:33 ] [org.springframework.web.servlet.DispatcherServlet] [http-nio-8080-exec-5] [1248] [WARN ] No mapping for GET /resources/images/delicon.png
[2019-03-23 19:03:33 ] [lukasz.Apka.admin.AdminPageController] [http-nio-8080-exec-10] [63] [INFO ] **** WYWOLANO > openAdminAllUsersPage(2,{})
[2019-03-23 19:03:33 ] [org.springframework.web.servlet.DispatcherServlet] [http-nio-8080-exec-7] [1248] [WARN ] No mapping for GET /resources/css/style.css
[2019-03-23 19:03:33 ] [org.springframework.web.servlet.DispatcherServlet] [http-nio-8080-exec-3] [1248] [WARN ] No mapping for GET /resources/images/delicon.png
[2019-03-23 19:03:33 ] [lukasz.Apka.admin.AdminPageController] [http-nio-8080-exec-1] [63] [INFO ] **** WYWOLANO > openAdminAllUsersPage(1,{})
[2019-03-23 19:03:33 ] [org.springframework.web.servlet.DispatcherServlet] [http-nio-8080-exec-2] [1248] [WARN ] No mapping for GET /resources/images/deliconinact.png
[2019-03-23 19:03:33 ] [org.springframework.web.servlet.DispatcherServlet] [http-nio-8080-exec-8] [1248] [WARN ] No mapping for GET /resources/css/style.css
[2019-03-23 19:03:33 ] [org.springframework.web.servlet.DispatcherServlet] [http-nio-8080-exec-4] [1248] [WARN ] No mapping for GET /resources/images/delicon.png
[2019-03-23 19:03:33 ] [org.springframework.web.servlet.DispatcherServlet] [http-nio-8080-exec-6] [1248] [WARN ] No mapping for GET /resources/images/deliconinact.png
[2019-03-23 19:03:33 ] [org.springframework.web.servlet.DispatcherServlet] [http-nio-8080-exec-9] [1248] [WARN ] No mapping for GET /resources/images/delicon.png
[2019-03-23 19:03:40 ] [org.springframework.web.servlet.DispatcherServlet] [http-nio-8080-exec-7] [1248] [WARN ] No mapping for GET /resources/css/style.css
[2019-03-23 19:03:44 ] [org.springframework.web.servlet.DispatcherServlet] [http-nio-8080-exec-10] [1248] [WARN ] No mapping for GET /resources/css/style.css
[2019-03-23 19:03:47 ] [lukasz.Apka.mainControllerr.MainPageController] [http-nio-8080-exec-8] [18] [INFO ] **** WYWOŁANO > showMainPage()
[2019-03-23 19:03:47 ] [org.springframework.web.servlet.DispatcherServlet] [http-nio-8080-exec-2] [1248] [WARN ] No mapping for GET /resources/css/style.css
[2019-03-23 19:03:49 ] [lukasz.Apka.mainControllerr.MainPageController] [http-nio-8080-exec-6] [18] [INFO ] **** WYWOŁANO > showMainPage()
[2019-03-23 19:03:49 ] [org.springframework.web.servlet.DispatcherServlet] [http-nio-8080-exec-9] [1248] [WARN ] No mapping for GET /resources/css/style.css
[2019-03-23 19:03:50 ] [org.springframework.web.servlet.DispatcherServlet] [http-nio-8080-exec-3] [1248] [WARN ] No mapping for GET /resources/css/style.css
[2019-03-23 19:03:55 ] [org.springframework.web.servlet.DispatcherServlet] [http-nio-8080-exec-2] [1248] [WARN ] No mapping for GET /resources/css/style.css
[2019-03-23 19:04:29 ] [org.springframework.web.servlet.DispatcherServlet] [http-nio-8080-exec-9] [1248] [WARN ] No mapping for GET /resources/css/style.css
[2019-03-23 19:04:46 ] [org.springframework.web.servlet.DispatcherServlet] [http-nio-8080-exec-10] [1248] [WARN ] No mapping for GET /resources/css/style.css
[2019-03-23 19:04:55 ] [org.springframework.web.servlet.DispatcherServlet] [http-nio-8080-exec-1] [1248] [WARN ] No mapping for GET /resources/css/style.css
[2019-03-23 19:05:19 ] [org.springframework.web.servlet.DispatcherServlet] [http-nio-8080-exec-3] [1248] [WARN ] No mapping for GET /resources/css/style.css
[2019-03-23 19:05:36 ] [org.springframework.web.servlet.DispatcherServlet] [http-nio-8080-exec-6] [1248] [WARN ] No mapping for GET /resources/css/style.css
[2019-03-23 19:05:36 ] [org.springframework.web.servlet.DispatcherServlet] [http-nio-8080-exec-4] [1248] [WARN ] No mapping for GET /resources/images/stamperror.jpg
[2019-03-23 19:05:38 ] [org.springframework.web.servlet.DispatcherServlet] [http-nio-8080-exec-9] [1248] [WARN ] No mapping for GET /resources/css/style.css
[2019-03-23 19:05:39 ] [lukasz.Apka.admin.AdminPageController] [http-nio-8080-exec-5] [63] [INFO ] **** WYWOLANO > openAdminAllUsersPage(1,{})
[2019-03-23 19:05:39 ] [org.springframework.web.servlet.DispatcherServlet] [http-nio-8080-exec-3] [1248] [WARN ] No mapping for GET /resources/images/deliconinact.png
[2019-03-23 19:05:39 ] [org.springframework.web.servlet.DispatcherServlet] [http-nio-8080-exec-7] [1248] [WARN ] No mapping for GET /resources/css/style.css
[2019-03-23 19:05:39 ] [org.springframework.web.servlet.DispatcherServlet] [http-nio-8080-exec-10] [1248] [WARN ] No mapping for GET /resources/images/delicon.png
[2019-03-23 19:05:42 ] [org.springframework.web.servlet.DispatcherServlet] [http-nio-8080-exec-2] [1248] [WARN ] No mapping for GET /resources/css/style.css
[2019-03-23 19:05:42 ] [lukasz.Apka.admin.AdminPageController] [http-nio-8080-exec-8] [63] [INFO ] **** WYWOLANO > openAdminAllUsersPage(2,{})
[2019-03-23 19:05:42 ] [org.springframework.web.servlet.DispatcherServlet] [http-nio-8080-exec-6] [1248] [WARN ] No mapping for GET /resources/images/delicon.png
[2019-03-23 19:05:43 ] [lukasz.Apka.admin.AdminPageController] [http-nio-8080-exec-4] [63] [INFO ] **** WYWOLANO > openAdminAllUsersPage(3,{})
[2019-03-23 19:05:43 ] [org.springframework.web.servlet.DispatcherServlet] [http-nio-8080-exec-1] [1248] [WARN ] No mapping for GET /resources/css/style.css
[2019-03-23 19:05:43 ] [org.springframework.web.servlet.DispatcherServlet] [http-nio-8080-exec-9] [1248] [WARN ] No mapping for GET /resources/images/delicon.png
[2019-03-23 19:05:43 ] [lukasz.Apka.admin.AdminPageController] [http-nio-8080-exec-7] [63] [INFO ] **** WYWOLANO > openAdminAllUsersPage(4,{})
[2019-03-23 19:05:43 ] [org.springframework.web.servlet.DispatcherServlet] [http-nio-8080-exec-10] [1248] [WARN ] No mapping for GET /resources/css/style.css
[2019-03-23 19:05:43 ] [org.springframework.web.servlet.DispatcherServlet] [http-nio-8080-exec-3] [1248] [WARN ] No mapping for GET /resources/images/delicon.png
[2019-03-23 19:05:43 ] [org.springframework.web.servlet.DispatcherServlet] [http-nio-8080-exec-5] [1248] [WARN ] No mapping for GET /resources/images/delicon.png
[2019-03-23 19:05:43 ] [lukasz.Apka.admin.AdminPageController] [http-nio-8080-exec-6] [63] [INFO ] **** WYWOLANO > openAdminAllUsersPage(5,{})
[2019-03-23 19:05:43 ] [org.springframework.web.servlet.DispatcherServlet] [http-nio-8080-exec-2] [1248] [WARN ] No mapping for GET /resources/css/style.css
[2019-03-23 19:05:43 ] [org.springframework.web.servlet.DispatcherServlet] [http-nio-8080-exec-8] [1248] [WARN ] No mapping for GET /resources/images/delicon.png
[2019-03-23 19:05:43 ] [lukasz.Apka.admin.AdminPageController] [http-nio-8080-exec-4] [63] [INFO ] **** WYWOLANO > openAdminAllUsersPage(6,{})
[2019-03-23 19:05:43 ] [org.springframework.web.servlet.DispatcherServlet] [http-nio-8080-exec-1] [1248] [WARN ] No mapping for GET /resources/css/style.css
[2019-03-23 19:05:43 ] [org.springframework.web.servlet.DispatcherServlet] [http-nio-8080-exec-9] [1248] [WARN ] No mapping for GET /resources/images/delicon.png
[2019-03-23 19:05:43 ] [org.springframework.web.servlet.DispatcherServlet] [http-nio-8080-exec-7] [1248] [WARN ] No mapping for GET /resources/images/delicon.png
[2019-03-23 19:05:44 ] [lukasz.Apka.admin.AdminPageController] [http-nio-8080-exec-10] [63] [INFO ] **** WYWOLANO > openAdminAllUsersPage(7,{})
[2019-03-23 19:05:44 ] [org.springframework.web.servlet.DispatcherServlet] [http-nio-8080-exec-3] [1248] [WARN ] No mapping for GET /resources/images/delicon.png
[2019-03-23 19:05:44 ] [org.springframework.web.servlet.DispatcherServlet] [http-nio-8080-exec-10] [1248] [WARN ] No mapping for GET /resources/css/style.css
[2019-03-23 19:05:44 ] [org.springframework.web.servlet.DispatcherServlet] [http-nio-8080-exec-5] [1248] [WARN ] No mapping for GET /resources/images/delicon.png
[2019-03-23 19:05:44 ] [lukasz.Apka.admin.AdminPageController] [http-nio-8080-exec-6] [63] [INFO ] **** WYWOLANO > openAdminAllUsersPage(8,{})
[2019-03-23 19:05:44 ] [org.springframework.web.servlet.DispatcherServlet] [http-nio-8080-exec-2] [1248] [WARN ] No mapping for GET /resources/css/style.css
[2019-03-23 19:05:44 ] [org.springframework.web.servlet.DispatcherServlet] [http-nio-8080-exec-8] [1248] [WARN ] No mapping for GET /resources/images/delicon.png
[2019-03-23 19:05:44 ] [lukasz.Apka.admin.AdminPageController] [http-nio-8080-exec-1] [63] [INFO ] **** WYWOLANO > openAdminAllUsersPage(9,{})
[2019-03-23 19:05:44 ] [org.springframework.web.servlet.DispatcherServlet] [http-nio-8080-exec-9] [1248] [WARN ] No mapping for GET /resources/images/delicon.png
[2019-03-23 19:05:44 ] [org.springframework.web.servlet.DispatcherServlet] [http-nio-8080-exec-7] [1248] [WARN ] No mapping for GET /resources/css/style.css
[2019-03-23 19:05:44 ] [org.springframework.web.servlet.DispatcherServlet] [http-nio-8080-exec-3] [1248] [WARN ] No mapping for GET /resources/images/delicon.png
[2019-03-23 19:05:44 ] [lukasz.Apka.admin.AdminPageController] [http-nio-8080-exec-10] [63] [INFO ] **** WYWOLANO > openAdminAllUsersPage(10,{})
[2019-03-23 19:05:44 ] [org.springframework.web.servlet.DispatcherServlet] [http-nio-8080-exec-5] [1248] [WARN ] No mapping for GET /resources/css/style.css
[2019-03-23 19:05:44 ] [org.springframework.web.servlet.DispatcherServlet] [http-nio-8080-exec-6] [1248] [WARN ] No mapping for GET /resources/images/delicon.png
[2019-03-23 19:05:44 ] [lukasz.Apka.admin.AdminPageController] [http-nio-8080-exec-2] [63] [INFO ] **** WYWOLANO > openAdminAllUsersPage(11,{})
[2019-03-23 19:05:44 ] [org.springframework.web.servlet.DispatcherServlet] [http-nio-8080-exec-4] [1248] [WARN ] No mapping for GET /resources/images/delicon.png
[2019-03-23 19:05:44 ] [org.springframework.web.servlet.DispatcherServlet] [http-nio-8080-exec-8] [1248] [WARN ] No mapping for GET /resources/css/style.css
[2019-03-23 19:05:44 ] [org.springframework.web.servlet.DispatcherServlet] [http-nio-8080-exec-1] [1248] [WARN ] No mapping for GET /resources/images/delicon.png
[2019-03-23 19:05:45 ] [lukasz.Apka.admin.AdminPageController] [http-nio-8080-exec-9] [63] [INFO ] **** WYWOLANO > openAdminAllUsersPage(12,{})
[2019-03-23 19:05:45 ] [org.springframework.web.servlet.DispatcherServlet] [http-nio-8080-exec-7] [1248] [WARN ] No mapping for GET /resources/css/style.css
[2019-03-23 19:05:45 ] [org.springframework.web.servlet.DispatcherServlet] [http-nio-8080-exec-3] [1248] [WARN ] No mapping for GET /resources/images/delicon.png
[2019-03-23 19:05:45 ] [lukasz.Apka.admin.AdminPageController] [http-nio-8080-exec-10] [63] [INFO ] **** WYWOLANO > openAdminAllUsersPage(13,{})
[2019-03-23 19:05:45 ] [org.springframework.web.servlet.DispatcherServlet] [http-nio-8080-exec-5] [1248] [WARN ] No mapping for GET /resources/css/style.css
[2019-03-23 19:05:45 ] [org.springframework.web.servlet.DispatcherServlet] [http-nio-8080-exec-5] [1248] [WARN ] No mapping for GET /resources/images/delicon.png
[2019-03-23 19:05:45 ] [lukasz.Apka.admin.AdminPageController] [http-nio-8080-exec-2] [63] [INFO ] **** WYWOLANO > openAdminAllUsersPage(14,{})
[2019-03-23 19:05:45 ] [org.springframework.web.servlet.DispatcherServlet] [http-nio-8080-exec-4] [1248] [WARN ] No mapping for GET /resources/css/style.css
[2019-03-23 19:05:45 ] [org.springframework.web.servlet.DispatcherServlet] [http-nio-8080-exec-8] [1248] [WARN ] No mapping for GET /resources/images/delicon.png
[2019-03-23 19:05:45 ] [org.springframework.web.servlet.DispatcherServlet] [http-nio-8080-exec-1] [1248] [WARN ] No mapping for GET /resources/images/delicon.png
[2019-03-23 19:05:45 ] [lukasz.Apka.admin.AdminPageController] [http-nio-8080-exec-9] [63] [INFO ] **** WYWOLANO > openAdminAllUsersPage(15,{})
[2019-03-23 19:05:45 ] [org.springframework.web.servlet.DispatcherServlet] [http-nio-8080-exec-7] [1248] [WARN ] No mapping for GET /resources/css/style.css
[2019-03-23 19:05:45 ] [org.springframework.web.servlet.DispatcherServlet] [http-nio-8080-exec-3] [1248] [WARN ] No mapping for GET /resources/images/delicon.png
[2019-03-23 19:05:58 ] [org.springframework.web.servlet.mvc.method.annotation.ExtendedServletRequestDataBinder] [http-nio-8080-exec-5] [70] [WARN ] Skipping URI variable 'id' because request contains bind value with same name.
[2019-03-23 19:05:58 ] [lukasz.Apka.admin.AdminPageController] [http-nio-8080-exec-2] [63] [INFO ] **** WYWOLANO > openAdminAllUsersPage(1,{})
[2019-03-23 19:05:58 ] [org.springframework.web.servlet.DispatcherServlet] [http-nio-8080-exec-8] [1248] [WARN ] No mapping for GET /resources/images/delicon.png
[2019-03-23 19:05:58 ] [org.springframework.web.servlet.DispatcherServlet] [http-nio-8080-exec-4] [1248] [WARN ] No mapping for GET /resources/css/style.css
[2019-03-23 19:05:58 ] [org.springframework.web.servlet.DispatcherServlet] [http-nio-8080-exec-1] [1248] [WARN ] No mapping for GET /resources/images/deliconinact.png
[2019-03-23 19:05:58 ] [org.springframework.web.servlet.DispatcherServlet] [http-nio-8080-exec-9] [1248] [WARN ] No mapping for GET /resources/images/deliconinact.png
[2019-03-23 19:05:58 ] [org.springframework.web.servlet.DispatcherServlet] [http-nio-8080-exec-7] [1248] [WARN ] No mapping for GET /resources/images/delicon.png
[2019-03-23 19:06:03 ] [lukasz.Apka.admin.AdminPageController] [http-nio-8080-exec-3] [63] [INFO ] **** WYWOLANO > openAdminAllUsersPage(2,{})
[2019-03-23 19:06:03 ] [org.springframework.web.servlet.DispatcherServlet] [http-nio-8080-exec-10] [1248] [WARN ] No mapping for GET /resources/css/style.css
[2019-03-23 19:06:03 ] [org.springframework.web.servlet.DispatcherServlet] [http-nio-8080-exec-6] [1248] [WARN ] No mapping for GET /resources/images/delicon.png
[2019-03-23 19:06:03 ] [lukasz.Apka.admin.AdminPageController] [http-nio-8080-exec-5] [63] [INFO ] **** WYWOLANO > openAdminAllUsersPage(3,{})
[2019-03-23 19:06:03 ] [org.springframework.web.servlet.DispatcherServlet] [http-nio-8080-exec-4] [1248] [WARN ] No mapping for GET /resources/css/style.css
[2019-03-23 19:06:03 ] [org.springframework.web.servlet.DispatcherServlet] [http-nio-8080-exec-2] [1248] [WARN ] No mapping for GET /resources/images/delicon.png
[2019-03-23 19:06:03 ] [org.springframework.web.servlet.DispatcherServlet] [http-nio-8080-exec-8] [1248] [WARN ] No mapping for GET /resources/images/delicon.png
[2019-03-23 19:06:03 ] [lukasz.Apka.admin.AdminPageController] [http-nio-8080-exec-1] [63] [INFO ] **** WYWOLANO > openAdminAllUsersPage(4,{})
[2019-03-23 19:06:03 ] [org.springframework.web.servlet.DispatcherServlet] [http-nio-8080-exec-9] [1248] [WARN ] No mapping for GET /resources/images/delicon.png
[2019-03-23 19:06:03 ] [org.springframework.web.servlet.DispatcherServlet] [http-nio-8080-exec-7] [1248] [WARN ] No mapping for GET /resources/css/style.css
[2019-03-23 19:06:03 ] [lukasz.Apka.admin.AdminPageController] [http-nio-8080-exec-10] [63] [INFO ] **** WYWOLANO > openAdminAllUsersPage(5,{})
[2019-03-23 19:06:03 ] [org.springframework.web.servlet.DispatcherServlet] [http-nio-8080-exec-6] [1248] [WARN ] No mapping for GET /resources/css/style.css
[2019-03-23 19:06:03 ] [org.springframework.web.servlet.DispatcherServlet] [http-nio-8080-exec-3] [1248] [WARN ] No mapping for GET /resources/images/delicon.png
[2019-03-23 19:06:03 ] [org.springframework.web.servlet.DispatcherServlet] [http-nio-8080-exec-4] [1248] [WARN ] No mapping for GET /resources/images/delicon.png
[2019-03-23 19:06:03 ] [lukasz.Apka.admin.AdminPageController] [http-nio-8080-exec-2] [63] [INFO ] **** WYWOLANO > openAdminAllUsersPage(6,{})
[2019-03-23 19:06:03 ] [org.springframework.web.servlet.DispatcherServlet] [http-nio-8080-exec-8] [1248] [WARN ] No mapping for GET /resources/images/delicon.png
[2019-03-23 19:06:03 ] [org.springframework.web.servlet.DispatcherServlet] [http-nio-8080-exec-5] [1248] [WARN ] No mapping for GET /resources/css/style.css
[2019-03-23 19:06:03 ] [org.springframework.web.servlet.DispatcherServlet] [http-nio-8080-exec-7] [1248] [WARN ] No mapping for GET /resources/css/style.css
[2019-03-23 19:06:03 ] [lukasz.Apka.admin.AdminPageController] [http-nio-8080-exec-9] [63] [INFO ] **** WYWOLANO > openAdminAllUsersPage(7,{})
[2019-03-23 19:06:03 ] [org.springframework.web.servlet.DispatcherServlet] [http-nio-8080-exec-1] [1248] [WARN ] No mapping for GET /resources/images/delicon.png
[2019-03-23 19:06:03 ] [org.springframework.web.servlet.DispatcherServlet] [http-nio-8080-exec-6] [1248] [WARN ] No mapping for GET /resources/images/delicon.png
[2019-03-23 19:06:04 ] [lukasz.Apka.admin.AdminPageController] [http-nio-8080-exec-3] [63] [INFO ] **** WYWOLANO > openAdminAllUsersPage(8,{})
[2019-03-23 19:06:04 ] [org.springframework.web.servlet.DispatcherServlet] [http-nio-8080-exec-10] [1248] [WARN ] No mapping for GET /resources/css/style.css
[2019-03-23 19:06:04 ] [org.springframework.web.servlet.DispatcherServlet] [http-nio-8080-exec-4] [1248] [WARN ] No mapping for GET /resources/images/delicon.png
[2019-03-23 19:06:04 ] [org.springframework.web.servlet.DispatcherServlet] [http-nio-8080-exec-8] [1248] [WARN ] No mapping for GET /resources/images/delicon.png
[2019-03-23 19:06:04 ] [org.springframework.web.servlet.DispatcherServlet] [http-nio-8080-exec-2] [1248] [WARN ] No mapping for GET /resources/css/style.css
[2019-03-23 19:06:04 ] [lukasz.Apka.admin.AdminPageController] [http-nio-8080-exec-5] [63] [INFO ] **** WYWOLANO > openAdminAllUsersPage(9,{})
[2019-03-23 19:06:04 ] [org.springframework.web.servlet.DispatcherServlet] [http-nio-8080-exec-7] [1248] [WARN ] No mapping for GET /resources/images/delicon.png
[2019-03-23 19:06:04 ] [org.springframework.web.servlet.DispatcherServlet] [http-nio-8080-exec-1] [1248] [WARN ] No mapping for GET /resources/images/delicon.png
[2019-03-23 19:06:04 ] [lukasz.Apka.admin.AdminPageController] [http-nio-8080-exec-9] [63] [INFO ] **** WYWOLANO > openAdminAllUsersPage(10,{})
[2019-03-23 19:06:04 ] [org.springframework.web.servlet.DispatcherServlet] [http-nio-8080-exec-4] [1248] [WARN ] No mapping for GET /resources/images/delicon.png
[2019-03-23 19:06:04 ] [org.springframework.web.servlet.DispatcherServlet] [http-nio-8080-exec-6] [1248] [WARN ] No mapping for GET /resources/css/style.css
[2019-03-23 19:06:04 ] [lukasz.Apka.admin.AdminPageController] [http-nio-8080-exec-10] [63] [INFO ] **** WYWOLANO > openAdminAllUsersPage(11,{})
[2019-03-23 19:06:04 ] [org.springframework.web.servlet.DispatcherServlet] [http-nio-8080-exec-3] [1248] [WARN ] No mapping for GET /resources/images/delicon.png
[2019-03-23 19:06:04 ] [org.springframework.web.servlet.DispatcherServlet] [http-nio-8080-exec-8] [1248] [WARN ] No mapping for GET /resources/css/style.css
[2019-03-23 19:06:04 ] [org.springframework.web.servlet.DispatcherServlet] [http-nio-8080-exec-2] [1248] [WARN ] No mapping for GET /resources/images/delicon.png
[2019-03-23 19:06:04 ] [lukasz.Apka.admin.AdminPageController] [http-nio-8080-exec-7] [63] [INFO ] **** WYWOLANO > openAdminAllUsersPage(12,{})
[2019-03-23 19:06:04 ] [org.springframework.web.servlet.DispatcherServlet] [http-nio-8080-exec-5] [1248] [WARN ] No mapping for GET /resources/css/style.css
[2019-03-23 19:06:04 ] [org.springframework.web.servlet.DispatcherServlet] [http-nio-8080-exec-1] [1248] [WARN ] No mapping for GET /resources/images/delicon.png
[2019-03-23 19:06:04 ] [org.springframework.web.servlet.DispatcherServlet] [http-nio-8080-exec-6] [1248] [WARN ] No mapping for GET /resources/images/delicon.png
[2019-03-23 19:06:04 ] [lukasz.Apka.admin.AdminPageController] [http-nio-8080-exec-4] [63] [INFO ] **** WYWOLANO > openAdminAllUsersPage(13,{})
[2019-03-23 19:06:04 ] [org.springframework.web.servlet.DispatcherServlet] [http-nio-8080-exec-3] [1248] [WARN ] No mapping for GET /resources/css/style.css
[2019-03-23 19:06:04 ] [org.springframework.web.servlet.DispatcherServlet] [http-nio-8080-exec-9] [1248] [WARN ] No mapping for GET /resources/images/delicon.png
[2019-03-23 19:06:04 ] [org.springframework.web.servlet.DispatcherServlet] [http-nio-8080-exec-8] [1248] [WARN ] No mapping for GET /resources/images/delicon.png
[2019-03-23 19:06:05 ] [lukasz.Apka.admin.AdminPageController] [http-nio-8080-exec-10] [63] [INFO ] **** WYWOLANO > openAdminAllUsersPage(14,{})
[2019-03-23 19:06:05 ] [org.springframework.web.servlet.DispatcherServlet] [http-nio-8080-exec-5] [1248] [WARN ] No mapping for GET /resources/images/delicon.png
[2019-03-23 19:06:05 ] [org.springframework.web.servlet.DispatcherServlet] [http-nio-8080-exec-2] [1248] [WARN ] No mapping for GET /resources/css/style.css
[2019-03-23 19:06:05 ] [lukasz.Apka.admin.AdminPageController] [http-nio-8080-exec-1] [63] [INFO ] **** WYWOLANO > openAdminAllUsersPage(15,{})
[2019-03-23 19:06:05 ] [org.springframework.web.servlet.DispatcherServlet] [http-nio-8080-exec-7] [1248] [WARN ] No mapping for GET /resources/css/style.css
[2019-03-23 19:06:05 ] [org.springframework.web.servlet.DispatcherServlet] [http-nio-8080-exec-6] [1248] [WARN ] No mapping for GET /resources/images/delicon.png
[2019-03-23 19:06:05 ] [org.springframework.web.servlet.DispatcherServlet] [http-nio-8080-exec-3] [1248] [WARN ] No mapping for GET /resources/images/deliconinact.png
[2019-03-23 19:06:05 ] [org.springframework.web.servlet.DispatcherServlet] [http-nio-8080-exec-9] [1248] [WARN ] No mapping for GET /resources/images/delicon.png
[2019-03-23 19:07:23 ] [org.springframework.web.servlet.DispatcherServlet] [http-nio-8080-exec-7] [1248] [WARN ] No mapping for GET /resources/css/style.css
[2019-03-23 19:07:23 ] [lukasz.Apka.mainControllerr.MainPageController] [http-nio-8080-exec-6] [18] [INFO ] **** WYWOŁANO > showMainPage()
[2019-03-23 19:07:24 ] [org.springframework.web.servlet.DispatcherServlet] [http-nio-8080-exec-9] [1248] [WARN ] No mapping for GET /resources/css/style.css
[2019-03-23 19:07:42 ] [org.springframework.web.servlet.DispatcherServlet] [http-nio-8080-exec-2] [1248] [WARN ] No mapping for GET /resources/css/style.css
[2019-03-23 19:07:42 ] [org.springframework.web.servlet.DispatcherServlet] [http-nio-8080-exec-10] [1248] [WARN ] No mapping for GET /resources/images/stamperror.jpg
[2019-03-23 19:07:45 ] [org.springframework.web.servlet.DispatcherServlet] [http-nio-8080-exec-6] [1248] [WARN ] No mapping for GET /resources/css/style.css
[2019-03-23 19:07:54 ] [org.springframework.web.servlet.DispatcherServlet] [http-nio-8080-exec-4] [1248] [WARN ] No mapping for GET /resources/css/style.css
[2019-03-23 19:08:05 ] [lukasz.Apka.admin.AdminPageController] [http-nio-8080-exec-3] [63] [INFO ] **** WYWOLANO > openAdminAllUsersPage(1,{})
[2019-03-23 19:08:05 ] [org.springframework.web.servlet.DispatcherServlet] [http-nio-8080-exec-5] [1248] [WARN ] No mapping for GET /resources/images/delicon.png
[2019-03-23 19:08:05 ] [org.springframework.web.servlet.DispatcherServlet] [http-nio-8080-exec-8] [1248] [WARN ] No mapping for GET /resources/css/style.css
[2019-03-23 19:08:05 ] [org.springframework.web.servlet.DispatcherServlet] [http-nio-8080-exec-10] [1248] [WARN ] No mapping for GET /resources/images/deliconinact.png
[2019-03-23 19:08:12 ] [org.springframework.web.servlet.DispatcherServlet] [http-nio-8080-exec-7] [1248] [WARN ] No mapping for GET /resources/css/style.css
[2019-03-23 19:08:12 ] [lukasz.Apka.mainControllerr.MainPageController] [http-nio-8080-exec-6] [18] [INFO ] **** WYWOŁANO > showMainPage()
[2019-03-23 19:11:27 ] [lukasz.Apka.mainControllerr.MainPageController] [http-nio-8080-exec-10] [18] [INFO ] **** WYWOŁANO > showMainPage()
[2019-03-23 19:11:27 ] [org.springframework.web.servlet.DispatcherServlet] [http-nio-8080-exec-2] [1248] [WARN ] No mapping for GET /resources/css/style.css
[2019-03-23 19:44:32 ] [org.springframework.boot.admin.SpringApplicationAdminMXBeanRegistrar$SpringApplicationAdmin] [RMI TCP Connection(2)-127.0.0.1] [164] [INFO ] Application shutdown requested.
[2019-03-23 19:44:32 ] [org.springframework.scheduling.concurrent.ExecutorConfigurationSupport] [RMI TCP Connection(2)-127.0.0.1] [208] [INFO ] Shutting down ExecutorService 'applicationTaskExecutor'
[2019-03-23 19:44:32 ] [org.springframework.orm.jpa.AbstractEntityManagerFactoryBean] [RMI TCP Connection(2)-127.0.0.1] [597] [INFO ] Closing JPA EntityManagerFactory for persistence unit 'default'
[2019-03-23 19:44:32 ] [com.zaxxer.hikari.HikariDataSource] [RMI TCP Connection(2)-127.0.0.1] [350] [INFO ] HikariPool-1 - Shutdown initiated...
[2019-03-23 19:44:32 ] [com.zaxxer.hikari.HikariDataSource] [RMI TCP Connection(2)-127.0.0.1] [352] [INFO ] HikariPool-1 - Shutdown completed.
